<?xml version="1.0" encoding="UTF-8"?>
<coverage generated="1695241179226" clover="3.2.0">
  <project timestamp="1695241179226" name="All files">
    <metrics statements="367" coveredstatements="346" conditionals="430" coveredconditionals="307" methods="99" coveredmethods="90" elements="896" coveredelements="743" complexity="0" loc="367" ncloc="367" packages="8" files="10" classes="10"/>
    <package name="charts">
      <metrics statements="0" coveredstatements="0" conditionals="0" coveredconditionals="0" methods="0" coveredmethods="0"/>
      <file name="index.ts" path="D:\testDev\typescript\videos\Udemy\react-native-c5\src\charts\index.ts">
        <metrics statements="0" coveredstatements="0" conditionals="0" coveredconditionals="0" methods="0" coveredmethods="0"/>
      </file>
    </package>
    <package name="charts.BarChart">
      <metrics statements="36" coveredstatements="33" conditionals="80" coveredconditionals="62" methods="8" coveredmethods="6"/>
      <file name="index.tsx" path="D:\testDev\typescript\videos\Udemy\react-native-c5\src\charts\BarChart\index.tsx">
        <metrics statements="36" coveredstatements="33" conditionals="80" coveredconditionals="62" methods="8" coveredmethods="6"/>
        <line num="20" count="3" type="stmt"/>
        <line num="21" count="3" type="stmt"/>
        <line num="22" count="3" type="stmt"/>
        <line num="24" count="3" type="stmt"/>
        <line num="28" count="0" type="cond" truecount="0" falsecount="2"/>
        <line num="29" count="0" type="stmt"/>
        <line num="39" count="2" type="stmt"/>
        <line num="44" count="2" type="stmt"/>
        <line num="49" count="2" type="stmt"/>
        <line num="50" count="2" type="stmt"/>
        <line num="91" count="2" type="stmt"/>
        <line num="92" count="2" type="stmt"/>
        <line num="93" count="2" type="stmt"/>
        <line num="94" count="2" type="cond" truecount="0" falsecount="1"/>
        <line num="96" count="2" type="stmt"/>
        <line num="97" count="14" type="stmt"/>
        <line num="99" count="14" type="stmt"/>
        <line num="101" count="14" type="stmt"/>
        <line num="103" count="14" type="stmt"/>
        <line num="104" count="14" type="stmt"/>
        <line num="111" count="14" type="cond" truecount="1" falsecount="1"/>
        <line num="115" count="14" type="stmt"/>
        <line num="140" count="0" type="stmt"/>
        <line num="152" count="2" type="stmt"/>
        <line num="153" count="2" type="stmt"/>
        <line num="154" count="2" type="stmt"/>
        <line num="155" count="2" type="stmt"/>
        <line num="156" count="2" type="stmt"/>
        <line num="162" count="2" type="stmt"/>
        <line num="163" count="14" type="stmt"/>
        <line num="165" count="14" type="stmt"/>
        <line num="167" count="14" type="stmt"/>
        <line num="266" count="2" type="stmt"/>
        <line num="268" count="2" type="stmt"/>
        <line num="274" count="2" type="stmt"/>
        <line num="277" count="2" type="stmt"/>
      </file>
    </package>
    <package name="charts.BasicChart">
      <metrics statements="65" coveredstatements="60" conditionals="68" coveredconditionals="15" methods="22" coveredmethods="21"/>
      <file name="index.tsx" path="D:\testDev\typescript\videos\Udemy\react-native-c5\src\charts\BasicChart\index.tsx">
        <metrics statements="65" coveredstatements="60" conditionals="68" coveredconditionals="15" methods="22" coveredmethods="21"/>
        <line num="17" count="3" type="stmt"/>
        <line num="23" count="6" type="stmt"/>
        <line num="34" count="6" type="stmt"/>
        <line num="35" count="52" type="stmt"/>
        <line num="37" count="6" type="stmt"/>
        <line num="38" count="6" type="stmt"/>
        <line num="39" count="6" type="stmt"/>
        <line num="40" count="6" type="cond" truecount="4" falsecount="0"/>
        <line num="41" count="3" type="stmt"/>
        <line num="43" count="6" type="cond" truecount="4" falsecount="0"/>
        <line num="44" count="3" type="stmt"/>
        <line num="46" count="6" type="cond" truecount="2" falsecount="2"/>
        <line num="47" count="0" type="stmt"/>
        <line num="52" count="52" type="stmt"/>
        <line num="53" count="52" type="stmt"/>
        <line num="54" count="52" type="stmt"/>
        <line num="58" count="52" type="stmt"/>
        <line num="59" count="364" type="cond" truecount="2" falsecount="0"/>
        <line num="63" count="52" type="stmt"/>
        <line num="65" count="52" type="stmt"/>
        <line num="67" count="52" type="stmt"/>
        <line num="68" count="52" type="stmt"/>
        <line num="69" count="52" type="stmt"/>
        <line num="73" count="12" type="stmt"/>
        <line num="78" count="12" type="stmt"/>
        <line num="83" count="12" type="stmt"/>
        <line num="84" count="12" type="stmt"/>
        <line num="110" count="12" type="stmt"/>
        <line num="130" count="12" type="stmt"/>
        <line num="170" count="12" type="stmt"/>
        <line num="194" count="10" type="stmt"/>
        <line num="195" count="10" type="stmt"/>
        <line num="196" count="70" type="stmt"/>
        <line num="198" count="70" type="stmt"/>
        <line num="199" count="70" type="stmt"/>
        <line num="218" count="10" type="stmt"/>
        <line num="225" count="10" type="stmt"/>
        <line num="226" count="10" type="stmt"/>
        <line num="227" count="70" type="stmt"/>
        <line num="228" count="70" type="stmt"/>
        <line num="229" count="70" type="stmt"/>
        <line num="251" count="10" type="stmt"/>
        <line num="252" count="10" type="stmt"/>
        <line num="254" count="70" type="stmt"/>
        <line num="257" count="70" type="stmt"/>
        <line num="276" count="10" type="stmt"/>
        <line num="283" count="10" type="stmt"/>
        <line num="284" count="10" type="stmt"/>
        <line num="285" count="10" type="stmt"/>
        <line num="287" count="35" type="stmt"/>
        <line num="290" count="35" type="stmt"/>
        <line num="291" count="35" type="stmt"/>
        <line num="293" count="35" type="stmt"/>
        <line num="319" count="6" type="stmt"/>
        <line num="320" count="6" type="stmt"/>
        <line num="322" count="62" type="stmt"/>
        <line num="325" count="62" type="stmt"/>
        <line num="346" count="4" type="stmt"/>
        <line num="347" count="4" type="stmt"/>
        <line num="348" count="28" type="stmt"/>
        <line num="349" count="28" type="stmt"/>
        <line num="414" count="0" type="stmt"/>
        <line num="416" count="0" type="stmt"/>
        <line num="421" count="0" type="stmt"/>
        <line num="424" count="0" type="stmt"/>
      </file>
    </package>
    <package name="charts.BoxPlot">
      <metrics statements="120" coveredstatements="111" conditionals="137" coveredconditionals="90" methods="33" coveredmethods="30"/>
      <file name="index.tsx" path="D:\testDev\typescript\videos\Udemy\react-native-c5\src\charts\BoxPlot\index.tsx">
        <metrics statements="120" coveredstatements="111" conditionals="137" coveredconditionals="90" methods="33" coveredmethods="30"/>
        <line num="32" count="3" type="stmt"/>
        <line num="40" count="1" type="stmt"/>
        <line num="41" count="1" type="stmt"/>
        <line num="42" count="1" type="stmt"/>
        <line num="43" count="1" type="stmt"/>
        <line num="44" count="1" type="stmt"/>
        <line num="61" count="0" type="cond" truecount="0" falsecount="2"/>
        <line num="62" count="0" type="stmt"/>
        <line num="76" count="0" type="stmt"/>
        <line num="81" count="8" type="stmt"/>
        <line num="82" count="136" type="stmt"/>
        <line num="84" count="8" type="stmt"/>
        <line num="85" count="8" type="stmt"/>
        <line num="86" count="8" type="stmt"/>
        <line num="87" count="8" type="stmt"/>
        <line num="91" count="12" type="stmt"/>
        <line num="92" count="204" type="cond" truecount="2" falsecount="0"/>
        <line num="97" count="12" type="stmt"/>
        <line num="99" count="12" type="stmt"/>
        <line num="100" count="12" type="stmt"/>
        <line num="101" count="12" type="stmt"/>
        <line num="102" count="12" type="stmt"/>
        <line num="103" count="12" type="stmt"/>
        <line num="107" count="2" type="stmt"/>
        <line num="108" count="34" type="stmt"/>
        <line num="110" count="2" type="stmt"/>
        <line num="111" count="2" type="stmt"/>
        <line num="112" count="2" type="stmt"/>
        <line num="113" count="4" type="stmt"/>
        <line num="114" count="4" type="stmt"/>
        <line num="115" count="4" type="stmt"/>
        <line num="134" count="2" type="stmt"/>
        <line num="141" count="2" type="stmt"/>
        <line num="142" count="2" type="stmt"/>
        <line num="143" count="34" type="stmt"/>
        <line num="145" count="2" type="stmt"/>
        <line num="146" count="2" type="stmt"/>
        <line num="147" count="4" type="stmt"/>
        <line num="148" count="4" type="stmt"/>
        <line num="149" count="4" type="stmt"/>
        <line num="173" count="2" type="stmt"/>
        <line num="174" count="2" type="stmt"/>
        <line num="175" count="17" type="cond" truecount="2" falsecount="0"/>
        <line num="177" count="9" type="stmt"/>
        <line num="180" count="9" type="stmt"/>
        <line num="193" count="8" type="stmt"/>
        <line num="203" count="2" type="stmt"/>
        <line num="210" count="2" type="stmt"/>
        <line num="211" count="2" type="stmt"/>
        <line num="212" count="2" type="stmt"/>
        <line num="213" count="17" type="cond" truecount="2" falsecount="0"/>
        <line num="215" count="9" type="stmt"/>
        <line num="218" count="9" type="stmt"/>
        <line num="219" count="9" type="stmt"/>
        <line num="220" count="9" type="stmt"/>
        <line num="239" count="8" type="stmt"/>
        <line num="245" count="64" type="stmt"/>
        <line num="246" count="8" type="stmt"/>
        <line num="247" count="8" type="stmt"/>
        <line num="248" count="8" type="stmt"/>
        <line num="249" count="8" type="stmt"/>
        <line num="250" count="8" type="stmt"/>
        <line num="251" count="8" type="stmt"/>
        <line num="252" count="8" type="stmt"/>
        <line num="253" count="8" type="stmt"/>
        <line num="288" count="4" type="stmt"/>
        <line num="289" count="4" type="stmt"/>
        <line num="290" count="4" type="stmt"/>
        <line num="291" count="4" type="stmt"/>
        <line num="292" count="4" type="stmt"/>
        <line num="294" count="4" type="stmt"/>
        <line num="296" count="4" type="stmt"/>
        <line num="298" count="4" type="stmt"/>
        <line num="299" count="4" type="cond" truecount="1" falsecount="1"/>
        <line num="300" count="0" type="stmt"/>
        <line num="302" count="4" type="cond" truecount="3" falsecount="1"/>
        <line num="303" count="4" type="stmt"/>
        <line num="306" count="4" type="stmt"/>
        <line num="323" count="0" type="stmt"/>
        <line num="405" count="4" type="stmt"/>
        <line num="407" count="4" type="stmt"/>
        <line num="408" count="68" type="cond" truecount="2" falsecount="0"/>
        <line num="409" count="32" type="stmt"/>
        <line num="412" count="4" type="stmt"/>
        <line num="413" count="4" type="stmt"/>
        <line num="461" count="2" type="stmt"/>
        <line num="462" count="2" type="stmt"/>
        <line num="463" count="34" type="stmt"/>
        <line num="465" count="2" type="stmt"/>
        <line num="467" count="2" type="stmt"/>
        <line num="468" count="4" type="stmt"/>
        <line num="469" count="4" type="stmt"/>
        <line num="500" count="2" type="stmt"/>
        <line num="505" count="2" type="stmt"/>
        <line num="510" count="2" type="stmt"/>
        <line num="511" count="2" type="stmt"/>
        <line num="543" count="0" type="stmt"/>
        <line num="548" count="0" type="stmt"/>
        <line num="553" count="0" type="stmt"/>
        <line num="554" count="0" type="stmt"/>
        <line num="580" count="2" type="stmt"/>
        <line num="581" count="34" type="stmt"/>
        <line num="583" count="2" type="stmt"/>
        <line num="584" count="2" type="stmt"/>
        <line num="589" count="2" type="stmt"/>
        <line num="596" count="2" type="stmt"/>
        <line num="597" count="2" type="stmt"/>
        <line num="598" count="4" type="stmt"/>
        <line num="599" count="4" type="stmt"/>
        <line num="600" count="4" type="stmt"/>
        <line num="601" count="68" type="cond" truecount="2" falsecount="0"/>
        <line num="602" count="32" type="stmt"/>
        <line num="606" count="4" type="stmt"/>
        <line num="607" count="4" type="stmt"/>
        <line num="608" count="2" type="stmt"/>
        <line num="609" count="2" type="stmt"/>
        <line num="733" count="2" type="stmt"/>
        <line num="735" count="2" type="stmt"/>
        <line num="741" count="2" type="stmt"/>
        <line num="744" count="2" type="stmt"/>
      </file>
    </package>
    <package name="charts.LineChart">
      <metrics statements="61" coveredstatements="57" conditionals="84" coveredconditionals="82" methods="11" coveredmethods="8"/>
      <file name="index.tsx" path="D:\testDev\typescript\videos\Udemy\react-native-c5\src\charts\LineChart\index.tsx">
        <metrics statements="61" coveredstatements="57" conditionals="84" coveredconditionals="82" methods="11" coveredmethods="8"/>
        <line num="17" count="3" type="stmt"/>
        <line num="21" count="0" type="cond" truecount="0" falsecount="2"/>
        <line num="22" count="0" type="stmt"/>
        <line num="27" count="8" type="stmt"/>
        <line num="52" count="8" type="stmt"/>
        <line num="57" count="8" type="stmt"/>
        <line num="66" count="8" type="stmt"/>
        <line num="68" count="8" type="stmt"/>
        <line num="69" count="56" type="stmt"/>
        <line num="70" count="56" type="stmt"/>
        <line num="71" count="56" type="stmt"/>
        <line num="72" count="56" type="stmt"/>
        <line num="81" count="0" type="stmt"/>
        <line num="102" count="0" type="stmt"/>
        <line num="121" count="16" type="stmt"/>
        <line num="126" count="16" type="stmt"/>
        <line num="127" count="16" type="stmt"/>
        <line num="128" count="16" type="stmt"/>
        <line num="129" count="16" type="stmt"/>
        <line num="130" count="16" type="stmt"/>
        <line num="131" count="16" type="stmt"/>
        <line num="132" count="16" type="stmt"/>
        <line num="133" count="16" type="stmt"/>
        <line num="135" count="16" type="stmt"/>
        <line num="136" count="112" type="stmt"/>
        <line num="138" count="112" type="stmt"/>
        <line num="140" count="112" type="cond" truecount="2" falsecount="0"/>
        <line num="141" count="16" type="stmt"/>
        <line num="142" count="16" type="stmt"/>
        <line num="145" count="112" type="cond" truecount="2" falsecount="0"/>
        <line num="146" count="84" type="cond" truecount="2" falsecount="0"/>
        <line num="147" count="12" type="stmt"/>
        <line num="148" count="12" type="stmt"/>
        <line num="149" count="12" type="stmt"/>
        <line num="150" count="12" type="stmt"/>
        <line num="151" count="12" type="stmt"/>
        <line num="153" count="72" type="stmt"/>
        <line num="154" count="72" type="stmt"/>
        <line num="155" count="72" type="stmt"/>
        <line num="160" count="72" type="stmt"/>
        <line num="161" count="72" type="stmt"/>
        <line num="164" count="28" type="cond" truecount="2" falsecount="0"/>
        <line num="165" count="4" type="stmt"/>
        <line num="166" count="4" type="stmt"/>
        <line num="167" count="4" type="stmt"/>
        <line num="169" count="24" type="stmt"/>
        <line num="173" count="16" type="stmt"/>
        <line num="177" count="8" type="stmt"/>
        <line num="178" count="8" type="stmt"/>
        <line num="189" count="8" type="stmt"/>
        <line num="190" count="8" type="stmt"/>
        <line num="191" count="8" type="stmt"/>
        <line num="192" count="8" type="stmt"/>
        <line num="195" count="8" type="stmt"/>
        <line num="197" count="8" type="stmt"/>
        <line num="199" count="8" type="stmt"/>
        <line num="213" count="8" type="stmt"/>
        <line num="285" count="8" type="stmt"/>
        <line num="287" count="8" type="stmt"/>
        <line num="293" count="8" type="stmt"/>
        <line num="297" count="8" type="stmt"/>
      </file>
    </package>
    <package name="helpers">
      <metrics statements="57" coveredstatements="57" conditionals="41" coveredconditionals="41" methods="23" coveredmethods="23"/>
      <file name="index.ts" path="D:\testDev\typescript\videos\Udemy\react-native-c5\src\helpers\index.ts">
        <metrics statements="57" coveredstatements="57" conditionals="41" coveredconditionals="41" methods="23" coveredmethods="23"/>
        <line num="1" count="2478" type="stmt"/>
        <line num="3" count="4" type="stmt"/>
        <line num="4" count="2" type="stmt"/>
        <line num="5" count="16" type="cond" truecount="2" falsecount="0"/>
        <line num="6" count="1" type="stmt"/>
        <line num="7" count="15" type="cond" truecount="2" falsecount="0"/>
        <line num="8" count="13" type="stmt"/>
        <line num="10" count="2" type="stmt"/>
        <line num="13" count="16" type="stmt"/>
        <line num="15" count="4" type="stmt"/>
        <line num="16" count="16" type="cond" truecount="2" falsecount="0"/>
        <line num="18" count="4" type="stmt"/>
        <line num="19" count="19" type="cond" truecount="2" falsecount="0"/>
        <line num="21" count="4" type="stmt"/>
        <line num="23" count="4" type="stmt"/>
        <line num="24" count="1" type="stmt"/>
        <line num="27" count="4" type="stmt"/>
        <line num="28" count="10" type="stmt"/>
        <line num="29" count="10" type="stmt"/>
        <line num="30" count="10" type="cond" truecount="2" falsecount="0"/>
        <line num="35" count="4" type="stmt"/>
        <line num="36" count="153" type="stmt"/>
        <line num="37" count="153" type="stmt"/>
        <line num="38" count="153" type="cond" truecount="2" falsecount="0"/>
        <line num="39" count="69" type="stmt"/>
        <line num="42" count="84" type="cond" truecount="2" falsecount="0"/>
        <line num="43" count="84" type="cond" truecount="2" falsecount="0"/>
        <line num="44" count="42" type="cond" truecount="4" falsecount="0"/>
        <line num="45" count="8" type="stmt"/>
        <line num="48" count="42" type="cond" truecount="4" falsecount="0"/>
        <line num="49" count="6" type="stmt"/>
        <line num="53" count="70" type="stmt"/>
        <line num="56" count="4" type="stmt"/>
        <line num="57" count="38" type="stmt"/>
        <line num="60" count="4" type="stmt"/>
        <line num="61" count="28" type="stmt"/>
        <line num="62" count="28" type="stmt"/>
        <line num="63" count="28" type="stmt"/>
        <line num="64" count="28" type="stmt"/>
        <line num="65" count="28" type="stmt"/>
        <line num="66" count="223" type="cond" truecount="4" falsecount="0"/>
        <line num="68" count="28" type="stmt"/>
        <line num="71" count="4" type="stmt"/>
        <line num="72" count="10" type="stmt"/>
        <line num="73" count="10" type="stmt"/>
        <line num="74" count="78" type="cond" truecount="4" falsecount="0"/>
        <line num="78" count="4" type="stmt"/>
        <line num="79" count="9" type="stmt"/>
        <line num="80" count="9" type="stmt"/>
        <line num="81" count="73" type="cond" truecount="4" falsecount="0"/>
        <line num="85" count="4" type="stmt"/>
        <line num="86" count="18" type="stmt"/>
        <line num="87" count="18" type="stmt"/>
        <line num="88" count="290" type="cond" truecount="5" falsecount="0"/>
        <line num="89" count="167" type="stmt"/>
        <line num="90" count="167" type="stmt"/>
        <line num="93" count="18" type="stmt"/>
      </file>
    </package>
    <package name="testData">
      <metrics statements="2" coveredstatements="2" conditionals="0" coveredconditionals="0" methods="0" coveredmethods="0"/>
      <file name="data.ts" path="D:\testDev\typescript\videos\Udemy\react-native-c5\src\testData\data.ts">
        <metrics statements="2" coveredstatements="2" conditionals="0" coveredconditionals="0" methods="0" coveredmethods="0"/>
        <line num="1" count="3" type="stmt"/>
        <line num="11" count="3" type="stmt"/>
      </file>
    </package>
    <package name="utils">
      <metrics statements="26" coveredstatements="26" conditionals="20" coveredconditionals="17" methods="2" coveredmethods="2"/>
      <file name="index.ts" path="D:\testDev\typescript\videos\Udemy\react-native-c5\src\utils\index.ts">
        <metrics statements="0" coveredstatements="0" conditionals="0" coveredconditionals="0" methods="0" coveredmethods="0"/>
      </file>
      <file name="newShade.ts" path="D:\testDev\typescript\videos\Udemy\react-native-c5\src\utils\newShade.ts">
        <metrics statements="15" coveredstatements="15" conditionals="16" coveredconditionals="13" methods="1" coveredmethods="1"/>
        <line num="1" count="5" type="stmt"/>
        <line num="2" count="18" type="stmt"/>
        <line num="3" count="18" type="cond" truecount="2" falsecount="0"/>
        <line num="4" count="17" type="stmt"/>
        <line num="5" count="17" type="stmt"/>
        <line num="6" count="17" type="cond" truecount="2" falsecount="0"/>
        <line num="7" count="17" type="cond" truecount="1" falsecount="1"/>
        <line num="8" count="17" type="cond" truecount="2" falsecount="0"/>
        <line num="9" count="17" type="cond" truecount="2" falsecount="0"/>
        <line num="10" count="17" type="cond" truecount="1" falsecount="1"/>
        <line num="11" count="17" type="stmt"/>
        <line num="12" count="17" type="cond" truecount="2" falsecount="0"/>
        <line num="13" count="17" type="cond" truecount="1" falsecount="1"/>
        <line num="14" count="17" type="stmt"/>
        <line num="16" count="1" type="stmt"/>
      </file>
      <file name="quickSort.ts" path="D:\testDev\typescript\videos\Udemy\react-native-c5\src\utils\quickSort.ts">
        <metrics statements="11" coveredstatements="11" conditionals="4" coveredconditionals="4" methods="1" coveredmethods="1"/>
        <line num="1" count="5" type="stmt"/>
        <line num="2" count="77" type="cond" truecount="2" falsecount="0"/>
        <line num="3" count="42" type="stmt"/>
        <line num="6" count="35" type="stmt"/>
        <line num="7" count="35" type="stmt"/>
        <line num="8" count="35" type="stmt"/>
        <line num="10" count="35" type="stmt"/>
        <line num="11" count="134" type="cond" truecount="2" falsecount="0"/>
        <line num="12" count="82" type="stmt"/>
        <line num="14" count="52" type="stmt"/>
        <line num="18" count="35" type="stmt"/>
      </file>
    </package>
  </project>
</coverage>
