{"D:\\testDev\\typescript\\videos\\Udemy\\react-native-c5\\src\\charts\\index.ts": {"path":"D:\\testDev\\typescript\\videos\\Udemy\\react-native-c5\\src\\charts\\index.ts","statementMap":{},"fnMap":{},"branchMap":{},"s":{},"f":{},"b":{},"_coverageSchema":"1a1c01bbd47fc00a2c39e90264f33305004495a9","hash":"469e64bfff061dda653c0c5f1259fd69c078836f"}
,"D:\\testDev\\typescript\\videos\\Udemy\\react-native-c5\\src\\charts\\BarChart\\index.tsx": {"path":"D:\\testDev\\typescript\\videos\\Udemy\\react-native-c5\\src\\charts\\BarChart\\index.tsx","statementMap":{"0":{"start":{"line":20,"column":21},"end":{"line":20,"column":59}},"1":{"start":{"line":21,"column":21},"end":{"line":21,"column":59}},"2":{"start":{"line":22,"column":24},"end":{"line":22,"column":65}},"3":{"start":{"line":24,"column":32},"end":{"line":24,"column":56}},"4":{"start":{"line":28,"column":4},"end":{"line":30,"column":5}},"5":{"start":{"line":29,"column":6},"end":{"line":29,"column":24}},"6":{"start":{"line":39,"column":8},"end":{"line":39,"column":25}},"7":{"start":{"line":44,"column":8},"end":{"line":44,"column":32}},"8":{"start":{"line":49,"column":8},"end":{"line":49,"column":32}},"9":{"start":{"line":50,"column":4},"end":{"line":72,"column":6}},"10":{"start":{"line":91,"column":8},"end":{"line":91,"column":30}},"11":{"start":{"line":92,"column":41},"end":{"line":92,"column":62}},"12":{"start":{"line":93,"column":14},"end":{"line":93,"column":60}},"13":{"start":{"line":94,"column":38},"end":{"line":94,"column":64}},"14":{"start":{"line":96,"column":4},"end":{"line":145,"column":7}},"15":{"start":{"line":97,"column":16},"end":{"line":97,"column":53}},"16":{"start":{"line":99,"column":8},"end":{"line":100,"column":25}},"17":{"start":{"line":101,"column":24},"end":{"line":101,"column":79}},"18":{"start":{"line":103,"column":29},"end":{"line":103,"column":50}},"19":{"start":{"line":104,"column":6},"end":{"line":109,"column":17}},"20":{"start":{"line":111,"column":31},"end":{"line":113,"column":32}},"21":{"start":{"line":115,"column":6},"end":{"line":144,"column":8}},"22":{"start":{"line":141,"column":27},"end":{"line":141,"column":62}},"23":{"start":{"line":153,"column":8},"end":{"line":153,"column":30}},"24":{"start":{"line":154,"column":60},"end":{"line":154,"column":73}},"25":{"start":{"line":155,"column":41},"end":{"line":155,"column":62}},"26":{"start":{"line":156,"column":28},"end":{"line":156,"column":49}},"27":{"start":{"line":157,"column":4},"end":{"line":162,"column":15}},"28":{"start":{"line":163,"column":4},"end":{"line":183,"column":7}},"29":{"start":{"line":164,"column":16},"end":{"line":164,"column":53}},"30":{"start":{"line":166,"column":8},"end":{"line":167,"column":25}},"31":{"start":{"line":168,"column":6},"end":{"line":182,"column":8}},"32":{"start":{"line":267,"column":8},"end":{"line":267,"column":18}},"33":{"start":{"line":269,"column":26},"end":{"line":273,"column":5}},"34":{"start":{"line":275,"column":25},"end":{"line":277,"column":5}},"35":{"start":{"line":278,"column":4},"end":{"line":350,"column":6}}},"fnMap":{"0":{"name":"(anonymous_0)","decl":{"start":{"line":27,"column":2},"end":{"line":27,"column":3}},"loc":{"start":{"line":27,"column":55},"end":{"line":31,"column":3}},"line":27},"1":{"name":"(anonymous_1)","decl":{"start":{"line":33,"column":2},"end":{"line":33,"column":3}},"loc":{"start":{"line":33,"column":58},"end":{"line":73,"column":3}},"line":33},"2":{"name":"(anonymous_2)","decl":{"start":{"line":75,"column":2},"end":{"line":75,"column":3}},"loc":{"start":{"line":86,"column":4},"end":{"line":146,"column":3}},"line":86},"3":{"name":"(anonymous_3)","decl":{"start":{"line":96,"column":31},"end":{"line":96,"column":32}},"loc":{"start":{"line":96,"column":48},"end":{"line":145,"column":5}},"line":96},"4":{"name":"(anonymous_4)","decl":{"start":{"line":141,"column":21},"end":{"line":141,"column":22}},"loc":{"start":{"line":141,"column":27},"end":{"line":141,"column":62}},"line":141},"5":{"name":"(anonymous_5)","decl":{"start":{"line":148,"column":2},"end":{"line":148,"column":3}},"loc":{"start":{"line":148,"column":57},"end":{"line":184,"column":3}},"line":148},"6":{"name":"(anonymous_6)","decl":{"start":{"line":163,"column":31},"end":{"line":163,"column":32}},"loc":{"start":{"line":163,"column":48},"end":{"line":183,"column":5}},"line":163},"7":{"name":"(anonymous_7)","decl":{"start":{"line":186,"column":2},"end":{"line":186,"column":3}},"loc":{"start":{"line":186,"column":11},"end":{"line":351,"column":3}},"line":186}},"branchMap":{"0":{"loc":{"start":{"line":28,"column":4},"end":{"line":30,"column":5}},"type":"if","locations":[{"start":{"line":28,"column":4},"end":{"line":30,"column":5}},{"start":{},"end":{}}],"line":28},"1":{"loc":{"start":{"line":35,"column":6},"end":{"line":35,"column":12}},"type":"default-arg","locations":[{"start":{"line":35,"column":11},"end":{"line":35,"column":12}}],"line":35},"2":{"loc":{"start":{"line":36,"column":6},"end":{"line":36,"column":12}},"type":"default-arg","locations":[{"start":{"line":36,"column":11},"end":{"line":36,"column":12}}],"line":36},"3":{"loc":{"start":{"line":37,"column":6},"end":{"line":37,"column":12}},"type":"default-arg","locations":[{"start":{"line":37,"column":11},"end":{"line":37,"column":12}}],"line":37},"4":{"loc":{"start":{"line":38,"column":6},"end":{"line":38,"column":37}},"type":"default-arg","locations":[{"start":{"line":38,"column":11},"end":{"line":38,"column":37}}],"line":38},"5":{"loc":{"start":{"line":41,"column":14},"end":{"line":41,"column":27}},"type":"default-arg","locations":[{"start":{"line":41,"column":24},"end":{"line":41,"column":27}}],"line":41},"6":{"loc":{"start":{"line":42,"column":17},"end":{"line":42,"column":39}},"type":"default-arg","locations":[{"start":{"line":42,"column":30},"end":{"line":42,"column":39}}],"line":42},"7":{"loc":{"start":{"line":43,"column":19},"end":{"line":43,"column":37}},"type":"default-arg","locations":[{"start":{"line":43,"column":34},"end":{"line":43,"column":37}}],"line":43},"8":{"loc":{"start":{"line":46,"column":14},"end":{"line":46,"column":27}},"type":"default-arg","locations":[{"start":{"line":46,"column":24},"end":{"line":46,"column":27}}],"line":46},"9":{"loc":{"start":{"line":47,"column":17},"end":{"line":47,"column":39}},"type":"default-arg","locations":[{"start":{"line":47,"column":30},"end":{"line":47,"column":39}}],"line":47},"10":{"loc":{"start":{"line":48,"column":19},"end":{"line":48,"column":37}},"type":"default-arg","locations":[{"start":{"line":48,"column":34},"end":{"line":48,"column":37}}],"line":48},"11":{"loc":{"start":{"line":94,"column":12},"end":{"line":94,"column":33}},"type":"default-arg","locations":[{"start":{"line":94,"column":24},"end":{"line":94,"column":33}}],"line":94},"12":{"loc":{"start":{"line":111,"column":31},"end":{"line":113,"column":32}},"type":"cond-expr","locations":[{"start":{"line":112,"column":10},"end":{"line":112,"column":33}},{"start":{"line":113,"column":10},"end":{"line":113,"column":32}}],"line":111},"13":{"loc":{"start":{"line":117,"column":11},"end":{"line":132,"column":18}},"type":"cond-expr","locations":[{"start":{"line":118,"column":12},"end":{"line":131,"column":14}},{"start":{"line":132,"column":14},"end":{"line":132,"column":18}}],"line":117},"14":{"loc":{"start":{"line":137,"column":20},"end":{"line":137,"column":58}},"type":"cond-expr","locations":[{"start":{"line":137,"column":31},"end":{"line":137,"column":45}},{"start":{"line":137,"column":48},"end":{"line":137,"column":58}}],"line":137},"15":{"loc":{"start":{"line":139,"column":18},"end":{"line":139,"column":65}},"type":"cond-expr","locations":[{"start":{"line":139,"column":35},"end":{"line":139,"column":54}},{"start":{"line":139,"column":57},"end":{"line":139,"column":65}}],"line":139},"16":{"loc":{"start":{"line":189,"column":14},"end":{"line":189,"column":35}},"type":"default-arg","locations":[{"start":{"line":189,"column":32},"end":{"line":189,"column":35}}],"line":189},"17":{"loc":{"start":{"line":190,"column":13},"end":{"line":190,"column":47}},"type":"default-arg","locations":[{"start":{"line":190,"column":30},"end":{"line":190,"column":47}}],"line":190},"18":{"loc":{"start":{"line":191,"column":6},"end":{"line":191,"column":37}},"type":"default-arg","locations":[{"start":{"line":191,"column":24},"end":{"line":191,"column":37}}],"line":191},"19":{"loc":{"start":{"line":192,"column":6},"end":{"line":192,"column":40}},"type":"default-arg","locations":[{"start":{"line":192,"column":27},"end":{"line":192,"column":40}}],"line":192},"20":{"loc":{"start":{"line":193,"column":6},"end":{"line":193,"column":33}},"type":"default-arg","locations":[{"start":{"line":193,"column":31},"end":{"line":193,"column":33}}],"line":193},"21":{"loc":{"start":{"line":194,"column":6},"end":{"line":194,"column":26}},"type":"default-arg","locations":[{"start":{"line":194,"column":25},"end":{"line":194,"column":26}}],"line":194},"22":{"loc":{"start":{"line":195,"column":6},"end":{"line":195,"column":24}},"type":"default-arg","locations":[{"start":{"line":195,"column":18},"end":{"line":195,"column":24}}],"line":195},"23":{"loc":{"start":{"line":196,"column":6},"end":{"line":196,"column":34}},"type":"default-arg","locations":[{"start":{"line":196,"column":28},"end":{"line":196,"column":34}}],"line":196},"24":{"loc":{"start":{"line":197,"column":6},"end":{"line":197,"column":38}},"type":"default-arg","locations":[{"start":{"line":197,"column":30},"end":{"line":197,"column":38}}],"line":197},"25":{"loc":{"start":{"line":198,"column":6},"end":{"line":198,"column":25}},"type":"default-arg","locations":[{"start":{"line":198,"column":24},"end":{"line":198,"column":25}}],"line":198},"26":{"loc":{"start":{"line":199,"column":6},"end":{"line":199,"column":29}},"type":"default-arg","locations":[{"start":{"line":199,"column":26},"end":{"line":199,"column":29}}],"line":199},"27":{"loc":{"start":{"line":200,"column":6},"end":{"line":200,"column":32}},"type":"default-arg","locations":[{"start":{"line":200,"column":28},"end":{"line":200,"column":32}}],"line":200},"28":{"loc":{"start":{"line":201,"column":6},"end":{"line":201,"column":33}},"type":"default-arg","locations":[{"start":{"line":201,"column":30},"end":{"line":201,"column":33}}],"line":201},"29":{"loc":{"start":{"line":202,"column":6},"end":{"line":202,"column":30}},"type":"default-arg","locations":[{"start":{"line":202,"column":26},"end":{"line":202,"column":30}}],"line":202},"30":{"loc":{"start":{"line":203,"column":6},"end":{"line":203,"column":31}},"type":"default-arg","locations":[{"start":{"line":203,"column":28},"end":{"line":203,"column":31}}],"line":203},"31":{"loc":{"start":{"line":204,"column":6},"end":{"line":204,"column":27}},"type":"default-arg","locations":[{"start":{"line":204,"column":23},"end":{"line":204,"column":27}}],"line":204},"32":{"loc":{"start":{"line":205,"column":6},"end":{"line":205,"column":19}},"type":"default-arg","locations":[{"start":{"line":205,"column":15},"end":{"line":205,"column":19}}],"line":205},"33":{"loc":{"start":{"line":206,"column":6},"end":{"line":206,"column":17}},"type":"default-arg","locations":[{"start":{"line":206,"column":16},"end":{"line":206,"column":17}}],"line":206},"34":{"loc":{"start":{"line":207,"column":6},"end":{"line":207,"column":17}},"type":"default-arg","locations":[{"start":{"line":207,"column":16},"end":{"line":207,"column":17}}],"line":207},"35":{"loc":{"start":{"line":210,"column":6},"end":{"line":210,"column":25}},"type":"default-arg","locations":[{"start":{"line":210,"column":17},"end":{"line":210,"column":25}}],"line":210},"36":{"loc":{"start":{"line":211,"column":6},"end":{"line":211,"column":20}},"type":"default-arg","locations":[{"start":{"line":211,"column":19},"end":{"line":211,"column":20}}],"line":211},"37":{"loc":{"start":{"line":212,"column":6},"end":{"line":212,"column":19}},"type":"default-arg","locations":[{"start":{"line":212,"column":17},"end":{"line":212,"column":19}}],"line":212},"38":{"loc":{"start":{"line":213,"column":6},"end":{"line":213,"column":21}},"type":"default-arg","locations":[{"start":{"line":213,"column":17},"end":{"line":213,"column":21}}],"line":213},"39":{"loc":{"start":{"line":214,"column":6},"end":{"line":229,"column":7}},"type":"default-arg","locations":[{"start":{"line":214,"column":35},"end":{"line":229,"column":7}}],"line":214},"40":{"loc":{"start":{"line":230,"column":6},"end":{"line":245,"column":7}},"type":"default-arg","locations":[{"start":{"line":230,"column":28},"end":{"line":245,"column":7}}],"line":230},"41":{"loc":{"start":{"line":246,"column":6},"end":{"line":252,"column":7}},"type":"default-arg","locations":[{"start":{"line":246,"column":22},"end":{"line":252,"column":7}}],"line":246},"42":{"loc":{"start":{"line":253,"column":6},"end":{"line":259,"column":7}},"type":"default-arg","locations":[{"start":{"line":253,"column":22},"end":{"line":259,"column":7}}],"line":253},"43":{"loc":{"start":{"line":260,"column":6},"end":{"line":260,"column":25}},"type":"default-arg","locations":[{"start":{"line":260,"column":21},"end":{"line":260,"column":25}}],"line":260},"44":{"loc":{"start":{"line":261,"column":6},"end":{"line":266,"column":7}},"type":"default-arg","locations":[{"start":{"line":261,"column":23},"end":{"line":266,"column":7}}],"line":261},"45":{"loc":{"start":{"line":299,"column":11},"end":{"line":306,"column":13}},"type":"binary-expr","locations":[{"start":{"line":299,"column":11},"end":{"line":299,"column":26}},{"start":{"line":300,"column":12},"end":{"line":300,"column":38}},{"start":{"line":301,"column":12},"end":{"line":301,"column":31}},{"start":{"line":302,"column":12},"end":{"line":306,"column":13}}],"line":299},"46":{"loc":{"start":{"line":307,"column":11},"end":{"line":314,"column":13}},"type":"binary-expr","locations":[{"start":{"line":307,"column":11},"end":{"line":307,"column":26}},{"start":{"line":308,"column":12},"end":{"line":308,"column":38}},{"start":{"line":309,"column":12},"end":{"line":309,"column":29}},{"start":{"line":310,"column":12},"end":{"line":314,"column":13}}],"line":307},"47":{"loc":{"start":{"line":315,"column":11},"end":{"line":317,"column":64}},"type":"binary-expr","locations":[{"start":{"line":315,"column":11},"end":{"line":315,"column":26}},{"start":{"line":316,"column":12},"end":{"line":316,"column":38}},{"start":{"line":317,"column":12},"end":{"line":317,"column":64}}],"line":315},"48":{"loc":{"start":{"line":318,"column":11},"end":{"line":320,"column":70}},"type":"binary-expr","locations":[{"start":{"line":318,"column":11},"end":{"line":318,"column":26}},{"start":{"line":319,"column":12},"end":{"line":319,"column":38}},{"start":{"line":320,"column":12},"end":{"line":320,"column":70}}],"line":318},"49":{"loc":{"start":{"line":321,"column":11},"end":{"line":323,"column":64}},"type":"binary-expr","locations":[{"start":{"line":321,"column":11},"end":{"line":321,"column":26}},{"start":{"line":322,"column":12},"end":{"line":322,"column":38}},{"start":{"line":323,"column":12},"end":{"line":323,"column":64}}],"line":321},"50":{"loc":{"start":{"line":324,"column":11},"end":{"line":326,"column":70}},"type":"binary-expr","locations":[{"start":{"line":324,"column":11},"end":{"line":324,"column":26}},{"start":{"line":325,"column":12},"end":{"line":325,"column":38}},{"start":{"line":326,"column":12},"end":{"line":326,"column":70}}],"line":324},"51":{"loc":{"start":{"line":327,"column":11},"end":{"line":329,"column":57}},"type":"binary-expr","locations":[{"start":{"line":327,"column":11},"end":{"line":327,"column":26}},{"start":{"line":328,"column":12},"end":{"line":328,"column":38}},{"start":{"line":329,"column":12},"end":{"line":329,"column":57}}],"line":327},"52":{"loc":{"start":{"line":330,"column":11},"end":{"line":343,"column":13}},"type":"binary-expr","locations":[{"start":{"line":330,"column":11},"end":{"line":330,"column":26}},{"start":{"line":331,"column":12},"end":{"line":331,"column":38}},{"start":{"line":332,"column":12},"end":{"line":343,"column":13}}],"line":330},"53":{"loc":{"start":{"line":344,"column":11},"end":{"line":347,"column":48}},"type":"binary-expr","locations":[{"start":{"line":344,"column":11},"end":{"line":344,"column":26}},{"start":{"line":345,"column":12},"end":{"line":345,"column":38}},{"start":{"line":346,"column":12},"end":{"line":346,"column":24}},{"start":{"line":347,"column":12},"end":{"line":347,"column":48}}],"line":344}},"s":{"0":3,"1":3,"2":3,"3":3,"4":0,"5":0,"6":2,"7":2,"8":2,"9":2,"10":2,"11":2,"12":2,"13":2,"14":2,"15":14,"16":14,"17":14,"18":14,"19":14,"20":14,"21":14,"22":0,"23":2,"24":2,"25":2,"26":2,"27":2,"28":2,"29":14,"30":14,"31":14,"32":2,"33":2,"34":2,"35":2},"f":{"0":0,"1":2,"2":2,"3":14,"4":0,"5":2,"6":14,"7":2},"b":{"0":[0,0],"1":[0],"2":[0],"3":[0],"4":[0],"5":[0],"6":[0],"7":[0],"8":[0],"9":[0],"10":[0],"11":[0],"12":[14,0],"13":[14,0],"14":[0,14],"15":[14,0],"16":[2],"17":[2],"18":[2],"19":[2],"20":[2],"21":[2],"22":[2],"23":[2],"24":[2],"25":[2],"26":[2],"27":[2],"28":[2],"29":[2],"30":[2],"31":[2],"32":[2],"33":[2],"34":[2],"35":[2],"36":[2],"37":[2],"38":[0],"39":[2],"40":[2],"41":[2],"42":[2],"43":[2],"44":[2],"45":[2,2,2,2],"46":[2,2,2,2],"47":[2,2,2],"48":[2,2,2],"49":[2,2,2],"50":[2,2,2],"51":[2,2,2],"52":[2,2,2],"53":[2,2,2,2]},"_coverageSchema":"1a1c01bbd47fc00a2c39e90264f33305004495a9","hash":"af91ecdbbe1efdf50af577cd7b6a92182aeba65b"}
,"D:\\testDev\\typescript\\videos\\Udemy\\react-native-c5\\src\\charts\\BasicChart\\index.tsx": {"path":"D:\\testDev\\typescript\\videos\\Udemy\\react-native-c5\\src\\charts\\BasicChart\\index.tsx","statementMap":{"0":{"start":{"line":17,"column":32},"end":{"line":17,"column":56}},"1":{"start":{"line":23,"column":30},"end":{"line":31,"column":3}},"2":{"start":{"line":34,"column":18},"end":{"line":36,"column":5}},"3":{"start":{"line":35,"column":16},"end":{"line":35,"column":48}},"4":{"start":{"line":37,"column":19},"end":{"line":37,"column":35}},"5":{"start":{"line":38,"column":4},"end":{"line":38,"column":43}},"6":{"start":{"line":39,"column":38},"end":{"line":39,"column":48}},"7":{"start":{"line":40,"column":4},"end":{"line":42,"column":5}},"8":{"start":{"line":41,"column":6},"end":{"line":41,"column":49}},"9":{"start":{"line":43,"column":4},"end":{"line":45,"column":5}},"10":{"start":{"line":44,"column":6},"end":{"line":44,"column":47}},"11":{"start":{"line":46,"column":4},"end":{"line":48,"column":5}},"12":{"start":{"line":47,"column":6},"end":{"line":47,"column":40}},"13":{"start":{"line":52,"column":23},"end":{"line":52,"column":72}},"14":{"start":{"line":53,"column":30},"end":{"line":53,"column":71}},"15":{"start":{"line":54,"column":4},"end":{"line":54,"column":45}},"16":{"start":{"line":58,"column":17},"end":{"line":62,"column":9}},"17":{"start":{"line":59,"column":6},"end":{"line":61,"column":14}},"18":{"start":{"line":63,"column":16},"end":{"line":63,"column":17}},"19":{"start":{"line":65,"column":6},"end":{"line":65,"column":56}},"20":{"start":{"line":67,"column":6},"end":{"line":67,"column":56}},"21":{"start":{"line":68,"column":24},"end":{"line":68,"column":67}},"22":{"start":{"line":69,"column":4},"end":{"line":69,"column":57}},"23":{"start":{"line":73,"column":31},"end":{"line":73,"column":57}},"24":{"start":{"line":78,"column":8},"end":{"line":78,"column":41}},"25":{"start":{"line":83,"column":8},"end":{"line":83,"column":41}},"26":{"start":{"line":84,"column":4},"end":{"line":106,"column":6}},"27":{"start":{"line":110,"column":4},"end":{"line":119,"column":6}},"28":{"start":{"line":130,"column":4},"end":{"line":159,"column":6}},"29":{"start":{"line":170,"column":4},"end":{"line":190,"column":6}},"30":{"start":{"line":194,"column":34},"end":{"line":194,"column":55}},"31":{"start":{"line":195,"column":4},"end":{"line":211,"column":7}},"32":{"start":{"line":196,"column":16},"end":{"line":196,"column":65}},"33":{"start":{"line":198,"column":16},"end":{"line":198,"column":62}},"34":{"start":{"line":199,"column":6},"end":{"line":210,"column":8}},"35":{"start":{"line":218,"column":34},"end":{"line":218,"column":55}},"36":{"start":{"line":225,"column":8},"end":{"line":225,"column":21}},"37":{"start":{"line":226,"column":4},"end":{"line":247,"column":7}},"38":{"start":{"line":227,"column":16},"end":{"line":227,"column":65}},"39":{"start":{"line":228,"column":16},"end":{"line":228,"column":78}},"40":{"start":{"line":229,"column":6},"end":{"line":246,"column":8}},"41":{"start":{"line":251,"column":34},"end":{"line":251,"column":56}},"42":{"start":{"line":252,"column":4},"end":{"line":269,"column":7}},"43":{"start":{"line":254,"column":8},"end":{"line":256,"column":33}},"44":{"start":{"line":257,"column":6},"end":{"line":268,"column":8}},"45":{"start":{"line":276,"column":45},"end":{"line":276,"column":67}},"46":{"start":{"line":283,"column":8},"end":{"line":283,"column":21}},"47":{"start":{"line":284,"column":14},"end":{"line":284,"column":36}},"48":{"start":{"line":285,"column":4},"end":{"line":311,"column":7}},"49":{"start":{"line":287,"column":8},"end":{"line":289,"column":33}},"50":{"start":{"line":290,"column":25},"end":{"line":290,"column":51}},"51":{"start":{"line":291,"column":24},"end":{"line":291,"column":57}},"52":{"start":{"line":293,"column":6},"end":{"line":310,"column":8}},"53":{"start":{"line":319,"column":34},"end":{"line":319,"column":56}},"54":{"start":{"line":320,"column":4},"end":{"line":338,"column":7}},"55":{"start":{"line":322,"column":8},"end":{"line":324,"column":33}},"56":{"start":{"line":325,"column":6},"end":{"line":337,"column":8}},"57":{"start":{"line":346,"column":34},"end":{"line":346,"column":55}},"58":{"start":{"line":347,"column":4},"end":{"line":362,"column":7}},"59":{"start":{"line":348,"column":16},"end":{"line":348,"column":65}},"60":{"start":{"line":349,"column":6},"end":{"line":361,"column":8}},"61":{"start":{"line":414,"column":8},"end":{"line":414,"column":18}},"62":{"start":{"line":416,"column":26},"end":{"line":420,"column":5}},"63":{"start":{"line":421,"column":25},"end":{"line":423,"column":5}},"64":{"start":{"line":424,"column":4},"end":{"line":475,"column":6}}},"fnMap":{"0":{"name":"(anonymous_0)","decl":{"start":{"line":33,"column":2},"end":{"line":33,"column":3}},"loc":{"start":{"line":33,"column":28},"end":{"line":49,"column":3}},"line":33},"1":{"name":"(anonymous_1)","decl":{"start":{"line":35,"column":6},"end":{"line":35,"column":7}},"loc":{"start":{"line":35,"column":16},"end":{"line":35,"column":48}},"line":35},"2":{"name":"(anonymous_2)","decl":{"start":{"line":51,"column":2},"end":{"line":51,"column":3}},"loc":{"start":{"line":51,"column":19},"end":{"line":55,"column":3}},"line":51},"3":{"name":"(anonymous_3)","decl":{"start":{"line":57,"column":2},"end":{"line":57,"column":3}},"loc":{"start":{"line":57,"column":20},"end":{"line":70,"column":3}},"line":57},"4":{"name":"(anonymous_4)","decl":{"start":{"line":58,"column":40},"end":{"line":58,"column":41}},"loc":{"start":{"line":58,"column":54},"end":{"line":62,"column":5}},"line":58},"5":{"name":"(anonymous_5)","decl":{"start":{"line":72,"column":2},"end":{"line":72,"column":3}},"loc":{"start":{"line":72,"column":59},"end":{"line":107,"column":3}},"line":72},"6":{"name":"(anonymous_6)","decl":{"start":{"line":109,"column":2},"end":{"line":109,"column":3}},"loc":{"start":{"line":109,"column":52},"end":{"line":120,"column":3}},"line":109},"7":{"name":"(anonymous_7)","decl":{"start":{"line":122,"column":2},"end":{"line":122,"column":3}},"loc":{"start":{"line":129,"column":4},"end":{"line":160,"column":3}},"line":129},"8":{"name":"(anonymous_8)","decl":{"start":{"line":162,"column":2},"end":{"line":162,"column":3}},"loc":{"start":{"line":169,"column":4},"end":{"line":191,"column":3}},"line":169},"9":{"name":"(anonymous_9)","decl":{"start":{"line":193,"column":2},"end":{"line":193,"column":3}},"loc":{"start":{"line":193,"column":66},"end":{"line":212,"column":3}},"line":193},"10":{"name":"(anonymous_10)","decl":{"start":{"line":195,"column":31},"end":{"line":195,"column":32}},"loc":{"start":{"line":195,"column":53},"end":{"line":211,"column":5}},"line":195},"11":{"name":"(anonymous_11)","decl":{"start":{"line":214,"column":2},"end":{"line":214,"column":3}},"loc":{"start":{"line":217,"column":4},"end":{"line":248,"column":3}},"line":217},"12":{"name":"(anonymous_12)","decl":{"start":{"line":226,"column":31},"end":{"line":226,"column":32}},"loc":{"start":{"line":226,"column":59},"end":{"line":247,"column":5}},"line":226},"13":{"name":"(anonymous_13)","decl":{"start":{"line":250,"column":2},"end":{"line":250,"column":3}},"loc":{"start":{"line":250,"column":66},"end":{"line":270,"column":3}},"line":250},"14":{"name":"(anonymous_14)","decl":{"start":{"line":252,"column":31},"end":{"line":252,"column":32}},"loc":{"start":{"line":252,"column":53},"end":{"line":269,"column":5}},"line":252},"15":{"name":"(anonymous_15)","decl":{"start":{"line":272,"column":2},"end":{"line":272,"column":3}},"loc":{"start":{"line":275,"column":4},"end":{"line":312,"column":3}},"line":275},"16":{"name":"(anonymous_16)","decl":{"start":{"line":285,"column":38},"end":{"line":285,"column":39}},"loc":{"start":{"line":285,"column":52},"end":{"line":311,"column":5}},"line":285},"17":{"name":"(anonymous_17)","decl":{"start":{"line":314,"column":2},"end":{"line":314,"column":3}},"loc":{"start":{"line":318,"column":4},"end":{"line":339,"column":3}},"line":318},"18":{"name":"(anonymous_18)","decl":{"start":{"line":320,"column":31},"end":{"line":320,"column":32}},"loc":{"start":{"line":320,"column":45},"end":{"line":338,"column":5}},"line":320},"19":{"name":"(anonymous_19)","decl":{"start":{"line":341,"column":2},"end":{"line":341,"column":3}},"loc":{"start":{"line":345,"column":4},"end":{"line":363,"column":3}},"line":345},"20":{"name":"(anonymous_20)","decl":{"start":{"line":347,"column":31},"end":{"line":347,"column":32}},"loc":{"start":{"line":347,"column":45},"end":{"line":362,"column":5}},"line":347},"21":{"name":"(anonymous_21)","decl":{"start":{"line":365,"column":2},"end":{"line":365,"column":3}},"loc":{"start":{"line":365,"column":28},"end":{"line":476,"column":3}},"line":365}},"branchMap":{"0":{"loc":{"start":{"line":26,"column":10},"end":{"line":26,"column":31}},"type":"binary-expr","locations":[{"start":{"line":26,"column":10},"end":{"line":26,"column":25}},{"start":{"line":26,"column":29},"end":{"line":26,"column":31}}],"line":26},"1":{"loc":{"start":{"line":40,"column":4},"end":{"line":42,"column":5}},"type":"if","locations":[{"start":{"line":40,"column":4},"end":{"line":42,"column":5}},{"start":{},"end":{}}],"line":40},"2":{"loc":{"start":{"line":40,"column":8},"end":{"line":40,"column":28}},"type":"binary-expr","locations":[{"start":{"line":40,"column":8},"end":{"line":40,"column":14}},{"start":{"line":40,"column":18},"end":{"line":40,"column":28}}],"line":40},"3":{"loc":{"start":{"line":43,"column":4},"end":{"line":45,"column":5}},"type":"if","locations":[{"start":{"line":43,"column":4},"end":{"line":45,"column":5}},{"start":{},"end":{}}],"line":43},"4":{"loc":{"start":{"line":43,"column":8},"end":{"line":43,"column":26}},"type":"binary-expr","locations":[{"start":{"line":43,"column":8},"end":{"line":43,"column":13}},{"start":{"line":43,"column":17},"end":{"line":43,"column":26}}],"line":43},"5":{"loc":{"start":{"line":46,"column":4},"end":{"line":48,"column":5}},"type":"if","locations":[{"start":{"line":46,"column":4},"end":{"line":48,"column":5}},{"start":{},"end":{}}],"line":46},"6":{"loc":{"start":{"line":46,"column":8},"end":{"line":46,"column":28}},"type":"binary-expr","locations":[{"start":{"line":46,"column":8},"end":{"line":46,"column":14}},{"start":{"line":46,"column":18},"end":{"line":46,"column":28}}],"line":46},"7":{"loc":{"start":{"line":59,"column":13},"end":{"line":61,"column":13}},"type":"cond-expr","locations":[{"start":{"line":60,"column":11},"end":{"line":60,"column":42}},{"start":{"line":61,"column":10},"end":{"line":61,"column":13}}],"line":59},"8":{"loc":{"start":{"line":220,"column":6},"end":{"line":220,"column":19}},"type":"default-arg","locations":[{"start":{"line":220,"column":17},"end":{"line":220,"column":19}}],"line":220},"9":{"loc":{"start":{"line":221,"column":6},"end":{"line":221,"column":18}},"type":"default-arg","locations":[{"start":{"line":221,"column":17},"end":{"line":221,"column":18}}],"line":221},"10":{"loc":{"start":{"line":222,"column":6},"end":{"line":222,"column":24}},"type":"default-arg","locations":[{"start":{"line":222,"column":18},"end":{"line":222,"column":24}}],"line":222},"11":{"loc":{"start":{"line":223,"column":6},"end":{"line":223,"column":27}},"type":"default-arg","locations":[{"start":{"line":223,"column":19},"end":{"line":223,"column":27}}],"line":223},"12":{"loc":{"start":{"line":224,"column":6},"end":{"line":224,"column":24}},"type":"default-arg","locations":[{"start":{"line":224,"column":19},"end":{"line":224,"column":24}}],"line":224},"13":{"loc":{"start":{"line":241,"column":13},"end":{"line":243,"column":59}},"type":"cond-expr","locations":[{"start":{"line":242,"column":16},"end":{"line":242,"column":38}},{"start":{"line":243,"column":17},"end":{"line":243,"column":58}}],"line":241},"14":{"loc":{"start":{"line":278,"column":6},"end":{"line":278,"column":18}},"type":"default-arg","locations":[{"start":{"line":278,"column":17},"end":{"line":278,"column":18}}],"line":278},"15":{"loc":{"start":{"line":279,"column":6},"end":{"line":279,"column":19}},"type":"default-arg","locations":[{"start":{"line":279,"column":17},"end":{"line":279,"column":19}}],"line":279},"16":{"loc":{"start":{"line":280,"column":6},"end":{"line":280,"column":24}},"type":"default-arg","locations":[{"start":{"line":280,"column":19},"end":{"line":280,"column":24}}],"line":280},"17":{"loc":{"start":{"line":281,"column":6},"end":{"line":281,"column":24}},"type":"default-arg","locations":[{"start":{"line":281,"column":18},"end":{"line":281,"column":24}}],"line":281},"18":{"loc":{"start":{"line":282,"column":6},"end":{"line":282,"column":24}},"type":"default-arg","locations":[{"start":{"line":282,"column":19},"end":{"line":282,"column":24}}],"line":282},"19":{"loc":{"start":{"line":305,"column":13},"end":{"line":307,"column":25}},"type":"cond-expr","locations":[{"start":{"line":306,"column":16},"end":{"line":306,"column":54}},{"start":{"line":307,"column":16},"end":{"line":307,"column":25}}],"line":305},"20":{"loc":{"start":{"line":367,"column":14},"end":{"line":367,"column":35}},"type":"default-arg","locations":[{"start":{"line":367,"column":32},"end":{"line":367,"column":35}}],"line":367},"21":{"loc":{"start":{"line":368,"column":13},"end":{"line":368,"column":47}},"type":"default-arg","locations":[{"start":{"line":368,"column":30},"end":{"line":368,"column":47}}],"line":368},"22":{"loc":{"start":{"line":369,"column":6},"end":{"line":369,"column":37}},"type":"default-arg","locations":[{"start":{"line":369,"column":24},"end":{"line":369,"column":37}}],"line":369},"23":{"loc":{"start":{"line":370,"column":6},"end":{"line":370,"column":40}},"type":"default-arg","locations":[{"start":{"line":370,"column":27},"end":{"line":370,"column":40}}],"line":370},"24":{"loc":{"start":{"line":371,"column":6},"end":{"line":371,"column":33}},"type":"default-arg","locations":[{"start":{"line":371,"column":31},"end":{"line":371,"column":33}}],"line":371},"25":{"loc":{"start":{"line":372,"column":6},"end":{"line":372,"column":24}},"type":"default-arg","locations":[{"start":{"line":372,"column":18},"end":{"line":372,"column":24}}],"line":372},"26":{"loc":{"start":{"line":373,"column":6},"end":{"line":373,"column":34}},"type":"default-arg","locations":[{"start":{"line":373,"column":28},"end":{"line":373,"column":34}}],"line":373},"27":{"loc":{"start":{"line":374,"column":6},"end":{"line":374,"column":35}},"type":"default-arg","locations":[{"start":{"line":374,"column":30},"end":{"line":374,"column":35}}],"line":374},"28":{"loc":{"start":{"line":375,"column":6},"end":{"line":375,"column":25}},"type":"default-arg","locations":[{"start":{"line":375,"column":24},"end":{"line":375,"column":25}}],"line":375},"29":{"loc":{"start":{"line":376,"column":6},"end":{"line":376,"column":26}},"type":"default-arg","locations":[{"start":{"line":376,"column":25},"end":{"line":376,"column":26}}],"line":376},"30":{"loc":{"start":{"line":377,"column":6},"end":{"line":377,"column":29}},"type":"default-arg","locations":[{"start":{"line":377,"column":26},"end":{"line":377,"column":29}}],"line":377},"31":{"loc":{"start":{"line":378,"column":6},"end":{"line":378,"column":32}},"type":"default-arg","locations":[{"start":{"line":378,"column":28},"end":{"line":378,"column":32}}],"line":378},"32":{"loc":{"start":{"line":379,"column":6},"end":{"line":379,"column":33}},"type":"default-arg","locations":[{"start":{"line":379,"column":30},"end":{"line":379,"column":33}}],"line":379},"33":{"loc":{"start":{"line":380,"column":6},"end":{"line":380,"column":30}},"type":"default-arg","locations":[{"start":{"line":380,"column":26},"end":{"line":380,"column":30}}],"line":380},"34":{"loc":{"start":{"line":381,"column":6},"end":{"line":381,"column":31}},"type":"default-arg","locations":[{"start":{"line":381,"column":28},"end":{"line":381,"column":31}}],"line":381},"35":{"loc":{"start":{"line":384,"column":6},"end":{"line":399,"column":7}},"type":"default-arg","locations":[{"start":{"line":384,"column":35},"end":{"line":399,"column":7}}],"line":384},"36":{"loc":{"start":{"line":400,"column":6},"end":{"line":406,"column":7}},"type":"default-arg","locations":[{"start":{"line":400,"column":22},"end":{"line":406,"column":7}}],"line":400},"37":{"loc":{"start":{"line":407,"column":6},"end":{"line":413,"column":7}},"type":"default-arg","locations":[{"start":{"line":407,"column":22},"end":{"line":413,"column":7}}],"line":407},"38":{"loc":{"start":{"line":445,"column":11},"end":{"line":447,"column":64}},"type":"binary-expr","locations":[{"start":{"line":445,"column":11},"end":{"line":445,"column":26}},{"start":{"line":446,"column":12},"end":{"line":446,"column":38}},{"start":{"line":447,"column":12},"end":{"line":447,"column":64}}],"line":445},"39":{"loc":{"start":{"line":448,"column":11},"end":{"line":450,"column":70}},"type":"binary-expr","locations":[{"start":{"line":448,"column":11},"end":{"line":448,"column":26}},{"start":{"line":449,"column":12},"end":{"line":449,"column":38}},{"start":{"line":450,"column":12},"end":{"line":450,"column":70}}],"line":448},"40":{"loc":{"start":{"line":451,"column":11},"end":{"line":453,"column":64}},"type":"binary-expr","locations":[{"start":{"line":451,"column":11},"end":{"line":451,"column":26}},{"start":{"line":452,"column":12},"end":{"line":452,"column":38}},{"start":{"line":453,"column":12},"end":{"line":453,"column":64}}],"line":451},"41":{"loc":{"start":{"line":454,"column":11},"end":{"line":456,"column":70}},"type":"binary-expr","locations":[{"start":{"line":454,"column":11},"end":{"line":454,"column":26}},{"start":{"line":455,"column":12},"end":{"line":455,"column":38}},{"start":{"line":456,"column":12},"end":{"line":456,"column":70}}],"line":454},"42":{"loc":{"start":{"line":457,"column":11},"end":{"line":464,"column":13}},"type":"binary-expr","locations":[{"start":{"line":457,"column":11},"end":{"line":457,"column":26}},{"start":{"line":458,"column":12},"end":{"line":458,"column":38}},{"start":{"line":459,"column":12},"end":{"line":459,"column":31}},{"start":{"line":460,"column":12},"end":{"line":464,"column":13}}],"line":457},"43":{"loc":{"start":{"line":465,"column":11},"end":{"line":472,"column":13}},"type":"binary-expr","locations":[{"start":{"line":465,"column":11},"end":{"line":465,"column":26}},{"start":{"line":466,"column":12},"end":{"line":466,"column":38}},{"start":{"line":467,"column":12},"end":{"line":467,"column":29}},{"start":{"line":468,"column":12},"end":{"line":472,"column":13}}],"line":465}},"s":{"0":3,"1":22,"2":22,"3":274,"4":22,"5":22,"6":22,"7":22,"8":8,"9":22,"10":8,"11":22,"12":2,"13":102,"14":102,"15":102,"16":102,"17":714,"18":102,"19":102,"20":102,"21":102,"22":102,"23":44,"24":44,"25":44,"26":44,"27":44,"28":44,"29":44,"30":20,"31":20,"32":140,"33":140,"34":140,"35":20,"36":20,"37":20,"38":140,"39":140,"40":140,"41":20,"42":20,"43":140,"44":140,"45":20,"46":20,"47":20,"48":20,"49":70,"50":70,"51":70,"52":70,"53":28,"54":28,"55":436,"56":436,"57":6,"58":6,"59":62,"60":62,"61":0,"62":0,"63":0,"64":0},"f":{"0":22,"1":274,"2":102,"3":102,"4":714,"5":44,"6":44,"7":44,"8":44,"9":20,"10":140,"11":20,"12":140,"13":20,"14":140,"15":20,"16":70,"17":28,"18":436,"19":6,"20":62,"21":0},"b":{"0":[22,0],"1":[8,14],"2":[22,8],"3":[8,14],"4":[22,8],"5":[2,20],"6":[22,2],"7":[102,612],"8":[2],"9":[2],"10":[4],"11":[4],"12":[4],"13":[28,112],"14":[2],"15":[2],"16":[4],"17":[4],"18":[4],"19":[14,56],"20":[0],"21":[0],"22":[0],"23":[0],"24":[0],"25":[0],"26":[0],"27":[0],"28":[0],"29":[0],"30":[0],"31":[0],"32":[0],"33":[0],"34":[0],"35":[0],"36":[0],"37":[0],"38":[0,0,0],"39":[0,0,0],"40":[0,0,0],"41":[0,0,0],"42":[0,0,0,0],"43":[0,0,0,0]},"_coverageSchema":"1a1c01bbd47fc00a2c39e90264f33305004495a9","hash":"14b0d1291a1076e3100f194a2a7996974f06c1d7"}
,"D:\\testDev\\typescript\\videos\\Udemy\\react-native-c5\\src\\charts\\BoxPlot\\index.tsx": {"path":"D:\\testDev\\typescript\\videos\\Udemy\\react-native-c5\\src\\charts\\BoxPlot\\index.tsx","statementMap":{"0":{"start":{"line":32,"column":32},"end":{"line":32,"column":56}},"1":{"start":{"line":40,"column":4},"end":{"line":40,"column":17}},"2":{"start":{"line":41,"column":4},"end":{"line":41,"column":57}},"3":{"start":{"line":42,"column":4},"end":{"line":42,"column":59}},"4":{"start":{"line":43,"column":4},"end":{"line":43,"column":67}},"5":{"start":{"line":44,"column":4},"end":{"line":44,"column":69}},"6":{"start":{"line":61,"column":4},"end":{"line":77,"column":5}},"7":{"start":{"line":62,"column":6},"end":{"line":74,"column":9}},"8":{"start":{"line":76,"column":6},"end":{"line":76,"column":40}},"9":{"start":{"line":81,"column":17},"end":{"line":83,"column":5}},"10":{"start":{"line":82,"column":16},"end":{"line":82,"column":48}},"11":{"start":{"line":84,"column":20},"end":{"line":84,"column":32}},"12":{"start":{"line":85,"column":23},"end":{"line":85,"column":72}},"13":{"start":{"line":86,"column":30},"end":{"line":86,"column":63}},"14":{"start":{"line":87,"column":4},"end":{"line":87,"column":45}},"15":{"start":{"line":91,"column":17},"end":{"line":95,"column":9}},"16":{"start":{"line":92,"column":6},"end":{"line":94,"column":44}},"17":{"start":{"line":97,"column":14},"end":{"line":97,"column":15}},"18":{"start":{"line":99,"column":6},"end":{"line":99,"column":56}},"19":{"start":{"line":100,"column":24},"end":{"line":100,"column":50}},"20":{"start":{"line":101,"column":30},"end":{"line":101,"column":63}},"21":{"start":{"line":102,"column":24},"end":{"line":102,"column":50}},"22":{"start":{"line":103,"column":4},"end":{"line":103,"column":57}},"23":{"start":{"line":107,"column":17},"end":{"line":109,"column":5}},"24":{"start":{"line":108,"column":16},"end":{"line":108,"column":48}},"25":{"start":{"line":110,"column":34},"end":{"line":110,"column":55}},"26":{"start":{"line":111,"column":20},"end":{"line":111,"column":32}},"27":{"start":{"line":112,"column":4},"end":{"line":127,"column":7}},"28":{"start":{"line":113,"column":16},"end":{"line":113,"column":65}},"29":{"start":{"line":114,"column":16},"end":{"line":114,"column":62}},"30":{"start":{"line":115,"column":6},"end":{"line":126,"column":8}},"31":{"start":{"line":134,"column":34},"end":{"line":134,"column":55}},"32":{"start":{"line":141,"column":8},"end":{"line":141,"column":21}},"33":{"start":{"line":142,"column":17},"end":{"line":144,"column":5}},"34":{"start":{"line":143,"column":16},"end":{"line":143,"column":48}},"35":{"start":{"line":145,"column":20},"end":{"line":145,"column":32}},"36":{"start":{"line":146,"column":4},"end":{"line":165,"column":7}},"37":{"start":{"line":147,"column":16},"end":{"line":147,"column":65}},"38":{"start":{"line":148,"column":16},"end":{"line":148,"column":78}},"39":{"start":{"line":149,"column":6},"end":{"line":164,"column":8}},"40":{"start":{"line":173,"column":34},"end":{"line":173,"column":56}},"41":{"start":{"line":174,"column":4},"end":{"line":195,"column":7}},"42":{"start":{"line":175,"column":6},"end":{"line":194,"column":7}},"43":{"start":{"line":177,"column":10},"end":{"line":179,"column":35}},"44":{"start":{"line":180,"column":8},"end":{"line":191,"column":10}},"45":{"start":{"line":193,"column":8},"end":{"line":193,"column":20}},"46":{"start":{"line":203,"column":45},"end":{"line":203,"column":67}},"47":{"start":{"line":210,"column":8},"end":{"line":210,"column":21}},"48":{"start":{"line":211,"column":14},"end":{"line":211,"column":36}},"49":{"start":{"line":212,"column":4},"end":{"line":241,"column":7}},"50":{"start":{"line":213,"column":6},"end":{"line":240,"column":7}},"51":{"start":{"line":215,"column":10},"end":{"line":217,"column":35}},"52":{"start":{"line":218,"column":28},"end":{"line":218,"column":54}},"53":{"start":{"line":219,"column":26},"end":{"line":219,"column":60}},"54":{"start":{"line":220,"column":8},"end":{"line":237,"column":10}},"55":{"start":{"line":239,"column":8},"end":{"line":239,"column":20}},"56":{"start":{"line":245,"column":24},"end":{"line":245,"column":67}},"57":{"start":{"line":245,"column":37},"end":{"line":245,"column":66}},"58":{"start":{"line":246,"column":14},"end":{"line":246,"column":33}},"59":{"start":{"line":247,"column":15},"end":{"line":247,"column":42}},"60":{"start":{"line":248,"column":15},"end":{"line":248,"column":42}},"61":{"start":{"line":249,"column":16},"end":{"line":249,"column":32}},"62":{"start":{"line":250,"column":21},"end":{"line":250,"column":42}},"63":{"start":{"line":251,"column":18},"end":{"line":251,"column":49}},"64":{"start":{"line":252,"column":18},"end":{"line":252,"column":49}},"65":{"start":{"line":253,"column":4},"end":{"line":253,"column":54}},"66":{"start":{"line":288,"column":8},"end":{"line":288,"column":30}},"67":{"start":{"line":289,"column":14},"end":{"line":289,"column":69}},"68":{"start":{"line":290,"column":19},"end":{"line":290,"column":26}},"69":{"start":{"line":291,"column":22},"end":{"line":291,"column":52}},"70":{"start":{"line":292,"column":18},"end":{"line":292,"column":72}},"71":{"start":{"line":294,"column":6},"end":{"line":294,"column":64}},"72":{"start":{"line":296,"column":6},"end":{"line":296,"column":64}},"73":{"start":{"line":298,"column":38},"end":{"line":298,"column":42}},"74":{"start":{"line":299,"column":4},"end":{"line":301,"column":5}},"75":{"start":{"line":300,"column":6},"end":{"line":300,"column":43}},"76":{"start":{"line":302,"column":4},"end":{"line":304,"column":5}},"77":{"start":{"line":303,"column":6},"end":{"line":303,"column":27}},"78":{"start":{"line":306,"column":4},"end":{"line":381,"column":6}},"79":{"start":{"line":324,"column":12},"end":{"line":337,"column":13}},"80":{"start":{"line":406,"column":25},"end":{"line":406,"column":27}},"81":{"start":{"line":408,"column":4},"end":{"line":412,"column":7}},"82":{"start":{"line":409,"column":6},"end":{"line":411,"column":7}},"83":{"start":{"line":410,"column":8},"end":{"line":410,"column":24}},"84":{"start":{"line":413,"column":50},"end":{"line":413,"column":74}},"85":{"start":{"line":414,"column":4},"end":{"line":441,"column":6}},"86":{"start":{"line":462,"column":34},"end":{"line":462,"column":55}},"87":{"start":{"line":463,"column":17},"end":{"line":465,"column":5}},"88":{"start":{"line":464,"column":16},"end":{"line":464,"column":48}},"89":{"start":{"line":466,"column":20},"end":{"line":466,"column":32}},"90":{"start":{"line":468,"column":4},"end":{"line":491,"column":7}},"91":{"start":{"line":469,"column":16},"end":{"line":469,"column":61}},"92":{"start":{"line":470,"column":6},"end":{"line":490,"column":8}},"93":{"start":{"line":501,"column":8},"end":{"line":501,"column":27}},"94":{"start":{"line":506,"column":8},"end":{"line":506,"column":34}},"95":{"start":{"line":511,"column":8},"end":{"line":511,"column":34}},"96":{"start":{"line":512,"column":4},"end":{"line":534,"column":6}},"97":{"start":{"line":544,"column":8},"end":{"line":544,"column":33}},"98":{"start":{"line":549,"column":8},"end":{"line":549,"column":40}},"99":{"start":{"line":554,"column":8},"end":{"line":554,"column":40}},"100":{"start":{"line":555,"column":4},"end":{"line":577,"column":6}},"101":{"start":{"line":581,"column":17},"end":{"line":583,"column":5}},"102":{"start":{"line":582,"column":16},"end":{"line":582,"column":48}},"103":{"start":{"line":584,"column":20},"end":{"line":584,"column":32}},"104":{"start":{"line":585,"column":34},"end":{"line":585,"column":55}},"105":{"start":{"line":590,"column":8},"end":{"line":590,"column":30}},"106":{"start":{"line":597,"column":8},"end":{"line":597,"column":22}},"107":{"start":{"line":598,"column":4},"end":{"line":623,"column":7}},"108":{"start":{"line":599,"column":16},"end":{"line":599,"column":65}},"109":{"start":{"line":600,"column":27},"end":{"line":600,"column":29}},"110":{"start":{"line":601,"column":6},"end":{"line":605,"column":9}},"111":{"start":{"line":602,"column":8},"end":{"line":604,"column":9}},"112":{"start":{"line":603,"column":10},"end":{"line":603,"column":27}},"113":{"start":{"line":607,"column":27},"end":{"line":607,"column":51}},"114":{"start":{"line":608,"column":6},"end":{"line":622,"column":9}},"115":{"start":{"line":609,"column":18},"end":{"line":609,"column":72}},"116":{"start":{"line":610,"column":8},"end":{"line":621,"column":10}},"117":{"start":{"line":734,"column":8},"end":{"line":734,"column":18}},"118":{"start":{"line":736,"column":26},"end":{"line":740,"column":5}},"119":{"start":{"line":742,"column":25},"end":{"line":744,"column":5}},"120":{"start":{"line":745,"column":4},"end":{"line":837,"column":6}}},"fnMap":{"0":{"name":"(anonymous_0)","decl":{"start":{"line":35,"column":2},"end":{"line":35,"column":3}},"loc":{"start":{"line":39,"column":4},"end":{"line":45,"column":3}},"line":39},"1":{"name":"(anonymous_1)","decl":{"start":{"line":47,"column":2},"end":{"line":47,"column":3}},"loc":{"start":{"line":60,"column":4},"end":{"line":78,"column":3}},"line":60},"2":{"name":"(anonymous_2)","decl":{"start":{"line":80,"column":2},"end":{"line":80,"column":3}},"loc":{"start":{"line":80,"column":19},"end":{"line":88,"column":3}},"line":80},"3":{"name":"(anonymous_3)","decl":{"start":{"line":82,"column":6},"end":{"line":82,"column":7}},"loc":{"start":{"line":82,"column":16},"end":{"line":82,"column":48}},"line":82},"4":{"name":"(anonymous_4)","decl":{"start":{"line":90,"column":2},"end":{"line":90,"column":3}},"loc":{"start":{"line":90,"column":20},"end":{"line":104,"column":3}},"line":90},"5":{"name":"(anonymous_5)","decl":{"start":{"line":91,"column":40},"end":{"line":91,"column":41}},"loc":{"start":{"line":91,"column":54},"end":{"line":95,"column":5}},"line":91},"6":{"name":"(anonymous_6)","decl":{"start":{"line":106,"column":2},"end":{"line":106,"column":3}},"loc":{"start":{"line":106,"column":66},"end":{"line":128,"column":3}},"line":106},"7":{"name":"(anonymous_7)","decl":{"start":{"line":108,"column":6},"end":{"line":108,"column":7}},"loc":{"start":{"line":108,"column":16},"end":{"line":108,"column":48}},"line":108},"8":{"name":"(anonymous_8)","decl":{"start":{"line":112,"column":23},"end":{"line":112,"column":24}},"loc":{"start":{"line":112,"column":37},"end":{"line":127,"column":5}},"line":112},"9":{"name":"(anonymous_9)","decl":{"start":{"line":130,"column":2},"end":{"line":130,"column":3}},"loc":{"start":{"line":133,"column":4},"end":{"line":166,"column":3}},"line":133},"10":{"name":"(anonymous_10)","decl":{"start":{"line":143,"column":6},"end":{"line":143,"column":7}},"loc":{"start":{"line":143,"column":16},"end":{"line":143,"column":48}},"line":143},"11":{"name":"(anonymous_11)","decl":{"start":{"line":146,"column":23},"end":{"line":146,"column":24}},"loc":{"start":{"line":146,"column":40},"end":{"line":165,"column":5}},"line":146},"12":{"name":"(anonymous_12)","decl":{"start":{"line":168,"column":2},"end":{"line":168,"column":3}},"loc":{"start":{"line":172,"column":4},"end":{"line":196,"column":3}},"line":172},"13":{"name":"(anonymous_13)","decl":{"start":{"line":174,"column":38},"end":{"line":174,"column":39}},"loc":{"start":{"line":174,"column":52},"end":{"line":195,"column":5}},"line":174},"14":{"name":"(anonymous_14)","decl":{"start":{"line":198,"column":2},"end":{"line":198,"column":3}},"loc":{"start":{"line":202,"column":4},"end":{"line":242,"column":3}},"line":202},"15":{"name":"(anonymous_15)","decl":{"start":{"line":212,"column":38},"end":{"line":212,"column":39}},"loc":{"start":{"line":212,"column":52},"end":{"line":241,"column":5}},"line":212},"16":{"name":"(anonymous_16)","decl":{"start":{"line":244,"column":2},"end":{"line":244,"column":3}},"loc":{"start":{"line":244,"column":21},"end":{"line":254,"column":3}},"line":244},"17":{"name":"(anonymous_17)","decl":{"start":{"line":245,"column":30},"end":{"line":245,"column":31}},"loc":{"start":{"line":245,"column":37},"end":{"line":245,"column":66}},"line":245},"18":{"name":"(anonymous_18)","decl":{"start":{"line":256,"column":2},"end":{"line":256,"column":3}},"loc":{"start":{"line":283,"column":4},"end":{"line":382,"column":3}},"line":283},"19":{"name":"(anonymous_19)","decl":{"start":{"line":323,"column":19},"end":{"line":323,"column":20}},"loc":{"start":{"line":324,"column":12},"end":{"line":337,"column":13}},"line":324},"20":{"name":"(anonymous_20)","decl":{"start":{"line":384,"column":2},"end":{"line":384,"column":3}},"loc":{"start":{"line":404,"column":4},"end":{"line":442,"column":3}},"line":404},"21":{"name":"(anonymous_21)","decl":{"start":{"line":408,"column":24},"end":{"line":408,"column":25}},"loc":{"start":{"line":408,"column":31},"end":{"line":412,"column":5}},"line":408},"22":{"name":"(anonymous_22)","decl":{"start":{"line":444,"column":2},"end":{"line":444,"column":3}},"loc":{"start":{"line":461,"column":4},"end":{"line":492,"column":3}},"line":461},"23":{"name":"(anonymous_23)","decl":{"start":{"line":464,"column":6},"end":{"line":464,"column":7}},"loc":{"start":{"line":464,"column":16},"end":{"line":464,"column":48}},"line":464},"24":{"name":"(anonymous_24)","decl":{"start":{"line":468,"column":23},"end":{"line":468,"column":24}},"loc":{"start":{"line":468,"column":33},"end":{"line":491,"column":5}},"line":468},"25":{"name":"(anonymous_25)","decl":{"start":{"line":494,"column":2},"end":{"line":494,"column":3}},"loc":{"start":{"line":494,"column":60},"end":{"line":535,"column":3}},"line":494},"26":{"name":"(anonymous_26)","decl":{"start":{"line":537,"column":2},"end":{"line":537,"column":3}},"loc":{"start":{"line":537,"column":72},"end":{"line":578,"column":3}},"line":537},"27":{"name":"(anonymous_27)","decl":{"start":{"line":580,"column":2},"end":{"line":580,"column":3}},"loc":{"start":{"line":580,"column":44},"end":{"line":624,"column":3}},"line":580},"28":{"name":"(anonymous_28)","decl":{"start":{"line":582,"column":6},"end":{"line":582,"column":7}},"loc":{"start":{"line":582,"column":16},"end":{"line":582,"column":48}},"line":582},"29":{"name":"(anonymous_29)","decl":{"start":{"line":598,"column":23},"end":{"line":598,"column":24}},"loc":{"start":{"line":598,"column":40},"end":{"line":623,"column":5}},"line":598},"30":{"name":"(anonymous_30)","decl":{"start":{"line":601,"column":26},"end":{"line":601,"column":27}},"loc":{"start":{"line":601,"column":34},"end":{"line":605,"column":7}},"line":601},"31":{"name":"(anonymous_31)","decl":{"start":{"line":608,"column":26},"end":{"line":608,"column":27}},"loc":{"start":{"line":608,"column":38},"end":{"line":622,"column":7}},"line":608},"32":{"name":"(anonymous_32)","decl":{"start":{"line":626,"column":2},"end":{"line":626,"column":3}},"loc":{"start":{"line":626,"column":11},"end":{"line":838,"column":3}},"line":626}},"branchMap":{"0":{"loc":{"start":{"line":61,"column":4},"end":{"line":77,"column":5}},"type":"if","locations":[{"start":{"line":61,"column":4},"end":{"line":77,"column":5}},{"start":{"line":75,"column":11},"end":{"line":77,"column":5}}],"line":61},"1":{"loc":{"start":{"line":92,"column":13},"end":{"line":94,"column":43}},"type":"cond-expr","locations":[{"start":{"line":93,"column":10},"end":{"line":93,"column":13}},{"start":{"line":94,"column":11},"end":{"line":94,"column":42}}],"line":92},"2":{"loc":{"start":{"line":136,"column":6},"end":{"line":136,"column":18}},"type":"default-arg","locations":[{"start":{"line":136,"column":17},"end":{"line":136,"column":18}}],"line":136},"3":{"loc":{"start":{"line":137,"column":6},"end":{"line":137,"column":19}},"type":"default-arg","locations":[{"start":{"line":137,"column":17},"end":{"line":137,"column":19}}],"line":137},"4":{"loc":{"start":{"line":138,"column":6},"end":{"line":138,"column":24}},"type":"default-arg","locations":[{"start":{"line":138,"column":18},"end":{"line":138,"column":24}}],"line":138},"5":{"loc":{"start":{"line":139,"column":6},"end":{"line":139,"column":27}},"type":"default-arg","locations":[{"start":{"line":139,"column":19},"end":{"line":139,"column":27}}],"line":139},"6":{"loc":{"start":{"line":140,"column":6},"end":{"line":140,"column":24}},"type":"default-arg","locations":[{"start":{"line":140,"column":19},"end":{"line":140,"column":24}}],"line":140},"7":{"loc":{"start":{"line":161,"column":13},"end":{"line":161,"column":66}},"type":"cond-expr","locations":[{"start":{"line":161,"column":32},"end":{"line":161,"column":59}},{"start":{"line":161,"column":62},"end":{"line":161,"column":66}}],"line":161},"8":{"loc":{"start":{"line":175,"column":6},"end":{"line":194,"column":7}},"type":"if","locations":[{"start":{"line":175,"column":6},"end":{"line":194,"column":7}},{"start":{"line":192,"column":13},"end":{"line":194,"column":7}}],"line":175},"9":{"loc":{"start":{"line":205,"column":6},"end":{"line":205,"column":18}},"type":"default-arg","locations":[{"start":{"line":205,"column":17},"end":{"line":205,"column":18}}],"line":205},"10":{"loc":{"start":{"line":206,"column":6},"end":{"line":206,"column":19}},"type":"default-arg","locations":[{"start":{"line":206,"column":17},"end":{"line":206,"column":19}}],"line":206},"11":{"loc":{"start":{"line":207,"column":6},"end":{"line":207,"column":24}},"type":"default-arg","locations":[{"start":{"line":207,"column":18},"end":{"line":207,"column":24}}],"line":207},"12":{"loc":{"start":{"line":208,"column":6},"end":{"line":208,"column":27}},"type":"default-arg","locations":[{"start":{"line":208,"column":19},"end":{"line":208,"column":27}}],"line":208},"13":{"loc":{"start":{"line":209,"column":6},"end":{"line":209,"column":24}},"type":"default-arg","locations":[{"start":{"line":209,"column":19},"end":{"line":209,"column":24}}],"line":209},"14":{"loc":{"start":{"line":213,"column":6},"end":{"line":240,"column":7}},"type":"if","locations":[{"start":{"line":213,"column":6},"end":{"line":240,"column":7}},{"start":{"line":238,"column":13},"end":{"line":240,"column":7}}],"line":213},"15":{"loc":{"start":{"line":232,"column":15},"end":{"line":234,"column":38}},"type":"cond-expr","locations":[{"start":{"line":233,"column":18},"end":{"line":233,"column":45}},{"start":{"line":234,"column":18},"end":{"line":234,"column":38}}],"line":232},"16":{"loc":{"start":{"line":299,"column":4},"end":{"line":301,"column":5}},"type":"if","locations":[{"start":{"line":299,"column":4},"end":{"line":301,"column":5}},{"start":{},"end":{}}],"line":299},"17":{"loc":{"start":{"line":302,"column":4},"end":{"line":304,"column":5}},"type":"if","locations":[{"start":{"line":302,"column":4},"end":{"line":304,"column":5}},{"start":{},"end":{}}],"line":302},"18":{"loc":{"start":{"line":302,"column":8},"end":{"line":302,"column":74}},"type":"binary-expr","locations":[{"start":{"line":302,"column":8},"end":{"line":302,"column":46}},{"start":{"line":302,"column":50},"end":{"line":302,"column":74}}],"line":302},"19":{"loc":{"start":{"line":317,"column":12},"end":{"line":321,"column":29}},"type":"cond-expr","locations":[{"start":{"line":318,"column":16},"end":{"line":320,"column":37}},{"start":{"line":321,"column":16},"end":{"line":321,"column":29}}],"line":317},"20":{"loc":{"start":{"line":318,"column":16},"end":{"line":320,"column":37}},"type":"cond-expr","locations":[{"start":{"line":319,"column":18},"end":{"line":319,"column":32}},{"start":{"line":320,"column":18},"end":{"line":320,"column":37}}],"line":318},"21":{"loc":{"start":{"line":409,"column":6},"end":{"line":411,"column":7}},"type":"if","locations":[{"start":{"line":409,"column":6},"end":{"line":411,"column":7}},{"start":{},"end":{}}],"line":409},"22":{"loc":{"start":{"line":496,"column":6},"end":{"line":496,"column":12}},"type":"default-arg","locations":[{"start":{"line":496,"column":11},"end":{"line":496,"column":12}}],"line":496},"23":{"loc":{"start":{"line":497,"column":6},"end":{"line":497,"column":12}},"type":"default-arg","locations":[{"start":{"line":497,"column":11},"end":{"line":497,"column":12}}],"line":497},"24":{"loc":{"start":{"line":498,"column":6},"end":{"line":498,"column":12}},"type":"default-arg","locations":[{"start":{"line":498,"column":11},"end":{"line":498,"column":12}}],"line":498},"25":{"loc":{"start":{"line":499,"column":6},"end":{"line":499,"column":37}},"type":"default-arg","locations":[{"start":{"line":499,"column":11},"end":{"line":499,"column":37}}],"line":499},"26":{"loc":{"start":{"line":500,"column":6},"end":{"line":500,"column":38}},"type":"default-arg","locations":[{"start":{"line":500,"column":22},"end":{"line":500,"column":38}}],"line":500},"27":{"loc":{"start":{"line":503,"column":14},"end":{"line":503,"column":25}},"type":"default-arg","locations":[{"start":{"line":503,"column":24},"end":{"line":503,"column":25}}],"line":503},"28":{"loc":{"start":{"line":504,"column":17},"end":{"line":504,"column":39}},"type":"default-arg","locations":[{"start":{"line":504,"column":30},"end":{"line":504,"column":39}}],"line":504},"29":{"loc":{"start":{"line":505,"column":19},"end":{"line":505,"column":37}},"type":"default-arg","locations":[{"start":{"line":505,"column":34},"end":{"line":505,"column":37}}],"line":505},"30":{"loc":{"start":{"line":508,"column":14},"end":{"line":508,"column":25}},"type":"default-arg","locations":[{"start":{"line":508,"column":24},"end":{"line":508,"column":25}}],"line":508},"31":{"loc":{"start":{"line":509,"column":17},"end":{"line":509,"column":39}},"type":"default-arg","locations":[{"start":{"line":509,"column":30},"end":{"line":509,"column":39}}],"line":509},"32":{"loc":{"start":{"line":510,"column":19},"end":{"line":510,"column":37}},"type":"default-arg","locations":[{"start":{"line":510,"column":34},"end":{"line":510,"column":37}}],"line":510},"33":{"loc":{"start":{"line":539,"column":6},"end":{"line":539,"column":12}},"type":"default-arg","locations":[{"start":{"line":539,"column":11},"end":{"line":539,"column":12}}],"line":539},"34":{"loc":{"start":{"line":540,"column":6},"end":{"line":540,"column":12}},"type":"default-arg","locations":[{"start":{"line":540,"column":11},"end":{"line":540,"column":12}}],"line":540},"35":{"loc":{"start":{"line":541,"column":6},"end":{"line":541,"column":12}},"type":"default-arg","locations":[{"start":{"line":541,"column":11},"end":{"line":541,"column":12}}],"line":541},"36":{"loc":{"start":{"line":542,"column":6},"end":{"line":542,"column":13}},"type":"default-arg","locations":[{"start":{"line":542,"column":11},"end":{"line":542,"column":13}}],"line":542},"37":{"loc":{"start":{"line":543,"column":6},"end":{"line":543,"column":38}},"type":"default-arg","locations":[{"start":{"line":543,"column":22},"end":{"line":543,"column":38}}],"line":543},"38":{"loc":{"start":{"line":546,"column":14},"end":{"line":546,"column":27}},"type":"default-arg","locations":[{"start":{"line":546,"column":24},"end":{"line":546,"column":27}}],"line":546},"39":{"loc":{"start":{"line":547,"column":17},"end":{"line":547,"column":39}},"type":"default-arg","locations":[{"start":{"line":547,"column":30},"end":{"line":547,"column":39}}],"line":547},"40":{"loc":{"start":{"line":548,"column":19},"end":{"line":548,"column":35}},"type":"default-arg","locations":[{"start":{"line":548,"column":34},"end":{"line":548,"column":35}}],"line":548},"41":{"loc":{"start":{"line":551,"column":14},"end":{"line":551,"column":27}},"type":"default-arg","locations":[{"start":{"line":551,"column":24},"end":{"line":551,"column":27}}],"line":551},"42":{"loc":{"start":{"line":552,"column":17},"end":{"line":552,"column":39}},"type":"default-arg","locations":[{"start":{"line":552,"column":30},"end":{"line":552,"column":39}}],"line":552},"43":{"loc":{"start":{"line":553,"column":19},"end":{"line":553,"column":35}},"type":"default-arg","locations":[{"start":{"line":553,"column":34},"end":{"line":553,"column":35}}],"line":553},"44":{"loc":{"start":{"line":592,"column":6},"end":{"line":592,"column":16}},"type":"default-arg","locations":[{"start":{"line":592,"column":15},"end":{"line":592,"column":16}}],"line":592},"45":{"loc":{"start":{"line":593,"column":6},"end":{"line":593,"column":21}},"type":"default-arg","locations":[{"start":{"line":593,"column":15},"end":{"line":593,"column":21}}],"line":593},"46":{"loc":{"start":{"line":594,"column":6},"end":{"line":594,"column":21}},"type":"default-arg","locations":[{"start":{"line":594,"column":20},"end":{"line":594,"column":21}}],"line":594},"47":{"loc":{"start":{"line":595,"column":6},"end":{"line":595,"column":19}},"type":"default-arg","locations":[{"start":{"line":595,"column":16},"end":{"line":595,"column":19}}],"line":595},"48":{"loc":{"start":{"line":596,"column":6},"end":{"line":596,"column":22}},"type":"default-arg","locations":[{"start":{"line":596,"column":13},"end":{"line":596,"column":22}}],"line":596},"49":{"loc":{"start":{"line":602,"column":8},"end":{"line":604,"column":9}},"type":"if","locations":[{"start":{"line":602,"column":8},"end":{"line":604,"column":9}},{"start":{},"end":{}}],"line":602},"50":{"loc":{"start":{"line":629,"column":14},"end":{"line":629,"column":35}},"type":"default-arg","locations":[{"start":{"line":629,"column":32},"end":{"line":629,"column":35}}],"line":629},"51":{"loc":{"start":{"line":630,"column":13},"end":{"line":630,"column":47}},"type":"default-arg","locations":[{"start":{"line":630,"column":30},"end":{"line":630,"column":47}}],"line":630},"52":{"loc":{"start":{"line":631,"column":6},"end":{"line":631,"column":37}},"type":"default-arg","locations":[{"start":{"line":631,"column":24},"end":{"line":631,"column":37}}],"line":631},"53":{"loc":{"start":{"line":632,"column":6},"end":{"line":632,"column":40}},"type":"default-arg","locations":[{"start":{"line":632,"column":27},"end":{"line":632,"column":40}}],"line":632},"54":{"loc":{"start":{"line":633,"column":6},"end":{"line":633,"column":34}},"type":"default-arg","locations":[{"start":{"line":633,"column":30},"end":{"line":633,"column":34}}],"line":633},"55":{"loc":{"start":{"line":634,"column":6},"end":{"line":634,"column":33}},"type":"default-arg","locations":[{"start":{"line":634,"column":31},"end":{"line":634,"column":33}}],"line":634},"56":{"loc":{"start":{"line":635,"column":6},"end":{"line":635,"column":26}},"type":"default-arg","locations":[{"start":{"line":635,"column":25},"end":{"line":635,"column":26}}],"line":635},"57":{"loc":{"start":{"line":636,"column":6},"end":{"line":636,"column":24}},"type":"default-arg","locations":[{"start":{"line":636,"column":18},"end":{"line":636,"column":24}}],"line":636},"58":{"loc":{"start":{"line":637,"column":6},"end":{"line":637,"column":34}},"type":"default-arg","locations":[{"start":{"line":637,"column":28},"end":{"line":637,"column":34}}],"line":637},"59":{"loc":{"start":{"line":638,"column":6},"end":{"line":638,"column":38}},"type":"default-arg","locations":[{"start":{"line":638,"column":30},"end":{"line":638,"column":38}}],"line":638},"60":{"loc":{"start":{"line":639,"column":6},"end":{"line":639,"column":25}},"type":"default-arg","locations":[{"start":{"line":639,"column":24},"end":{"line":639,"column":25}}],"line":639},"61":{"loc":{"start":{"line":640,"column":6},"end":{"line":640,"column":29}},"type":"default-arg","locations":[{"start":{"line":640,"column":26},"end":{"line":640,"column":29}}],"line":640},"62":{"loc":{"start":{"line":641,"column":6},"end":{"line":641,"column":32}},"type":"default-arg","locations":[{"start":{"line":641,"column":28},"end":{"line":641,"column":32}}],"line":641},"63":{"loc":{"start":{"line":642,"column":6},"end":{"line":642,"column":33}},"type":"default-arg","locations":[{"start":{"line":642,"column":30},"end":{"line":642,"column":33}}],"line":642},"64":{"loc":{"start":{"line":643,"column":6},"end":{"line":643,"column":31}},"type":"default-arg","locations":[{"start":{"line":643,"column":26},"end":{"line":643,"column":31}}],"line":643},"65":{"loc":{"start":{"line":644,"column":6},"end":{"line":644,"column":31}},"type":"default-arg","locations":[{"start":{"line":644,"column":28},"end":{"line":644,"column":31}}],"line":644},"66":{"loc":{"start":{"line":645,"column":6},"end":{"line":645,"column":25}},"type":"default-arg","locations":[{"start":{"line":645,"column":24},"end":{"line":645,"column":25}}],"line":645},"67":{"loc":{"start":{"line":647,"column":6},"end":{"line":647,"column":19}},"type":"default-arg","locations":[{"start":{"line":647,"column":17},"end":{"line":647,"column":19}}],"line":647},"68":{"loc":{"start":{"line":648,"column":6},"end":{"line":648,"column":24}},"type":"default-arg","locations":[{"start":{"line":648,"column":18},"end":{"line":648,"column":24}}],"line":648},"69":{"loc":{"start":{"line":649,"column":6},"end":{"line":649,"column":24}},"type":"default-arg","locations":[{"start":{"line":649,"column":23},"end":{"line":649,"column":24}}],"line":649},"70":{"loc":{"start":{"line":650,"column":6},"end":{"line":650,"column":27}},"type":"default-arg","locations":[{"start":{"line":650,"column":23},"end":{"line":650,"column":27}}],"line":650},"71":{"loc":{"start":{"line":653,"column":6},"end":{"line":653,"column":27}},"type":"default-arg","locations":[{"start":{"line":653,"column":21},"end":{"line":653,"column":27}}],"line":653},"72":{"loc":{"start":{"line":654,"column":6},"end":{"line":654,"column":27}},"type":"default-arg","locations":[{"start":{"line":654,"column":26},"end":{"line":654,"column":27}}],"line":654},"73":{"loc":{"start":{"line":655,"column":6},"end":{"line":655,"column":30}},"type":"default-arg","locations":[{"start":{"line":655,"column":24},"end":{"line":655,"column":30}}],"line":655},"74":{"loc":{"start":{"line":656,"column":6},"end":{"line":656,"column":30}},"type":"default-arg","locations":[{"start":{"line":656,"column":29},"end":{"line":656,"column":30}}],"line":656},"75":{"loc":{"start":{"line":657,"column":6},"end":{"line":657,"column":29}},"type":"default-arg","locations":[{"start":{"line":657,"column":23},"end":{"line":657,"column":29}}],"line":657},"76":{"loc":{"start":{"line":658,"column":6},"end":{"line":658,"column":29}},"type":"default-arg","locations":[{"start":{"line":658,"column":28},"end":{"line":658,"column":29}}],"line":658},"77":{"loc":{"start":{"line":659,"column":6},"end":{"line":659,"column":29}},"type":"default-arg","locations":[{"start":{"line":659,"column":23},"end":{"line":659,"column":29}}],"line":659},"78":{"loc":{"start":{"line":660,"column":6},"end":{"line":660,"column":30}},"type":"default-arg","locations":[{"start":{"line":660,"column":29},"end":{"line":660,"column":30}}],"line":660},"79":{"loc":{"start":{"line":661,"column":6},"end":{"line":661,"column":29}},"type":"default-arg","locations":[{"start":{"line":661,"column":23},"end":{"line":661,"column":29}}],"line":661},"80":{"loc":{"start":{"line":662,"column":6},"end":{"line":662,"column":29}},"type":"default-arg","locations":[{"start":{"line":662,"column":28},"end":{"line":662,"column":29}}],"line":662},"81":{"loc":{"start":{"line":663,"column":6},"end":{"line":679,"column":7}},"type":"default-arg","locations":[{"start":{"line":663,"column":28},"end":{"line":679,"column":7}}],"line":663},"82":{"loc":{"start":{"line":680,"column":6},"end":{"line":696,"column":7}},"type":"default-arg","locations":[{"start":{"line":680,"column":34},"end":{"line":696,"column":7}}],"line":680},"83":{"loc":{"start":{"line":697,"column":6},"end":{"line":712,"column":7}},"type":"default-arg","locations":[{"start":{"line":697,"column":35},"end":{"line":712,"column":7}}],"line":697},"84":{"loc":{"start":{"line":713,"column":6},"end":{"line":719,"column":7}},"type":"default-arg","locations":[{"start":{"line":713,"column":22},"end":{"line":719,"column":7}}],"line":713},"85":{"loc":{"start":{"line":720,"column":6},"end":{"line":726,"column":7}},"type":"default-arg","locations":[{"start":{"line":720,"column":22},"end":{"line":726,"column":7}}],"line":720},"86":{"loc":{"start":{"line":727,"column":6},"end":{"line":733,"column":7}},"type":"default-arg","locations":[{"start":{"line":727,"column":23},"end":{"line":733,"column":7}}],"line":727},"87":{"loc":{"start":{"line":749,"column":11},"end":{"line":750,"column":58}},"type":"binary-expr","locations":[{"start":{"line":749,"column":11},"end":{"line":749,"column":32}},{"start":{"line":750,"column":12},"end":{"line":750,"column":58}}],"line":749},"88":{"loc":{"start":{"line":767,"column":11},"end":{"line":774,"column":13}},"type":"binary-expr","locations":[{"start":{"line":767,"column":11},"end":{"line":767,"column":26}},{"start":{"line":768,"column":12},"end":{"line":768,"column":38}},{"start":{"line":769,"column":12},"end":{"line":769,"column":31}},{"start":{"line":770,"column":12},"end":{"line":774,"column":13}}],"line":767},"89":{"loc":{"start":{"line":775,"column":11},"end":{"line":782,"column":13}},"type":"binary-expr","locations":[{"start":{"line":775,"column":11},"end":{"line":775,"column":26}},{"start":{"line":776,"column":12},"end":{"line":776,"column":38}},{"start":{"line":777,"column":12},"end":{"line":777,"column":29}},{"start":{"line":778,"column":12},"end":{"line":782,"column":13}}],"line":775},"90":{"loc":{"start":{"line":783,"column":11},"end":{"line":785,"column":64}},"type":"binary-expr","locations":[{"start":{"line":783,"column":11},"end":{"line":783,"column":26}},{"start":{"line":784,"column":12},"end":{"line":784,"column":38}},{"start":{"line":785,"column":12},"end":{"line":785,"column":64}}],"line":783},"91":{"loc":{"start":{"line":786,"column":11},"end":{"line":788,"column":71}},"type":"binary-expr","locations":[{"start":{"line":786,"column":11},"end":{"line":786,"column":26}},{"start":{"line":787,"column":12},"end":{"line":787,"column":38}},{"start":{"line":788,"column":12},"end":{"line":788,"column":71}}],"line":786},"92":{"loc":{"start":{"line":789,"column":11},"end":{"line":795,"column":13}},"type":"binary-expr","locations":[{"start":{"line":789,"column":11},"end":{"line":789,"column":26}},{"start":{"line":790,"column":12},"end":{"line":790,"column":38}},{"start":{"line":791,"column":12},"end":{"line":795,"column":13}}],"line":789},"93":{"loc":{"start":{"line":796,"column":11},"end":{"line":802,"column":13}},"type":"binary-expr","locations":[{"start":{"line":796,"column":11},"end":{"line":796,"column":26}},{"start":{"line":797,"column":12},"end":{"line":797,"column":38}},{"start":{"line":798,"column":12},"end":{"line":802,"column":13}}],"line":796},"94":{"loc":{"start":{"line":803,"column":11},"end":{"line":806,"column":57}},"type":"binary-expr","locations":[{"start":{"line":803,"column":11},"end":{"line":803,"column":26}},{"start":{"line":804,"column":12},"end":{"line":804,"column":38}},{"start":{"line":805,"column":12},"end":{"line":805,"column":26}},{"start":{"line":806,"column":12},"end":{"line":806,"column":57}}],"line":803},"95":{"loc":{"start":{"line":807,"column":11},"end":{"line":811,"column":69}},"type":"binary-expr","locations":[{"start":{"line":807,"column":11},"end":{"line":807,"column":26}},{"start":{"line":808,"column":12},"end":{"line":808,"column":38}},{"start":{"line":809,"column":12},"end":{"line":809,"column":26}},{"start":{"line":810,"column":12},"end":{"line":810,"column":21}},{"start":{"line":811,"column":12},"end":{"line":811,"column":69}}],"line":807},"96":{"loc":{"start":{"line":812,"column":11},"end":{"line":831,"column":13}},"type":"binary-expr","locations":[{"start":{"line":812,"column":11},"end":{"line":812,"column":26}},{"start":{"line":813,"column":12},"end":{"line":813,"column":38}},{"start":{"line":814,"column":12},"end":{"line":831,"column":13}}],"line":812},"97":{"loc":{"start":{"line":832,"column":11},"end":{"line":834,"column":48}},"type":"binary-expr","locations":[{"start":{"line":832,"column":11},"end":{"line":832,"column":26}},{"start":{"line":833,"column":12},"end":{"line":833,"column":38}},{"start":{"line":834,"column":12},"end":{"line":834,"column":48}}],"line":832}},"s":{"0":3,"1":12,"2":12,"3":12,"4":12,"5":12,"6":2,"7":1,"8":1,"9":98,"10":1666,"11":98,"12":98,"13":98,"14":98,"15":144,"16":2448,"17":144,"18":144,"19":144,"20":144,"21":144,"22":144,"23":24,"24":408,"25":24,"26":24,"27":24,"28":48,"29":48,"30":48,"31":24,"32":24,"33":24,"34":408,"35":24,"36":24,"37":48,"38":48,"39":48,"40":24,"41":24,"42":204,"43":108,"44":108,"45":96,"46":24,"47":24,"48":24,"49":24,"50":204,"51":108,"52":108,"53":108,"54":108,"55":96,"56":96,"57":768,"58":96,"59":96,"60":96,"61":96,"62":96,"63":96,"64":96,"65":96,"66":48,"67":48,"68":48,"69":48,"70":48,"71":48,"72":48,"73":48,"74":48,"75":12,"76":48,"77":36,"78":48,"79":2,"80":48,"81":48,"82":816,"83":384,"84":48,"85":48,"86":24,"87":24,"88":408,"89":24,"90":24,"91":48,"92":48,"93":22,"94":22,"95":22,"96":22,"97":6,"98":6,"99":6,"100":6,"101":24,"102":408,"103":24,"104":24,"105":24,"106":24,"107":24,"108":48,"109":48,"110":48,"111":816,"112":384,"113":48,"114":48,"115":24,"116":24,"117":24,"118":24,"119":24,"120":24},"f":{"0":12,"1":2,"2":98,"3":1666,"4":144,"5":2448,"6":24,"7":408,"8":48,"9":24,"10":408,"11":48,"12":24,"13":204,"14":24,"15":204,"16":96,"17":768,"18":48,"19":2,"20":48,"21":816,"22":24,"23":408,"24":48,"25":22,"26":6,"27":24,"28":408,"29":48,"30":816,"31":24,"32":24},"b":{"0":[1,1],"1":[2160,288],"2":[2],"3":[2],"4":[4],"5":[4],"6":[4],"7":[4,44],"8":[108,96],"9":[2],"10":[2],"11":[4],"12":[4],"13":[4],"14":[108,96],"15":[9,99],"16":[12,36],"17":[36,12],"18":[48,48],"19":[44,4],"20":[6,38],"21":[384,432],"22":[2],"23":[4],"24":[2],"25":[4],"26":[4],"27":[4],"28":[2],"29":[2],"30":[4],"31":[2],"32":[2],"33":[2],"34":[4],"35":[2],"36":[4],"37":[4],"38":[4],"39":[2],"40":[2],"41":[4],"42":[2],"43":[2],"44":[2],"45":[4],"46":[4],"47":[2],"48":[4],"49":[384,432],"50":[24],"51":[24],"52":[24],"53":[24],"54":[24],"55":[24],"56":[24],"57":[24],"58":[24],"59":[24],"60":[24],"61":[24],"62":[24],"63":[24],"64":[22],"65":[24],"66":[24],"67":[24],"68":[24],"69":[24],"70":[22],"71":[24],"72":[24],"73":[24],"74":[24],"75":[24],"76":[24],"77":[24],"78":[24],"79":[24],"80":[24],"81":[20],"82":[20],"83":[24],"84":[20],"85":[20],"86":[20],"87":[24,24],"88":[24,24,24,24],"89":[24,24,24,2],"90":[24,24,24],"91":[24,24,24],"92":[24,24,24],"93":[24,24,24],"94":[24,24,24,22],"95":[24,24,24,22,6],"96":[24,24,24],"97":[24,24,24]},"_coverageSchema":"1a1c01bbd47fc00a2c39e90264f33305004495a9","hash":"7247dbe4124ff48a0372394df4f93618c19e0ad5"}
,"D:\\testDev\\typescript\\videos\\Udemy\\react-native-c5\\src\\charts\\LineChart\\index.tsx": {"path":"D:\\testDev\\typescript\\videos\\Udemy\\react-native-c5\\src\\charts\\LineChart\\index.tsx","statementMap":{"0":{"start":{"line":17,"column":32},"end":{"line":17,"column":56}},"1":{"start":{"line":21,"column":4},"end":{"line":23,"column":5}},"2":{"start":{"line":22,"column":6},"end":{"line":22,"column":24}},"3":{"start":{"line":27,"column":4},"end":{"line":40,"column":6}},"4":{"start":{"line":52,"column":34},"end":{"line":52,"column":55}},"5":{"start":{"line":57,"column":8},"end":{"line":57,"column":30}},"6":{"start":{"line":66,"column":8},"end":{"line":66,"column":22}},"7":{"start":{"line":68,"column":4},"end":{"line":119,"column":7}},"8":{"start":{"line":69,"column":16},"end":{"line":69,"column":65}},"9":{"start":{"line":70,"column":24},"end":{"line":70,"column":56}},"10":{"start":{"line":71,"column":16},"end":{"line":71,"column":78}},"11":{"start":{"line":72,"column":6},"end":{"line":118,"column":8}},"12":{"start":{"line":82,"column":27},"end":{"line":82,"column":62}},"13":{"start":{"line":104,"column":31},"end":{"line":104,"column":66}},"14":{"start":{"line":123,"column":41},"end":{"line":123,"column":62}},"15":{"start":{"line":128,"column":8},"end":{"line":128,"column":30}},"16":{"start":{"line":129,"column":16},"end":{"line":129,"column":18}},"17":{"start":{"line":130,"column":16},"end":{"line":130,"column":17}},"18":{"start":{"line":131,"column":16},"end":{"line":131,"column":17}},"19":{"start":{"line":132,"column":17},"end":{"line":132,"column":18}},"20":{"start":{"line":133,"column":17},"end":{"line":133,"column":18}},"21":{"start":{"line":134,"column":16},"end":{"line":134,"column":17}},"22":{"start":{"line":135,"column":16},"end":{"line":135,"column":17}},"23":{"start":{"line":137,"column":4},"end":{"line":174,"column":7}},"24":{"start":{"line":138,"column":14},"end":{"line":138,"column":51}},"25":{"start":{"line":140,"column":8},"end":{"line":141,"column":25}},"26":{"start":{"line":142,"column":6},"end":{"line":145,"column":7}},"27":{"start":{"line":143,"column":8},"end":{"line":143,"column":18}},"28":{"start":{"line":144,"column":8},"end":{"line":144,"column":18}},"29":{"start":{"line":147,"column":6},"end":{"line":173,"column":7}},"30":{"start":{"line":148,"column":8},"end":{"line":164,"column":9}},"31":{"start":{"line":149,"column":10},"end":{"line":149,"column":34}},"32":{"start":{"line":150,"column":10},"end":{"line":150,"column":20}},"33":{"start":{"line":151,"column":10},"end":{"line":151,"column":20}},"34":{"start":{"line":152,"column":10},"end":{"line":152,"column":21}},"35":{"start":{"line":153,"column":10},"end":{"line":153,"column":21}},"36":{"start":{"line":155,"column":26},"end":{"line":155,"column":41}},"37":{"start":{"line":156,"column":26},"end":{"line":156,"column":41}},"38":{"start":{"line":157,"column":10},"end":{"line":161,"column":76}},"39":{"start":{"line":162,"column":10},"end":{"line":162,"column":20}},"40":{"start":{"line":163,"column":10},"end":{"line":163,"column":20}},"41":{"start":{"line":166,"column":8},"end":{"line":172,"column":9}},"42":{"start":{"line":167,"column":10},"end":{"line":167,"column":21}},"43":{"start":{"line":168,"column":10},"end":{"line":168,"column":21}},"44":{"start":{"line":169,"column":10},"end":{"line":169,"column":34}},"45":{"start":{"line":171,"column":10},"end":{"line":171,"column":35}},"46":{"start":{"line":175,"column":4},"end":{"line":175,"column":51}},"47":{"start":{"line":179,"column":22},"end":{"line":179,"column":42}},"48":{"start":{"line":180,"column":4},"end":{"line":187,"column":6}},"49":{"start":{"line":191,"column":50},"end":{"line":191,"column":70}},"50":{"start":{"line":192,"column":20},"end":{"line":192,"column":66}},"51":{"start":{"line":193,"column":20},"end":{"line":193,"column":52}},"52":{"start":{"line":194,"column":20},"end":{"line":194,"column":42}},"53":{"start":{"line":197,"column":6},"end":{"line":197,"column":65}},"54":{"start":{"line":199,"column":6},"end":{"line":199,"column":66}},"55":{"start":{"line":201,"column":4},"end":{"line":214,"column":32}},"56":{"start":{"line":215,"column":4},"end":{"line":215,"column":72}},"57":{"start":{"line":287,"column":8},"end":{"line":287,"column":18}},"58":{"start":{"line":289,"column":26},"end":{"line":293,"column":5}},"59":{"start":{"line":295,"column":25},"end":{"line":297,"column":5}},"60":{"start":{"line":299,"column":4},"end":{"line":373,"column":6}}},"fnMap":{"0":{"name":"(anonymous_0)","decl":{"start":{"line":20,"column":2},"end":{"line":20,"column":3}},"loc":{"start":{"line":20,"column":55},"end":{"line":24,"column":3}},"line":20},"1":{"name":"(anonymous_1)","decl":{"start":{"line":26,"column":2},"end":{"line":26,"column":3}},"loc":{"start":{"line":26,"column":21},"end":{"line":41,"column":3}},"line":26
[...]
ine":79,"column":33}},"55":{"start":{"line":80,"column":2},"end":{"line":82,"column":13}},"56":{"start":{"line":81,"column":4},"end":{"line":81,"column":52}},"57":{"start":{"line":85,"column":15},"end":{"line":94,"column":1}},"58":{"start":{"line":86,"column":29},"end":{"line":86,"column":31}},"59":{"start":{"line":87,"column":2},"end":{"line":92,"column":5}},"60":{"start":{"line":88,"column":4},"end":{"line":91,"column":5}},"61":{"start":{"line":89,"column":6},"end":{"line":89,"column":23}},"62":{"start":{"line":90,"column":6},"end":{"line":90,"column":23}},"63":{"start":{"line":93,"column":2},"end":{"line":93,"column":18}}},"fnMap":{"0":{"name":"(anonymous_0)","decl":{"start":{"line":1,"column":12},"end":{"line":1,"column":13}},"loc":{"start":{"line":1,"column":42},"end":{"line":1,"column":68}},"line":1},"1":{"name":"(anonymous_1)","decl":{"start":{"line":1,"column":52},"end":{"line":1,"column":53}},"loc":{"start":{"line":1,"column":62},"end":{"line":1,"column":67}},"line":1},"2":{"name":"(anonymous_2)","decl":{"start":{"line":3,"column":13},"end":{"line":3,"column":14}},"loc":{"start":{"line":4,"column":2},"end":{"line":11,"column":4}},"line":4},"3":{"name":"(anonymous_3)","decl":{"start":{"line":4,"column":12},"end":{"line":4,"column":13}},"loc":{"start":{"line":4,"column":22},"end":{"line":11,"column":3}},"line":4},"4":{"name":"(anonymous_4)","decl":{"start":{"line":13,"column":12},"end":{"line":13,"column":13}},"loc":{"start":{"line":13,"column":40},"end":{"line":13,"column":71}},"line":13},"5":{"name":"(anonymous_5)","decl":{"start":{"line":13,"column":52},"end":{"line":13,"column":53}},"loc":{"start":{"line":13,"column":62},"end":{"line":13,"column":67}},"line":13},"6":{"name":"(anonymous_6)","decl":{"start":{"line":15,"column":12},"end":{"line":15,"column":13}},"loc":{"start":{"line":16,"column":2},"end":{"line":16,"column":43}},"line":16},"7":{"name":"(anonymous_7)","decl":{"start":{"line":16,"column":14},"end":{"line":16,"column":15}},"loc":{"start":{"line":16,"column":25},"end":{"line":16,"column":38}},"line":16},"8":{"name":"(anonymous_8)","decl":{"start":{"line":18,"column":12},"end":{"line":18,"column":13}},"loc":{"start":{"line":19,"column":2},"end":{"line":19,"column":50}},"line":19},"9":{"name":"(anonymous_9)","decl":{"start":{"line":19,"column":14},"end":{"line":19,"column":15}},"loc":{"start":{"line":19,"column":25},"end":{"line":19,"column":38}},"line":19},"10":{"name":"(anonymous_10)","decl":{"start":{"line":21,"column":14},"end":{"line":21,"column":15}},"loc":{"start":{"line":21,"column":42},"end":{"line":21,"column":63}},"line":21},"11":{"name":"(anonymous_11)","decl":{"start":{"line":23,"column":13},"end":{"line":23,"column":14}},"loc":{"start":{"line":23,"column":41},"end":{"line":25,"column":1}},"line":23},"12":{"name":"(anonymous_12)","decl":{"start":{"line":27,"column":15},"end":{"line":27,"column":16}},"loc":{"start":{"line":27,"column":43},"end":{"line":33,"column":1}},"line":27},"13":{"name":"(anonymous_13)","decl":{"start":{"line":35,"column":17},"end":{"line":35,"column":18}},"loc":{"start":{"line":35,"column":62},"end":{"line":54,"column":1}},"line":35},"14":{"name":"(anonymous_14)","decl":{"start":{"line":56,"column":12},"end":{"line":56,"column":13}},"loc":{"start":{"line":56,"column":40},"end":{"line":58,"column":1}},"line":56},"15":{"name":"(anonymous_15)","decl":{"start":{"line":60,"column":17},"end":{"line":60,"column":18}},"loc":{"start":{"line":60,"column":47},"end":{"line":69,"column":1}},"line":60},"16":{"name":"(anonymous_16)","decl":{"start":{"line":65,"column":11},"end":{"line":65,"column":12}},"loc":{"start":{"line":66,"column":4},"end":{"line":66,"column":76}},"line":66},"17":{"name":"(anonymous_17)","decl":{"start":{"line":71,"column":27},"end":{"line":71,"column":28}},"loc":{"start":{"line":71,"column":55},"end":{"line":76,"column":1}},"line":71},"18":{"name":"(anonymous_18)","decl":{"start":{"line":73,"column":21},"end":{"line":73,"column":22}},"loc":{"start":{"line":73,"column":31},"end":{"line":75,"column":3}},"line":73},"19":{"name":"(anonymous_19)","decl":{"start":{"line":78,"column":27},"end":{"line":78,"column":28}},"loc":{"start":{"line":78,"column":55},"end":{"line":83,"column":1}},"line":78},"20":{"name":"(anonymous_20)","decl":{"start":{"line":80,"column":21},"end":{"line":80,"column":22}},"loc":{"start":{"line":80,"column":31},"end":{"line":82,"column":3}},"line":80},"21":{"name":"(anonymous_21)","decl":{"start":{"line":85,"column":15},"end":{"line":85,"column":16}},"loc":{"start":{"line":85,"column":56},"end":{"line":94,"column":1}},"line":85},"22":{"name":"(anonymous_22)","decl":{"start":{"line":87,"column":15},"end":{"line":87,"column":16}},"loc":{"start":{"line":87,"column":22},"end":{"line":92,"column":3}},"line":87}},"branchMap":{"0":{"loc":{"start":{"line":5,"column":4},"end":{"line":9,"column":5}},"type":"if","locations":[{"start":{"line":5,"column":4},"end":{"line":9,"column":5}},{"start":{"line":7,"column":11},"end":{"line":9,"column":5}}],"line":5},"1":{"loc":{"start":{"line":7,"column":11},"end":{"line":9,"column":5}},"type":"if","locations":[{"start":{"line":7,"column":11},"end":{"line":9,"column":5}},{"start":{},"end":{}}],"line":7},"2":{"loc":{"start":{"line":16,"column":25},"end":{"line":16,"column":38}},"type":"cond-expr","locations":[{"start":{"line":16,"column":33},"end":{"line":16,"column":34}},{"start":{"line":16,"column":37},"end":{"line":16,"column":38}}],"line":16},"3":{"loc":{"start":{"line":19,"column":25},"end":{"line":19,"column":38}},"type":"cond-expr","locations":[{"start":{"line":19,"column":33},"end":{"line":19,"column":34}},{"start":{"line":19,"column":37},"end":{"line":19,"column":38}}],"line":19},"4":{"loc":{"start":{"line":30,"column":9},"end":{"line":32,"column":45}},"type":"cond-expr","locations":[{"start":{"line":31,"column":6},"end":{"line":31,"column":19}},{"start":{"line":32,"column":6},"end":{"line":32,"column":45}}],"line":30},"5":{"loc":{"start":{"line":38,"column":2},"end":{"line":40,"column":3}},"type":"if","locations":[{"start":{"line":38,"column":2},"end":{"line":40,"column":3}},{"start":{},"end":{}}],"line":38},"6":{"loc":{"start":{"line":42,"column":8},"end":{"line":42,"column":56}},"type":"cond-expr","locations":[{"start":{"line":42,"column":24},"end":{"line":42,"column":38}},{"start":{"line":42,"column":41},"end":{"line":42,"column":56}}],"line":42},"7":{"loc":{"start":{"line":43,"column":2},"end":{"line":51,"column":3}},"type":"if","locations":[{"start":{"line":43,"column":2},"end":{"line":51,"column":3}},{"start":{"line":47,"column":9},"end":{"line":51,"column":3}}],"line":43},"8":{"loc":{"start":{"line":44,"column":4},"end":{"line":46,"column":5}},"type":"if","locations":[{"start":{"line":44,"column":4},"end":{"line":46,"column":5}},{"start":{},"end":{}}],"line":44},"9":{"loc":{"start":{"line":44,"column":8},"end":{"line":44,"column":64}},"type":"binary-expr","locations":[{"start":{"line":44,"column":8},"end":{"line":44,"column":37}},{"start":{"line":44,"column":41},"end":{"line":44,"column":64}}],"line":44},"10":{"loc":{"start":{"line":48,"column":4},"end":{"line":50,"column":5}},"type":"if","locations":[{"start":{"line":48,"column":4},"end":{"line":50,"column":5}},{"start":{},"end":{}}],"line":48},"11":{"loc":{"start":{"line":48,"column":8},"end":{"line":48,"column":64}},"type":"binary-expr","locations":[{"start":{"line":48,"column":8},"end":{"line":48,"column":37}},{"start":{"line":48,"column":41},"end":{"line":48,"column":64}}],"line":48},"12":{"loc":{"start":{"line":66,"column":4},"end":{"line":66,"column":76}},"type":"cond-expr","locations":[{"start":{"line":66,"column":53},"end":{"line":66,"column":69}},{"start":{"line":66,"column":72},"end":{"line":66,"column":76}}],"line":66},"13":{"loc":{"start":{"line":66,"column":4},"end":{"line":66,"column":50}},"type":"binary-expr","locations":[{"start":{"line":66,"column":4},"end":{"line":66,"column":25}},{"start":{"line":66,"column":29},"end":{"line":66,"column":50}}],"line":66},"14":{"loc":{"start":{"line":74,"column":11},"end":{"line":74,"column":51}},"type":"cond-expr","locations":[{"start":{"line":74,"column":34},"end":{"line":74,"column":35}},{"start":{"line":74,"column":38},"end":{"line":74,"column":51}}],"line":74},"15":{"loc":{"start":{"line":74,"column":38},"end":{"line":74,"column":51}},"type":"cond-expr","locations":[{"start":{"line":74,"column":46},"end":{"line":74,"column":47}},{"start":{"line":74,"column":50},"end":{"line":74,"column":51}}],"line":74},"16":{"loc":{"start":{"line":81,"column":11},"end":{"line":81,"column":51}},"type":"cond-expr","locations":[{"start":{"line":81,"column":34},"end":{"line":81,"column":35}},{"start":{"line":81,"column":38},"end":{"line":81,"column":51}}],"line":81},"17":{"loc":{"start":{"line":81,"column":38},"end":{"line":81,"column":51}},"type":"cond-expr","locations":[{"start":{"line":81,"column":46},"end":{"line":81,"column":47}},{"start":{"line":81,"column":50},"end":{"line":81,"column":51}}],"line":81},"18":{"loc":{"start":{"line":88,"column":4},"end":{"line":91,"column":5}},"type":"if","locations":[{"start":{"line":88,"column":4},"end":{"line":91,"column":5}},{"start":{},"end":{}}],"line":88},"19":{"loc":{"start":{"line":88,"column":8},"end":{"line":88,"column":72}},"type":"binary-expr","locations":[{"start":{"line":88,"column":8},"end":{"line":88,"column":39}},{"start":{"line":88,"column":43},"end":{"line":88,"column":58}},{"start":{"line":88,"column":62},"end":{"line":88,"column":72}}],"line":88}},"s":{"0":4,"1":1696,"2":27504,"3":4,"4":2,"5":16,"6":1,"7":15,"8":13,"9":2,"10":4,"11":2,"12":16,"13":4,"14":2,"15":16,"16":4,"17":3,"18":19,"19":4,"20":1,"21":4,"22":1,"23":4,"24":98,"25":98,"26":98,"27":4,"28":1597,"29":1597,"30":1597,"31":791,"32":806,"33":806,"34":400,"35":14,"36":406,"37":18,"38":774,"39":4,"40":402,"41":4,"42":292,"43":292,"44":292,"45":292,"46":292,"47":2335,"48":292,"49":4,"50":98,"51":98,"52":782,"53":4,"54":97,"55":97,"56":777,"57":4,"58":196,"59":196,"60":3316,"61":1873,"62":1873,"63":196},"f":{"0":1696,"1":27504,"2":2,"3":16,"4":2,"5":16,"6":2,"7":16,"8":3,"9":19,"10":1,"11":1,"12":98,"13":1597,"14":402,"15":292,"16":2335,"17":98,"18":782,"19":97,"20":777,"21":196,"22":3316},"b":{"0":[1,15],"1":[13,2],"2":[14,2],"3":[2,17],"4":[97,1],"5":[791,806],"6":[406,400],"7":[400,406],"8":[14,386],"9":[400,400],"10":[18,388],"11":[406,404],"12":[153,2182],"13":[2335,2186],"14":[52,730],"15":[483,247],"16":[51,726],"17":[581,145],"18":[1873,1443],"19":[3316,1969,1873]},"_coverageSchema":"1a1c01bbd47fc00a2c39e90264f33305004495a9","hash":"f63cd8e969f8d3808e2d4e1a48403bad07ad6513"}
,"D:\\testDev\\typescript\\videos\\Udemy\\react-native-c5\\src\\testData\\data.ts": {"path":"D:\\testDev\\typescript\\videos\\Udemy\\react-native-c5\\src\\testData\\data.ts","statementMap":{"0":{"start":{"line":1,"column":24},"end":{"line":9,"column":1}},"1":{"start":{"line":11,"column":23},"end":{"line":30,"column":1}},"2":{"start":{"line":32,"column":32},"end":{"line":48,"column":1}},"3":{"start":{"line":50,"column":26},"end":{"line":226,"column":1}}},"fnMap":{},"branchMap":{},"s":{"0":5,"1":5,"2":5,"3":5},"f":{},"b":{},"_coverageSchema":"1a1c01bbd47fc00a2c39e90264f33305004495a9","hash":"270eb213adf3eddcf481fdd49f31013d99752281"}
,"D:\\testDev\\typescript\\videos\\Udemy\\react-native-c5\\src\\utils\\index.ts": {"path":"D:\\testDev\\typescript\\videos\\Udemy\\react-native-c5\\src\\utils\\index.ts","statementMap":{},"fnMap":{},"branchMap":{},"s":{},"f":{},"b":{},"_coverageSchema":"1a1c01bbd47fc00a2c39e90264f33305004495a9","hash":"d032a145a34e9eb43af54407c7a7c2271d0fbfe8"}
,"D:\\testDev\\typescript\\videos\\Udemy\\react-native-c5\\src\\utils\\newShade.ts": {"path":"D:\\testDev\\typescript\\videos\\Udemy\\react-native-c5\\src\\utils\\newShade.ts","statementMap":{"0":{"start":{"line":1,"column":24},"end":{"line":18,"column":1}},"1":{"start":{"line":2,"column":2},"end":{"line":2,"column":39}},"2":{"start":{"line":3,"column":2},"end":{"line":17,"column":3}},"3":{"start":{"line":4,"column":25},"end":{"line":4,"column":47}},"4":{"start":{"line":5,"column":12},"end":{"line":5,"column":44}},"5":{"start":{"line":6,"column":4},"end":{"line":6,"column":25}},"6":{"start":{"line":7,"column":4},"end":{"line":7,"column":21}},"7":{"start":{"line":8,"column":12},"end":{"line":8,"column":50}},"8":{"start":{"line":9,"column":4},"end":{"line":9,"column":25}},"9":{"start":{"line":10,"column":4},"end":{"line":10,"column":21}},"10":{"start":{"line":11,"column":12},"end":{"line":11,"column":54}},"11":{"start":{"line":12,"column":4},"end":{"line":12,"column":25}},"12":{"start":{"line":13,"column":4},"end":{"line":13,"column":21}},"13":{"start":{"line":14,"column":4},"end":{"line":14,"column":57}},"14":{"start":{"line":16,"column":4},"end":{"line":16,"column":20}}},"fnMap":{"0":{"name":"(anonymous_0)","decl":{"start":{"line":1,"column":24},"end":{"line":1,"column":25}},"loc":{"start":{"line":1,"column":73},"end":{"line":18,"column":1}},"line":1}},"branchMap":{"0":{"loc":{"start":{"line":3,"column":2},"end":{"line":17,"column":3}},"type":"if","locations":[{"start":{"line":3,"column":2},"end":{"line":17,"column":3}},{"start":{"line":15,"column":9},"end":{"line":17,"column":3}}],"line":3},"1":{"loc":{"start":{"line":6,"column":4},"end":{"line":6,"column":24}},"type":"binary-expr","locations":[{"start":{"line":6,"column":4},"end":{"line":6,"column":11}},{"start":{"line":6,"column":16},"end":{"line":6,"column":23}}],"line":6},"2":{"loc":{"start":{"line":7,"column":4},"end":{"line":7,"column":20}},"type":"binary-expr","locations":[{"start":{"line":7,"column":4},"end":{"line":7,"column":9}},{"start":{"line":7,"column":14},"end":{"line":7,"column":19}}],"line":7},"3":{"loc":{"start":{"line":8,"column":13},"end":{"line":8,"column":37}},"type":"binary-expr","locations":[{"start":{"line":8,"column":13},"end":{"line":8,"column":25}},{"start":{"line":8,"column":29},"end":{"line":8,"column":37}}],"line":8},"4":{"loc":{"start":{"line":9,"column":4},"end":{"line":9,"column":24}},"type":"binary-expr","locations":[{"start":{"line":9,"column":4},"end":{"line":9,"column":11}},{"start":{"line":9,"column":16},"end":{"line":9,"column":23}}],"line":9},"5":{"loc":{"start":{"line":10,"column":4},"end":{"line":10,"column":20}},"type":"binary-expr","locations":[{"start":{"line":10,"column":4},"end":{"line":10,"column":9}},{"start":{"line":10,"column":14},"end":{"line":10,"column":19}}],"line":10},"6":{"loc":{"start":{"line":12,"column":4},"end":{"line":12,"column":24}},"type":"binary-expr","locations":[{"start":{"line":12,"column":4},"end":{"line":12,"column":11}},{"start":{"line":12,"column":16},"end":{"line":12,"column":23}}],"line":12},"7":{"loc":{"start":{"line":13,"column":4},"end":{"line":13,"column":20}},"type":"binary-expr","locations":[{"start":{"line":13,"column":4},"end":{"line":13,"column":9}},{"start":{"line":13,"column":14},"end":{"line":13,"column":19}}],"line":13}},"s":{"0":7,"1":55,"2":55,"3":54,"4":54,"5":54,"6":54,"7":54,"8":54,"9":54,"10":54,"11":54,"12":54,"13":54,"14":1},"f":{"0":55},"b":{"0":[54,1],"1":[54,1],"2":[54,0],"3":[54,54],"4":[54,54],"5":[54,0],"6":[54,2],"7":[54,0]},"_coverageSchema":"1a1c01bbd47fc00a2c39e90264f33305004495a9","hash":"4ed7714d62470826029f0d925f90c9f3e4db36da"}
,"D:\\testDev\\typescript\\videos\\Udemy\\react-native-c5\\src\\utils\\quickSort.ts": {"path":"D:\\testDev\\typescript\\videos\\Udemy\\react-native-c5\\src\\utils\\quickSort.ts","statementMap":{"0":{"start":{"line":1,"column":25},"end":{"line":19,"column":1}},"1":{"start":{"line":2,"column":2},"end":{"line":4,"column":3}},"2":{"start":{"line":3,"column":4},"end":{"line":3,"column":15}},"3":{"start":{"line":6,"column":24},"end":{"line":6,"column":31}},"4":{"start":{"line":7,"column":28},"end":{"line":7,"column":30}},"5":{"start":{"line":8,"column":29},"end":{"line":8,"column":31}},"6":{"start":{"line":10,"column":2},"end":{"line":16,"column":3}},"7":{"start":{"line":10,"column":15},"end":{"line":10,"column":16}},"8":{"start":{"line":11,"column":4},"end":{"line":15,"column":5}},"9":{"start":{"line":12,"column":6},"end":{"line":12,"column":28}},"10":{"start":{"line":14,"column":6},"end":{"line":14,"column":29}},"11":{"start":{"line":18,"column":2},"end":{"line":18,"column":64}}},"fnMap":{"0":{"name":"(anonymous_0)","decl":{"start":{"line":1,"column":25},"end":{"line":1,"column":26}},"loc":{"start":{"line":1,"column":54},"end":{"line":19,"column":1}},"line":1}},"branchMap":{"0":{"loc":{"start":{"line":2,"column":2},"end":{"line":4,"column":3}},"type":"if","locations":[{"start":{"line":2,"column":2},"end":{"line":4,"column":3}},{"start":{},"end":{}}],"line":2},"1":{"loc":{"start":{"line":11,"column":4},"end":{"line":15,"column":5}},"type":"if","locations":[{"start":{"line":11,"column":4},"end":{"line":15,"column":5}},{"start":{"line":13,"column":11},"end":{"line":15,"column":5}}],"line":11}},"s":{"0":6,"1":474,"2":254,"3":220,"4":220,"5":220,"6":220,"7":220,"8":897,"9":523,"10":374,"11":220},"f":{"0":474},"b":{"0":[254,220],"1":[523,374]},"_coverageSchema":"1a1c01bbd47fc00a2c39e90264f33305004495a9","hash":"db368f7a3ed1c4f2524cb246273e8589b6749397"}
,"D:\\testDev\\typescript\\videos\\Udemy\\react-native-c5\\src\\utils\\separateData.ts": {"path":"D:\\testDev\\typescript\\videos\\Udemy\\react-native-c5\\src\\utils\\separateData.ts","statementMap":{"0":{"start":{"line":5,"column":2},"end":{"line":5,"column":53}},"1":{"start":{"line":8,"column":22},"end":{"line":16,"column":1}},"2":{"start":{"line":9,"column":29},"end":{"line":9,"column":31}},"3":{"start":{"line":10,"column":2},"end":{"line":14,"column":5}},"4":{"start":{"line":11,"column":4},"end":{"line":13,"column":5}},"5":{"start":{"line":12,"column":6},"end":{"line":12,"column":40}},"6":{"start":{"line":15,"column":2},"end":{"line":15,"column":18}},"7":{"start":{"line":18,"column":28},"end":{"line":44,"column":1}},"8":{"start":{"line":19,"column":39},"end":{"line":19,"column":41}},"9":{"start":{"line":20,"column":23},"end":{"line":20,"column":52}},"10":{"start":{"line":21,"column":2},"end":{"line":42,"column":5}},"11":{"start":{"line":22,"column":19},"end":{"line":22,"column":52}},"12":{"start":{"line":22,"column":37},"end":{"line":22,"column":51}},"13":{"start":{"line":23,"column":18},"end":{"line":23,"column":54}},"14":{"start":{"line":24,"column":4},"end":{"line":41,"column":7}},"15":{"start":{"line":43,"column":2},"end":{"line":43,"column":18}}},"fnMap":{"0":{"name":"getRandomValueFromArray","decl":{"start":{"line":4,"column":16},"end":{"line":4,"column":39}},"loc":{"start":{"line":4,"column":53},"end":{"line":6,"column":1}},"line":4},"1":{"name":"(anonymous_1)","decl":{"start":{"line":8,"column":22},"end":{"line":8,"column":23}},"loc":{"start":{"line":8,"column":55},"end":{"line":16,"column":1}},"line":8},"2":{"name":"(anonymous_2)","decl":{"start":{"line":10,"column":14},"end":{"line":10,"column":15}},"loc":{"start":{"line":10,"column":24},"end":{"line":14,"column":3}},"line":10},"3":{"name":"(anonymous_3)","decl":{"start":{"line":18,"column":28},"end":{"line":18,"column":29}},"loc":{"start":{"line":18,"column":79},"end":{"line":44,"column":1}},"line":18},"4":{"name":"(anonymous_4)","decl":{"start":{"line":21,"column":23},"end":{"line":21,"column":24}},"loc":{"start":{"line":21,"column":38},"end":{"line":42,"column":3}},"line":21},"5":{"name":"(anonymous_5)","decl":{"start":{"line":22,"column":30},"end":{"line":22,"column":31}},"loc":{"start":{"line":22,"column":37},"end":{"line":22,"column":51}},"line":22}},"branchMap":{"0":{"loc":{"start":{"line":11,"column":4},"end":{"line":13,"column":5}},"type":"if","locations":[{"start":{"line":11,"column":4},"end":{"line":13,"column":5}},{"start":{},"end":{}}],"line":11}},"s":{"0":37,"1":7,"2":8,"3":8,"4":248,"5":37,"6":8,"7":7,"8":8,"9":8,"10":8,"11":37,"12":1231,"13":37,"14":37,"15":8},"f":{"0":37,"1":8,"2":248,"3":8,"4":37,"5":1231},"b":{"0":[37,211]},"_coverageSchema":"1a1c01bbd47fc00a2c39e90264f33305004495a9","hash":"7801acb526f9978225eb80c8ac3983f836ea43b6"}
}
