TN:
SF:src\charts\index.ts
FNF:0
FNH:0
LF:0
LH:0
BRF:0
BRH:0
end_of_record
TN:
SF:src\charts\BarChart\index.tsx
FN:27,(anonymous_0)
FN:33,(anonymous_1)
FN:75,(anonymous_2)
FN:96,(anonymous_3)
FN:140,(anonymous_4)
FN:147,(anonymous_5)
FN:162,(anonymous_6)
FN:185,(anonymous_7)
FNF:8
FNH:6
FNDA:0,(anonymous_0)
FNDA:2,(anonymous_1)
FNDA:2,(anonymous_2)
FNDA:14,(anonymous_3)
FNDA:0,(anonymous_4)
FNDA:2,(anonymous_5)
FNDA:14,(anonymous_6)
FNDA:2,(anonymous_7)
DA:20,3
DA:21,3
DA:22,3
DA:24,3
DA:28,0
DA:29,0
DA:39,2
DA:44,2
DA:49,2
DA:50,2
DA:91,2
DA:92,2
DA:93,2
DA:94,2
DA:96,2
DA:97,14
DA:99,14
DA:101,14
DA:103,14
DA:104,14
DA:111,14
DA:115,14
DA:140,0
DA:152,2
DA:153,2
DA:154,2
DA:155,2
DA:156,2
DA:162,2
DA:163,14
DA:165,14
DA:167,14
DA:266,2
DA:268,2
DA:274,2
DA:277,2
LF:36
LH:33
BRDA:28,0,0,0
BRDA:28,0,1,0
BRDA:35,1,0,0
BRDA:36,2,0,0
BRDA:37,3,0,0
BRDA:38,4,0,0
BRDA:41,5,0,0
BRDA:42,6,0,0
BRDA:43,7,0,0
BRDA:46,8,0,0
BRDA:47,9,0,0
BRDA:48,10,0,0
BRDA:94,11,0,0
BRDA:111,12,0,14
BRDA:111,12,1,0
BRDA:117,13,0,14
BRDA:117,13,1,0
BRDA:136,14,0,0
BRDA:136,14,1,14
BRDA:138,15,0,14
BRDA:138,15,1,0
BRDA:188,16,0,2
BRDA:189,17,0,2
BRDA:190,18,0,2
BRDA:191,19,0,2
BRDA:192,20,0,2
BRDA:193,21,0,2
BRDA:194,22,0,2
BRDA:195,23,0,2
BRDA:196,24,0,2
BRDA:197,25,0,2
BRDA:198,26,0,2
BRDA:199,27,0,2
BRDA:200,28,0,2
BRDA:201,29,0,2
BRDA:202,30,0,2
BRDA:203,31,0,2
BRDA:204,32,0,2
BRDA:205,33,0,2
BRDA:206,34,0,2
BRDA:209,35,0,2
BRDA:210,36,0,2
BRDA:211,37,0,2
BRDA:212,38,0,0
BRDA:213,39,0,2
BRDA:229,40,0,2
BRDA:245,41,0,2
BRDA:252,42,0,2
BRDA:259,43,0,2
BRDA:260,44,0,2
BRDA:298,45,0,2
BRDA:298,45,1,2
BRDA:298,45,2,2
BRDA:298,45,3,2
BRDA:306,46,0,2
BRDA:306,46,1,2
BRDA:306,46,2,2
BRDA:306,46,3,2
BRDA:314,47,0,2
BRDA:314,47,1,2
BRDA:314,47,2,2
BRDA:317,48,0,2
BRDA:317,48,1,2
BRDA:317,48,2,2
BRDA:320,49,0,2
BRDA:320,49,1,2
BRDA:320,49,2,2
BRDA:323,50,0,2
BRDA:323,50,1,2
BRDA:323,50,2,2
BRDA:326,51,0,2
BRDA:326,51,1,2
BRDA:326,51,2,2
BRDA:329,52,0,2
BRDA:329,52,1,2
BRDA:329,52,2,2
BRDA:343,53,0,2
BRDA:343,53,1,2
BRDA:343,53,2,2
BRDA:343,53,3,2
BRF:80
BRH:62
end_of_record
TN:
SF:src\charts\BasicChart\index.tsx
FN:33,(anonymous_0)
FN:35,(anonymous_1)
FN:51,(anonymous_2)
FN:57,(anonymous_3)
FN:58,(anonymous_4)
FN:72,(anonymous_5)
FN:109,(anonymous_6)
FN:122,(anonymous_7)
FN:162,(anonymous_8)
FN:193,(anonymous_9)
FN:195,(anonymous_10)
FN:214,(anonymous_11)
FN:226,(anonymous_12)
FN:250,(anonymous_13)
FN:252,(anonymous_14)
FN:272,(anonymous_15)
FN:285,(anonymous_16)
FN:314,(anonymous_17)
FN:320,(anonymous_18)
FN:341,(anonymous_19)
FN:347,(anonymous_20)
FN:365,(anonymous_21)
FNF:22
FNH:21
FNDA:6,(anonymous_0)
FNDA:52,(anonymous_1)
FNDA:52,(anonymous_2)
FNDA:52,(anonymous_3)
FNDA:364,(anonymous_4)
FNDA:12,(anonymous_5)
FNDA:12,(anonymous_6)
FNDA:12,(anonymous_7)
FNDA:12,(anonymous_8)
FNDA:10,(anonymous_9)
FNDA:70,(anonymous_10)
FNDA:10,(anonymous_11)
FNDA:70,(anonymous_12)
FNDA:10,(anonymous_13)
FNDA:70,(anonymous_14)
FNDA:10,(anonymous_15)
FNDA:35,(anonymous_16)
FNDA:6,(anonymous_17)
FNDA:62,(anonymous_18)
FNDA:4,(anonymous_19)
FNDA:28,(anonymous_20)
FNDA:0,(anonymous_21)
DA:17,3
DA:23,6
DA:34,6
DA:35,52
DA:37,6
DA:38,6
DA:39,6
DA:40,6
DA:41,3
DA:43,6
DA:44,3
DA:46,6
DA:47,0
DA:52,52
DA:53,52
DA:54,52
DA:58,52
DA:59,364
DA:63,52
DA:65,52
DA:67,52
DA:68,52
DA:69,52
DA:73,12
DA:78,12
DA:83,12
DA:84,12
DA:110,12
DA:130,12
DA:170,12
DA:194,10
DA:195,10
DA:196,70
DA:198,70
DA:199,70
DA:218,10
DA:225,10
DA:226,10
DA:227,70
DA:228,70
DA:229,70
DA:251,10
DA:252,10
DA:254,70
DA:257,70
DA:276,10
DA:283,10
DA:284,10
DA:285,10
DA:287,35
DA:290,35
DA:291,35
DA:293,35
DA:319,6
DA:320,6
DA:322,62
DA:325,62
DA:346,4
DA:347,4
DA:348,28
DA:349,28
DA:414,0
DA:416,0
DA:421,0
DA:424,0
LF:65
LH:60
BRDA:26,0,0,6
BRDA:26,0,1,0
BRDA:40,1,0,3
BRDA:40,1,1,3
BRDA:40,2,0,6
BRDA:40,2,1,3
BRDA:43,3,0,3
BRDA:43,3,1,3
BRDA:43,4,0,6
BRDA:43,4,1,3
BRDA:46,5,0,0
BRDA:46,5,1,6
BRDA:46,6,0,6
BRDA:46,6,1,0
BRDA:59,7,0,52
BRDA:59,7,1,312
BRDA:220,8,0,0
BRDA:221,9,0,0
BRDA:222,10,0,0
BRDA:223,11,0,0
BRDA:224,12,0,0
BRDA:241,13,0,0
BRDA:241,13,1,70
BRDA:278,14,0,0
BRDA:279,15,0,0
BRDA:280,16,0,0
BRDA:281,17,0,0
BRDA:282,18,0,0
BRDA:305,19,0,0
BRDA:305,19,1,35
BRDA:367,20,0,0
BRDA:368,21,0,0
BRDA:369,22,0,0
BRDA:370,23,0,0
BRDA:371,24,0,0
BRDA:372,25,0,0
BRDA:373,26,0,0
BRDA:374,27,0,0
BRDA:375,28,0,0
BRDA:376,29,0,0
BRDA:377,30,0,0
BRDA:378,31,0,0
BRDA:379,32,0,0
BRDA:380,33,0,0
BRDA:381,34,0,0
BRDA:384,35,0,0
BRDA:400,36,0,0
BRDA:407,37,0,0
BRDA:445,38,0,0
BRDA:445,38,1,0
BRDA:445,38,2,0
BRDA:448,39,0,0
BRDA:448,39,1,0
BRDA:448,39,2,0
BRDA:451,40,0,0
BRDA:451,40,1,0
BRDA:451,40,2,0
BRDA:454,41,0,0
BRDA:454,41,1,0
BRDA:454,41,2,0
BRDA:457,42,0,0
BRDA:457,42,1,0
BRDA:457,42,2,0
BRDA:457,42,3,0
BRDA:465,43,0,0
BRDA:465,43,1,0
BRDA:465,43,2,0
BRDA:465,43,3,0
BRF:68
BRH:15
end_of_record
TN:
SF:src\charts\BoxPlot\index.tsx
FN:35,(anonymous_0)
FN:47,(anonymous_1)
FN:80,(anonymous_2)
FN:82,(anonymous_3)
FN:90,(anonymous_4)
FN:91,(anonymous_5)
FN:106,(anonymous_6)
FN:108,(anonymous_7)
FN:112,(anonymous_8)
FN:130,(anonymous_9)
FN:143,(anonymous_10)
FN:146,(anonymous_11)
FN:168,(anonymous_12)
FN:174,(anonymous_13)
FN:198,(anonymous_14)
FN:212,(anonymous_15)
FN:244,(anonymous_16)
FN:245,(anonymous_17)
FN:256,(anonymous_18)
FN:322,(anonymous_19)
FN:383,(anonymous_20)
FN:407,(anonymous_21)
FN:443,(anonymous_22)
FN:463,(anonymous_23)
FN:467,(anonymous_24)
FN:493,(anonymous_25)
FN:536,(anonymous_26)
FN:579,(anonymous_27)
FN:581,(anonymous_28)
FN:597,(anonymous_29)
FN:600,(anonymous_30)
FN:607,(anonymous_31)
FN:625,(anonymous_32)
FNF:33
FNH:30
FNDA:1,(anonymous_0)
FNDA:0,(anonymous_1)
FNDA:8,(anonymous_2)
FNDA:136,(anonymous_3)
FNDA:12,(anonymous_4)
FNDA:204,(anonymous_5)
FNDA:2,(anonymous_6)
FNDA:34,(anonymous_7)
FNDA:4,(anonymous_8)
FNDA:2,(anonymous_9)
FNDA:34,(anonymous_10)
FNDA:4,(anonymous_11)
FNDA:2,(anonymous_12)
FNDA:17,(anonymous_13)
FNDA:2,(anonymous_14)
FNDA:17,(anonymous_15)
FNDA:8,(anonymous_16)
FNDA:64,(anonymous_17)
FNDA:4,(anonymous_18)
FNDA:0,(anonymous_19)
FNDA:4,(anonymous_20)
FNDA:68,(anonymous_21)
FNDA:2,(anonymous_22)
FNDA:34,(anonymous_23)
FNDA:4,(anonymous_24)
FNDA:2,(anonymous_25)
FNDA:0,(anonymous_26)
FNDA:2,(anonymous_27)
FNDA:34,(anonymous_28)
FNDA:4,(anonymous_29)
FNDA:68,(anonymous_30)
FNDA:2,(anonymous_31)
FNDA:2,(anonymous_32)
DA:32,3
DA:40,1
DA:41,1
DA:42,1
DA:43,1
DA:44,1
DA:61,0
DA:62,0
DA:76,0
DA:81,8
DA:82,136
DA:84,8
DA:85,8
DA:86,8
DA:87,8
DA:91,12
DA:92,204
DA:97,12
DA:99,12
DA:100,12
DA:101,12
DA:102,12
DA:103,12
DA:107,2
DA:108,34
DA:110,2
DA:111,2
DA:112,2
DA:113,4
DA:114,4
DA:115,4
DA:134,2
DA:141,2
DA:142,2
DA:143,34
DA:145,2
DA:146,2
DA:147,4
DA:148,4
DA:149,4
DA:173,2
DA:174,2
DA:175,17
DA:177,9
DA:180,9
DA:193,8
DA:203,2
DA:210,2
DA:211,2
DA:212,2
DA:213,17
DA:215,9
DA:218,9
DA:219,9
DA:220,9
DA:239,8
DA:245,64
DA:246,8
DA:247,8
DA:248,8
DA:249,8
DA:250,8
DA:251,8
DA:252,8
DA:253,8
DA:288,4
DA:289,4
DA:290,4
DA:291,4
DA:292,4
DA:294,4
DA:296,4
DA:298,4
DA:299,4
DA:300,0
DA:302,4
DA:303,4
DA:306,4
DA:323,0
DA:405,4
DA:407,4
DA:408,68
DA:409,32
DA:412,4
DA:413,4
DA:461,2
DA:462,2
DA:463,34
DA:465,2
DA:467,2
DA:468,4
DA:469,4
DA:500,2
DA:505,2
DA:510,2
DA:511,2
DA:543,0
DA:548,0
DA:553,0
DA:554,0
DA:580,2
DA:581,34
DA:583,2
DA:584,2
DA:589,2
DA:596,2
DA:597,2
DA:598,4
DA:599,4
DA:600,4
DA:601,68
DA:602,32
DA:606,4
DA:607,4
DA:608,2
DA:609,2
DA:733,2
DA:735,2
DA:741,2
DA:744,2
LF:120
LH:111
BRDA:61,0,0,0
BRDA:61,0,1,0
BRDA:92,1,0,180
BRDA:92,1,1,24
BRDA:136,2,0,0
BRDA:137,3,0,0
BRDA:138,4,0,0
BRDA:139,5,0,0
BRDA:140,6,0,0
BRDA:161,7,0,0
BRDA:161,7,1,4
BRDA:175,8,0,9
BRDA:175,8,1,8
BRDA:205,9,0,0
BRDA:206,10,0,0
BRDA:207,11,0,0
BRDA:208,12,0,0
BRDA:209,13,0,0
BRDA:213,14,0,9
BRDA:213,14,1,8
BRDA:232,15,0,0
BRDA:232,15,1,9
BRDA:299,16,0,0
BRDA:299,16,1,4
BRDA:302,17,0,4
BRDA:302,17,1,0
BRDA:302,18,0,4
BRDA:302,18,1,4
BRDA:316,19,0,4
BRDA:316,19,1,0
BRDA:317,20,0,0
BRDA:317,20,1,4
BRDA:408,21,0,32
BRDA:408,21,1,36
BRDA:495,22,0,0
BRDA:496,23,0,0
BRDA:497,24,0,0
BRDA:498,25,0,0
BRDA:499,26,0,0
BRDA:502,27,0,0
BRDA:503,28,0,0
BRDA:504,29,0,0
BRDA:507,30,0,0
BRDA:508,31,0,0
BRDA:509,32,0,0
BRDA:538,33,0,0
BRDA:539,34,0,0
BRDA:540,35,0,0
BRDA:541,36,0,0
BRDA:542,37,0,0
BRDA:545,38,0,0
BRDA:546,39,0,0
BRDA:547,40,0,0
BRDA:550,41,0,0
BRDA:551,42,0,0
BRDA:552,43,0,0
BRDA:591,44,0,0
BRDA:592,45,0,0
BRDA:593,46,0,0
BRDA:594,47,0,0
BRDA:595,48,0,0
BRDA:601,49,0,32
BRDA:601,49,1,36
BRDA:628,50,0,2
BRDA:629,51,0,2
BRDA:630,52,0,2
BRDA:631,53,0,2
BRDA:632,54,0,2
BRDA:633,55,0,2
BRDA:634,56,0,2
BRDA:635,57,0,2
BRDA:636,58,0,2
BRDA:637,59,0,2
BRDA:638,60,0,2
BRDA:639,61,0,2
BRDA:640,62,0,2
BRDA:641,63,0,2
BRDA:642,64,0,2
BRDA:643,65,0,2
BRDA:644,66,0,2
BRDA:646,67,0,2
BRDA:647,68,0,2
BRDA:648,69,0,2
BRDA:649,70,0,2
BRDA:652,71,0,2
BRDA:653,72,0,2
BRDA:654,73,0,2
BRDA:655,74,0,2
BRDA:656,75,0,2
BRDA:657,76,0,2
BRDA:658,77,0,2
BRDA:659,78,0,2
BRDA:660,79,0,2
BRDA:661,80,0,2
BRDA:662,81,0,2
BRDA:679,82,0,2
BRDA:696,83,0,2
BRDA:712,84,0,2
BRDA:719,85,0,2
BRDA:726,86,0,2
BRDA:748,87,0,2
BRDA:748,87,1,2
BRDA:766,88,0,2
BRDA:766,88,1,2
BRDA:766,88,2,2
BRDA:766,88,3,2
BRDA:774,89,0,2
BRDA:774,89,1,2
BRDA:774,89,2,2
BRDA:774,89,3,0
BRDA:782,90,0,2
BRDA:782,90,1,2
BRDA:782,90,2,2
BRDA:785,91,0,2
BRDA:785,91,1,2
BRDA:785,91,2,2
BRDA:788,92,0,2
BRDA:788,92,1,2
BRDA:788,92,2,2
BRDA:795,93,0,2
BRDA:795,93,1,2
BRDA:795,93,2,2
BRDA:802,94,0,2
BRDA:802,94,1,2
BRDA:802,94,2,2
BRDA:802,94,3,2
BRDA:806,95,0,2
BRDA:806,95,1,2
BRDA:806,95,2,2
BRDA:806,95,3,2
BRDA:806,95,4,0
BRDA:811,96,0,2
BRDA:811,96,1,2
BRDA:811,96,2,2
BRDA:831,97,0,2
BRDA:831,97,1,2
BRDA:831,97,2,2
BRF:137
BRH:90
end_of_record
TN:
SF:src\charts\LineChart\index.tsx
FN:20,(anonymous_0)
FN:26,(anonymous_1)
FN:43,(anonymous_2)
FN:68,(anonymous_3)
FN:81,(anonymous_4)
FN:102,(anonymous_5)
FN:120,(anonymous_6)
FN:135,(anonymous_7)
FN:176,(anonymous_8)
FN:188,(anonymous_9)
FN:216,(anonymous_10)
FNF:11
FNH:8
FNDA:0,(anonymous_0)
FNDA:8,(anonymous_1)
FNDA:8,(anonymous_2)
FNDA:56,(anonymous_3)
FNDA:0,(anonymous_4)
FNDA:0,(anonymous_5)
FNDA:16,(anonymous_6)
FNDA:112,(anonymous_7)
FNDA:8,(anonymous_8)
FNDA:8,(anonymous_9)
FNDA:8,(anonymous_10)
DA:17,3
DA:21,0
DA:22,0
DA:27,8
DA:52,8
DA:57,8
DA:66,8
DA:68,8
DA:69,56
DA:70,56
DA:71,56
DA:72,56
DA:81,0
DA:102,0
DA:121,16
DA:126,16
DA:127,16
DA:128,16
DA:129,16
DA:130,16
DA:131,16
DA:132,16
DA:133,16
DA:135,16
DA:136,112
DA:138,112
DA:140,112
DA:141,16
DA:142,16
DA:145,112
DA:146,84
DA:147,12
DA:148,12
DA:149,12
DA:150,12
DA:151,12
DA:153,72
DA:154,72
DA:155,72
DA:160,72
DA:161,72
DA:164,28
DA:165,4
DA:166,4
DA:167,4
DA:169,24
DA:173,16
DA:177,8
DA:178,8
DA:189,8
DA:190,8
DA:191,8
DA:192,8
DA:195,8
DA:197,8
DA:199,8
DA:213,8
DA:285,8
DA:287,8
DA:293,8
DA:297,8
LF:61
LH:57
BRDA:21,0,0,0
BRDA:21,0,1,0
BRDA:59,1,0,2
BRDA:60,2,0,2
BRDA:61,3,0,2
BRDA:62,4,0,4
BRDA:63,5,0,2
BRDA:64,6,0,2
BRDA:65,7,0,4
BRDA:83,8,0,42
BRDA:83,8,1,14
BRDA:140,9,0,16
BRDA:140,9,1,96
BRDA:145,10,0,84
BRDA:145,10,1,28
BRDA:146,11,0,12
BRDA:146,11,1,72
BRDA:164,12,0,4
BRDA:164,12,1,24
BRDA:219,13,0,2
BRDA:220,14,0,2
BRDA:221,15,0,8
BRDA:222,16,0,8
BRDA:223,17,0,8
BRDA:224,18,0,8
BRDA:225,19,0,8
BRDA:226,20,0,8
BRDA:227,21,0,8
BRDA:228,22,0,8
BRDA:229,23,0,8
BRDA:230,24,0,8
BRDA:231,25,0,6
BRDA:232,26,0,8
BRDA:233,27,0,6
BRDA:234,28,0,8
BRDA:235,29,0,8
BRDA:236,30,0,8
BRDA:237,31,0,8
BRDA:238,32,0,8
BRDA:239,33,0,4
BRDA:240,34,0,8
BRDA:241,35,0,8
BRDA:242,36,0,4
BRDA:243,37,0,8
BRDA:246,38,0,8
BRDA:262,39,0,8
BRDA:269,40,0,8
BRDA:276,41,0,4
BRDA:301,42,0,8
BRDA:301,42,1,8
BRDA:303,43,0,8
BRDA:303,43,1,8
BRDA:303,43,2,8
BRDA:303,43,3,8
BRDA:323,44,0,8
BRDA:323,44,1,8
BRDA:323,44,2,8
BRDA:326,45,0,8
BRDA:326,45,1,8
BRDA:326,45,2,8
BRDA:329,46,0,8
BRDA:329,46,1,8
BRDA:329,46,2,8
BRDA:332,47,0,8
BRDA:332,47,1,8
BRDA:332,47,2,8
BRDA:335,48,0,8
BRDA:335,48,1,8
BRDA:335,48,2,8
BRDA:335,48,3,2
BRDA:343,49,0,8
BRDA:343,49,1,8
BRDA:343,49,2,8
BRDA:343,49,3,2
BRDA:351,50,0,8
BRDA:351,50,1,8
BRDA:351,50,2,8
BRDA:362,51,0,8
BRDA:362,51,1,8
BRDA:362,51,2,8
BRDA:365,52,0,8
BRDA:365,52,1,8
BRDA:365,52,2,8
BRDA:365,52,3,8
BRF:84
BRH:82
end_of_record
TN:
SF:src\helpers\index.ts
FN:1,(anonymous_0)
FN:1,(anonymous_1)
FN:3,(anonymous_2)
FN:4,(anonymous_3)
FN:13,(anonymous_4)
FN:13,(anonymous_5)
FN:15,(anonymous_6)
FN:16,(anonymous_7)
FN:18,(anonymous_8)
FN:19,(anonymous_9)
FN:21,(anonymous_10)
FN:23,(anonymous_11)
FN:27,(anonymous_12)
FN:35,(anonymous_13)
FN:56,(anonymous_14)
FN:60,(anonymous_15)
FN:65,(anonymous_16)
FN:71,(anonymous_17)
FN:73,(anonymous_18)
FN:78,(anonymous_19)
FN:80,(anonymous_20)
FN:85,(anonymous_21)
FN:87,(anonymous_22)
FNF:23
FNH:23
FNDA:164,(anonymous_0)
FNDA:2478,(anonymous_1)
FNDA:2,(anonymous_2)
FNDA:16,(anonymous_3)
FNDA:2,(anonymous_4)
FNDA:16,(anonymous_5)
FNDA:2,(anonymous_6)
FNDA:16,(anonymous_7)
FNDA:3,(anonymous_8)
FNDA:19,(anonymous_9)
FNDA:1,(anonymous_10)
FNDA:1,(anonymous_11)
FNDA:10,(anonymous_12)
FNDA:153,(anonymous_13)
FNDA:38,(anonymous_14)
FNDA:28,(anonymous_15)
FNDA:223,(anonymous_16)
FNDA:10,(anonymous_17)
FNDA:78,(anonymous_18)
FNDA:9,(anonymous_19)
FNDA:73,(anonymous_20)
FNDA:18,(anonymous_21)
FNDA:290,(anonymous_22)
DA:1,2478
DA:3,4
DA:4,2
DA:5,16
DA:6,1
DA:7,15
DA:8,13
DA:10,2
DA:13,16
DA:15,4
DA:16,16
DA:18,4
DA:19,19
DA:21,4
DA:23,4
DA:24,1
DA:27,4
DA:28,10
DA:29,10
DA:30,10
DA:35,4
DA:36,153
DA:37,153
DA:38,153
DA:39,69
DA:42,84
DA:43,84
DA:44,42
DA:45,8
DA:48,42
DA:49,6
DA:53,70
DA:56,4
DA:57,38
DA:60,4
DA:61,28
DA:62,28
DA:63,28
DA:64,28
DA:65,28
DA:66,223
DA:68,28
DA:71,4
DA:72,10
DA:73,10
DA:74,78
DA:78,4
DA:79,9
DA:80,9
DA:81,73
DA:85,4
DA:86,18
DA:87,18
DA:88,290
DA:89,167
DA:90,167
DA:93,18
LF:57
LH:57
BRDA:5,0,0,1
BRDA:5,0,1,15
BRDA:7,1,0,13
BRDA:7,1,1,2
BRDA:16,2,0,14
BRDA:16,2,1,2
BRDA:19,3,0,2
BRDA:19,3,1,17
BRDA:30,4,0,9
BRDA:30,4,1,1
BRDA:38,5,0,69
BRDA:38,5,1,84
BRDA:42,6,0,42
BRDA:42,6,1,42
BRDA:43,7,0,42
BRDA:43,7,1,42
BRDA:44,8,0,8
BRDA:44,8,1,34
BRDA:44,9,0,42
BRDA:44,9,1,42
BRDA:48,10,0,6
BRDA:48,10,1,36
BRDA:48,11,0,42
BRDA:48,11,1,40
BRDA:66,12,0,21
BRDA:66,12,1,202
BRDA:66,13,0,223
BRDA:66,13,1,206
BRDA:74,14,0,8
BRDA:74,14,1,70
BRDA:74,15,0,43
BRDA:74,15,1,27
BRDA:81,16,0,7
BRDA:81,16,1,66
BRDA:81,17,0,53
BRDA:81,17,1,13
BRDA:88,18,0,167
BRDA:88,18,1,123
BRDA:88,19,0,290
BRDA:88,19,1,175
BRDA:88,19,2,167
BRF:41
BRH:41
end_of_record
TN:
SF:src\testData\data.ts
FNF:0
FNH:0
DA:1,3
DA:11,3
LF:2
LH:2
BRF:0
BRH:0
end_of_record
TN:
SF:src\utils\index.ts
FNF:0
FNH:0
LF:0
LH:0
BRF:0
BRH:0
end_of_record
TN:
SF:src\utils\newShade.ts
FN:1,(anonymous_0)
FNF:1
FNH:1
FNDA:18,(anonymous_0)
DA:1,5
DA:2,18
DA:3,18
DA:4,17
DA:5,17
DA:6,17
DA:7,17
DA:8,17
DA:9,17
DA:10,17
DA:11,17
DA:12,17
DA:13,17
DA:14,17
DA:16,1
LF:15
LH:15
BRDA:3,0,0,17
BRDA:3,0,1,1
BRDA:6,1,0,17
BRDA:6,1,1,1
BRDA:7,2,0,17
BRDA:7,2,1,0
BRDA:8,3,0,17
BRDA:8,3,1,17
BRDA:9,4,0,17
BRDA:9,4,1,17
BRDA:10,5,0,17
BRDA:10,5,1,0
BRDA:12,6,0,17
BRDA:12,6,1,2
BRDA:13,7,0,17
BRDA:13,7,1,0
BRF:16
BRH:13
end_of_record
TN:
SF:src\utils\quickSort.ts
FN:1,(anonymous_0)
FNF:1
FNH:1
FNDA:77,(anonymous_0)
DA:1,5
DA:2,77
DA:3,42
DA:6,35
DA:7,35
DA:8,35
DA:10,35
DA:11,134
DA:12,82
DA:14,52
DA:18,35
LF:11
LH:11
BRDA:2,0,0,42
BRDA:2,0,1,35
BRDA:11,1,0,82
BRDA:11,1,1,52
BRF:4
BRH:4
end_of_record
