TN:
SF:src\charts\index.ts
FNF:0
FNH:0
LF:0
LH:0
BRF:0
BRH:0
end_of_record
TN:
SF:src\charts\BarChart\index.tsx
FN:27,(anonymous_0)
FN:33,(anonymous_1)
FN:75,(anonymous_2)
FN:96,(anonymous_3)
FN:141,(anonymous_4)
FN:148,(anonymous_5)
FN:163,(anonymous_6)
FN:186,(anonymous_7)
FNF:8
FNH:6
FNDA:0,(anonymous_0)
FNDA:2,(anonymous_1)
FNDA:2,(anonymous_2)
FNDA:14,(anonymous_3)
FNDA:0,(anonymous_4)
FNDA:2,(anonymous_5)
FNDA:14,(anonymous_6)
FNDA:2,(anonymous_7)
DA:20,3
DA:21,3
DA:22,3
DA:24,3
DA:28,0
DA:29,0
DA:39,2
DA:44,2
DA:49,2
DA:50,2
DA:91,2
DA:92,2
DA:93,2
DA:94,2
DA:96,2
DA:97,14
DA:99,14
DA:101,14
DA:103,14
DA:104,14
DA:111,14
DA:115,14
DA:141,0
DA:153,2
DA:154,2
DA:155,2
DA:156,2
DA:157,2
DA:163,2
DA:164,14
DA:166,14
DA:168,14
DA:267,2
DA:269,2
DA:275,2
DA:278,2
LF:36
LH:33
BRDA:28,0,0,0
BRDA:28,0,1,0
BRDA:35,1,0,0
BRDA:36,2,0,0
BRDA:37,3,0,0
BRDA:38,4,0,0
BRDA:41,5,0,0
BRDA:42,6,0,0
BRDA:43,7,0,0
BRDA:46,8,0,0
BRDA:47,9,0,0
BRDA:48,10,0,0
BRDA:94,11,0,0
BRDA:111,12,0,14
BRDA:111,12,1,0
BRDA:117,13,0,14
BRDA:117,13,1,0
BRDA:137,14,0,0
BRDA:137,14,1,14
BRDA:139,15,0,14
BRDA:139,15,1,0
BRDA:189,16,0,2
BRDA:190,17,0,2
BRDA:191,18,0,2
BRDA:192,19,0,2
BRDA:193,20,0,2
BRDA:194,21,0,2
BRDA:195,22,0,2
BRDA:196,23,0,2
BRDA:197,24,0,2
BRDA:198,25,0,2
BRDA:199,26,0,2
BRDA:200,27,0,2
BRDA:201,28,0,2
BRDA:202,29,0,2
BRDA:203,30,0,2
BRDA:204,31,0,2
BRDA:205,32,0,2
BRDA:206,33,0,2
BRDA:207,34,0,2
BRDA:210,35,0,2
BRDA:211,36,0,2
BRDA:212,37,0,2
BRDA:213,38,0,0
BRDA:214,39,0,2
BRDA:230,40,0,2
BRDA:246,41,0,2
BRDA:253,42,0,2
BRDA:260,43,0,2
BRDA:261,44,0,2
BRDA:299,45,0,2
BRDA:299,45,1,2
BRDA:299,45,2,2
BRDA:299,45,3,2
BRDA:307,46,0,2
BRDA:307,46,1,2
BRDA:307,46,2,2
BRDA:307,46,3,2
BRDA:315,47,0,2
BRDA:315,47,1,2
BRDA:315,47,2,2
BRDA:318,48,0,2
BRDA:318,48,1,2
BRDA:318,48,2,2
BRDA:321,49,0,2
BRDA:321,49,1,2
BRDA:321,49,2,2
BRDA:324,50,0,2
BRDA:324,50,1,2
BRDA:324,50,2,2
BRDA:327,51,0,2
BRDA:327,51,1,2
BRDA:327,51,2,2
BRDA:330,52,0,2
BRDA:330,52,1,2
BRDA:330,52,2,2
BRDA:344,53,0,2
BRDA:344,53,1,2
BRDA:344,53,2,2
BRDA:344,53,3,2
BRF:80
BRH:62
end_of_record
TN:
SF:src\charts\BasicChart\index.tsx
FN:33,(anonymous_0)
FN:35,(anonymous_1)
FN:51,(anonymous_2)
FN:57,(anonymous_3)
FN:58,(anonymous_4)
FN:72,(anonymous_5)
FN:109,(anonymous_6)
FN:122,(anonymous_7)
FN:162,(anonymous_8)
FN:193,(anonymous_9)
FN:195,(anonymous_10)
FN:214,(anonymous_11)
FN:226,(anonymous_12)
FN:250,(anonymous_13)
FN:252,(anonymous_14)
FN:272,(anonymous_15)
FN:285,(anonymous_16)
FN:314,(anonymous_17)
FN:320,(anonymous_18)
FN:341,(anonymous_19)
FN:347,(anonymous_20)
FN:365,(anonymous_21)
FNF:22
FNH:21
FNDA:22,(anonymous_0)
FNDA:274,(anonymous_1)
FNDA:102,(anonymous_2)
FNDA:102,(anonymous_3)
FNDA:714,(anonymous_4)
FNDA:44,(anonymous_5)
FNDA:44,(anonymous_6)
FNDA:44,(anonymous_7)
FNDA:44,(anonymous_8)
FNDA:20,(anonymous_9)
FNDA:140,(anonymous_10)
FNDA:20,(anonymous_11)
FNDA:140,(anonymous_12)
FNDA:20,(anonymous_13)
FNDA:140,(anonymous_14)
FNDA:20,(anonymous_15)
FNDA:70,(anonymous_16)
FNDA:28,(anonymous_17)
FNDA:436,(anonymous_18)
FNDA:6,(anonymous_19)
FNDA:62,(anonymous_20)
FNDA:0,(anonymous_21)
DA:17,3
DA:23,22
DA:34,22
DA:35,274
DA:37,22
DA:38,22
DA:39,22
DA:40,22
DA:41,8
DA:43,22
DA:44,8
DA:46,22
DA:47,2
DA:52,102
DA:53,102
DA:54,102
DA:58,102
DA:59,714
DA:63,102
DA:65,102
DA:67,102
DA:68,102
DA:69,102
DA:73,44
DA:78,44
DA:83,44
DA:84,44
DA:110,44
DA:130,44
DA:170,44
DA:194,20
DA:195,20
DA:196,140
DA:198,140
DA:199,140
DA:218,20
DA:225,20
DA:226,20
DA:227,140
DA:228,140
DA:229,140
DA:251,20
DA:252,20
DA:254,140
DA:257,140
DA:276,20
DA:283,20
DA:284,20
DA:285,20
DA:287,70
DA:290,70
DA:291,70
DA:293,70
DA:319,28
DA:320,28
DA:322,436
DA:325,436
DA:346,6
DA:347,6
DA:348,62
DA:349,62
DA:414,0
DA:416,0
DA:421,0
DA:424,0
LF:65
LH:61
BRDA:26,0,0,22
BRDA:26,0,1,0
BRDA:40,1,0,8
BRDA:40,1,1,14
BRDA:40,2,0,22
BRDA:40,2,1,8
BRDA:43,3,0,8
BRDA:43,3,1,14
BRDA:43,4,0,22
BRDA:43,4,1,8
BRDA:46,5,0,2
BRDA:46,5,1,20
BRDA:46,6,0,22
BRDA:46,6,1,2
BRDA:59,7,0,102
BRDA:59,7,1,612
BRDA:220,8,0,2
BRDA:221,9,0,2
BRDA:222,10,0,4
BRDA:223,11,0,4
BRDA:224,12,0,4
BRDA:241,13,0,28
BRDA:241,13,1,112
BRDA:278,14,0,2
BRDA:279,15,0,2
BRDA:280,16,0,4
BRDA:281,17,0,4
BRDA:282,18,0,4
BRDA:305,19,0,14
BRDA:305,19,1,56
BRDA:367,20,0,0
BRDA:368,21,0,0
BRDA:369,22,0,0
BRDA:370,23,0,0
BRDA:371,24,0,0
BRDA:372,25,0,0
BRDA:373,26,0,0
BRDA:374,27,0,0
BRDA:375,28,0,0
BRDA:376,29,0,0
BRDA:377,30,0,0
BRDA:378,31,0,0
BRDA:379,32,0,0
BRDA:380,33,0,0
BRDA:381,34,0,0
BRDA:384,35,0,0
BRDA:400,36,0,0
BRDA:407,37,0,0
BRDA:445,38,0,0
BRDA:445,38,1,0
BRDA:445,38,2,0
BRDA:448,39,0,0
BRDA:448,39,1,0
BRDA:448,39,2,0
BRDA:451,40,0,0
BRDA:451,40,1,0
BRDA:451,40,2,0
BRDA:454,41,0,0
BRDA:454,41,1,0
BRDA:454,41,2,0
BRDA:457,42,0,0
BRDA:457,42,1,0
BRDA:457,42,2,0
BRDA:457,42,3,0
BRDA:465,43,0,0
BRDA:465,43,1,0
BRDA:465,43,2,0
BRDA:465,43,3,0
BRF:68
BRH:29
end_of_record
TN:
SF:src\charts\BoxPlot\index.tsx
FN:35,(anonymous_0)
FN:47,(anonymous_1)
FN:80,(anonymous_2)
FN:82,(anonymous_3)
FN:90,(anonymous_4)
FN:91,(anonymous_5)
FN:106,(anonymous_6)
FN:108,(anonymous_7)
FN:112,(anonymous_8)
FN:130,(anonymous_9)
FN:143,(anonymous_10)
FN:146,(anonymous_11)
FN:168,(anonymous_12)
FN:174,(anonymous_13)
FN:198,(anonymous_14)
FN:212,(anonymous_15)
FN:244,(anonymous_16)
FN:245,(anonymous_17)
FN:256,(anonymous_18)
FN:323,(anonymous_19)
FN:384,(anonymous_20)
FN:408,(anonymous_21)
FN:444,(anonymous_22)
FN:464,(anonymous_23)
FN:468,(anonymous_24)
FN:494,(anonymous_25)
FN:537,(anonymous_26)
FN:580,(anonymous_27)
FN:582,(anonymous_28)
FN:598,(anonymous_29)
FN:601,(anonymous_30)
FN:608,(anonymous_31)
FN:626,(anonymous_32)
FNF:33
FNH:33
FNDA:12,(anonymous_0)
FNDA:2,(anonymous_1)
FNDA:98,(anonymous_2)
FNDA:1666,(anonymous_3)
FNDA:144,(anonymous_4)
FNDA:2448,(anonymous_5)
FNDA:24,(anonymous_6)
FNDA:408,(anonymous_7)
FNDA:48,(anonymous_8)
FNDA:24,(anonymous_9)
FNDA:408,(anonymous_10)
FNDA:48,(anonymous_11)
FNDA:24,(anonymous_12)
FNDA:204,(anonymous_13)
FNDA:24,(anonymous_14)
FNDA:204,(anonymous_15)
FNDA:96,(anonymous_16)
FNDA:768,(anonymous_17)
FNDA:48,(anonymous_18)
FNDA:2,(anonymous_19)
FNDA:48,(anonymous_20)
FNDA:816,(anonymous_21)
FNDA:24,(anonymous_22)
FNDA:408,(anonymous_23)
FNDA:48,(anonymous_24)
FNDA:22,(anonymous_25)
FNDA:6,(anonymous_26)
FNDA:24,(anonymous_27)
FNDA:408,(anonymous_28)
FNDA:48,(anonymous_29)
FNDA:816,(anonymous_30)
FNDA:24,(anonymous_31)
FNDA:24,(anonymous_32)
DA:32,3
DA:40,12
DA:41,12
DA:42,12
DA:43,12
DA:44,12
DA:61,2
DA:62,1
DA:76,1
DA:81,98
DA:82,1666
DA:84,98
DA:85,98
DA:86,98
DA:87,98
DA:91,144
DA:92,2448
DA:97,144
DA:99,144
DA:100,144
DA:101,144
DA:102,144
DA:103,144
DA:107,24
DA:108,408
DA:110,24
DA:111,24
DA:112,24
DA:113,48
DA:114,48
DA:115,48
DA:134,24
DA:141,24
DA:142,24
DA:143,408
DA:145,24
DA:146,24
DA:147,48
DA:148,48
DA:149,48
DA:173,24
DA:174,24
DA:175,204
DA:177,108
DA:180,108
DA:193,96
DA:203,24
DA:210,24
DA:211,24
DA:212,24
DA:213,204
DA:215,108
DA:218,108
DA:219,108
DA:220,108
DA:239,96
DA:245,768
DA:246,96
DA:247,96
DA:248,96
DA:249,96
DA:250,96
DA:251,96
DA:252,96
DA:253,96
DA:288,48
DA:289,48
DA:290,48
DA:291,48
DA:292,48
DA:294,48
DA:296,48
DA:298,48
DA:299,48
DA:300,12
DA:302,48
DA:303,36
DA:306,48
DA:324,2
DA:406,48
DA:408,48
DA:409,816
DA:410,384
DA:413,48
DA:414,48
DA:462,24
DA:463,24
DA:464,408
DA:466,24
DA:468,24
DA:469,48
DA:470,48
DA:501,22
DA:506,22
DA:511,22
DA:512,22
DA:544,6
DA:549,6
DA:554,6
DA:555,6
DA:581,24
DA:582,408
DA:584,24
DA:585,24
DA:590,24
DA:597,24
DA:598,24
DA:599,48
DA:600,48
DA:601,48
DA:602,816
DA:603,384
DA:607,48
DA:608,48
DA:609,24
DA:610,24
DA:734,24
DA:736,24
DA:742,24
DA:745,24
LF:120
LH:120
BRDA:61,0,0,1
BRDA:61,0,1,1
BRDA:92,1,0,2160
BRDA:92,1,1,288
BRDA:136,2,0,2
BRDA:137,3,0,2
BRDA:138,4,0,4
BRDA:139,5,0,4
BRDA:140,6,0,4
BRDA:161,7,0,4
BRDA:161,7,1,44
BRDA:175,8,0,108
BRDA:175,8,1,96
BRDA:205,9,0,2
BRDA:206,10,0,2
BRDA:207,11,0,4
BRDA:208,12,0,4
BRDA:209,13,0,4
BRDA:213,14,0,108
BRDA:213,14,1,96
BRDA:232,15,0,9
BRDA:232,15,1,99
BRDA:299,16,0,12
BRDA:299,16,1,36
BRDA:302,17,0,36
BRDA:302,17,1,12
BRDA:302,18,0,48
BRDA:302,18,1,48
BRDA:317,19,0,44
BRDA:317,19,1,4
BRDA:318,20,0,6
BRDA:318,20,1,38
BRDA:409,21,0,384
BRDA:409,21,1,432
BRDA:496,22,0,2
BRDA:497,23,0,4
BRDA:498,24,0,2
BRDA:499,25,0,4
BRDA:500,26,0,4
BRDA:503,27,0,4
BRDA:504,28,0,2
BRDA:505,29,0,2
BRDA:508,30,0,4
BRDA:509,31,0,2
BRDA:510,32,0,2
BRDA:539,33,0,2
BRDA:540,34,0,4
BRDA:541,35,0,2
BRDA:542,36,0,4
BRDA:543,37,0,4
BRDA:546,38,0,4
BRDA:547,39,0,2
BRDA:548,40,0,2
BRDA:551,41,0,4
BRDA:552,42,0,2
BRDA:553,43,0,2
BRDA:592,44,0,2
BRDA:593,45,0,4
BRDA:594,46,0,4
BRDA:595,47,0,2
BRDA:596,48,0,4
BRDA:602,49,0,384
BRDA:602,49,1,432
BRDA:629,50,0,24
BRDA:630,51,0,24
BRDA:631,52,0,24
BRDA:632,53,0,24
BRDA:633,54,0,24
BRDA:634,55,0,24
BRDA:635,56,0,24
BRDA:636,57,0,24
BRDA:637,58,0,24
BRDA:638,59,0,24
BRDA:639,60,0,24
BRDA:640,61,0,24
BRDA:641,62,0,24
BRDA:642,63,0,24
BRDA:643,64,0,22
BRDA:644,65,0,24
BRDA:645,66,0,24
BRDA:647,67,0,24
BRDA:648,68,0,24
BRDA:649,69,0,24
BRDA:650,70,0,22
BRDA:653,71,0,24
BRDA:654,72,0,24
BRDA:655,73,0,24
BRDA:656,74,0,24
BRDA:657,75,0,24
BRDA:658,76,0,24
BRDA:659,77,0,24
BRDA:660,78,0,24
BRDA:661,79,0,24
BRDA:662,80,0,24
BRDA:663,81,0,20
BRDA:680,82,0,20
BRDA:697,83,0,24
BRDA:713,84,0,20
BRDA:720,85,0,20
BRDA:727,86,0,20
BRDA:749,87,0,24
BRDA:749,87,1,24
BRDA:767,88,0,24
BRDA:767,88,1,24
BRDA:767,88,2,24
BRDA:767,88,3,24
BRDA:775,89,0,24
BRDA:775,89,1,24
BRDA:775,89,2,24
BRDA:775,89,3,2
BRDA:783,90,0,24
BRDA:783,90,1,24
BRDA:783,90,2,24
BRDA:786,91,0,24
BRDA:786,91,1,24
BRDA:786,91,2,24
BRDA:789,92,0,24
BRDA:789,92,1,24
BRDA:789,92,2,24
BRDA:796,93,0,24
BRDA:796,93,1,24
BRDA:796,93,2,24
BRDA:803,94,0,24
BRDA:803,94,1,24
BRDA:803,94,2,24
BRDA:803,94,3,22
BRDA:807,95,0,24
BRDA:807,95,1,24
BRDA:807,95,2,24
BRDA:807,95,3,22
BRDA:807,95,4,6
BRDA:812,96,0,24
BRDA:812,96,1,24
BRDA:812,96,2,24
BRDA:832,97,0,24
BRDA:832,97,1,24
BRDA:832,97,2,24
BRF:137
BRH:137
end_of_record
TN:
SF:src\charts\LineChart\index.tsx
FN:20,(anonymous_0)
FN:26,(anonymous_1)
FN:43,(anonymous_2)
FN:68,(anonymous_3)
FN:82,(anonymous_4)
FN:104,(anonymous_5)
FN:122,(anonymous_6)
FN:137,(anonymous_7)
FN:178,(anonymous_8)
FN:190,(anonymous_9)
FN:218,(anonymous_10)
FNF:11
FNH:11
FNDA:2,(anonymous_0)
FNDA:18,(anonymous_1)
FNDA:18,(anonymous_2)
FNDA:126,(anonymous_3)
FNDA:1,(anonymous_4)
FNDA:1,(anonymous_5)
FNDA:36,(anonymous_6)
FNDA:252,(anonymous_7)
FNDA:18,(anonymous_8)
FNDA:18,(anonymous_9)
FNDA:18,(anonymous_10)
DA:17,3
DA:21,2
DA:22,2
DA:27,18
DA:52,18
DA:57,18
DA:66,18
DA:68,18
DA:69,126
DA:70,126
DA:71,126
DA:72,126
DA:82,1
DA:104,1
DA:123,36
DA:128,36
DA:129,36
DA:130,36
DA:131,36
DA:132,36
DA:133,36
DA:134,36
DA:135,36
DA:137,36
DA:138,252
DA:140,252
DA:142,252
DA:143,36
DA:144,36
DA:147,252
DA:148,224
DA:149,32
DA:150,32
DA:151,32
DA:152,32
DA:153,32
DA:155,192
DA:156,192
DA:157,192
DA:162,192
DA:163,192
DA:166,28
DA:167,4
DA:168,4
DA:169,4
DA:171,24
DA:175,36
DA:179,18
DA:180,18
DA:191,18
DA:192,18
DA:193,18
DA:194,18
DA:197,18
DA:199,18
DA:201,18
DA:215,18
DA:287,18
DA:289,18
DA:295,18
DA:299,18
LF:61
LH:61
BRDA:21,0,0,2
BRDA:21,0,1,0
BRDA:59,1,0,8
BRDA:60,2,0,8
BRDA:61,3,0,8
BRDA:62,4,0,10
BRDA:63,5,0,8
BRDA:64,6,0,2
BRDA:65,7,0,10
BRDA:84,8,0,112
BRDA:84,8,1,14
BRDA:142,9,0,36
BRDA:142,9,1,216
BRDA:147,10,0,224
BRDA:147,10,1,28
BRDA:148,11,0,32
BRDA:148,11,1,192
BRDA:166,12,0,4
BRDA:166,12,1,24
BRDA:221,13,0,2
BRDA:222,14,0,2
BRDA:223,15,0,18
BRDA:224,16,0,18
BRDA:225,17,0,18
BRDA:226,18,0,18
BRDA:227,19,0,18
BRDA:228,20,0,16
BRDA:229,21,0,18
BRDA:230,22,0,18
BRDA:231,23,0,18
BRDA:232,24,0,18
BRDA:233,25,0,16
BRDA:234,26,0,18
BRDA:235,27,0,16
BRDA:236,28,0,18
BRDA:237,29,0,18
BRDA:238,30,0,18
BRDA:239,31,0,18
BRDA:240,32,0,18
BRDA:241,33,0,14
BRDA:242,34,0,18
BRDA:243,35,0,18
BRDA:244,36,0,14
BRDA:245,37,0,18
BRDA:248,38,0,18
BRDA:264,39,0,14
BRDA:271,40,0,14
BRDA:278,41,0,8
BRDA:303,42,0,18
BRDA:303,42,1,18
BRDA:305,43,0,18
BRDA:305,43,1,18
BRDA:305,43,2,18
BRDA:305,43,3,18
BRDA:325,44,0,18
BRDA:325,44,1,18
BRDA:325,44,2,18
BRDA:328,45,0,18
BRDA:328,45,1,18
BRDA:328,45,2,18
BRDA:331,46,0,18
BRDA:331,46,1,18
BRDA:331,46,2,18
BRDA:334,47,0,18
BRDA:334,47,1,18
BRDA:334,47,2,18
BRDA:337,48,0,18
BRDA:337,48,1,18
BRDA:337,48,2,18
BRDA:337,48,3,2
BRDA:345,49,0,18
BRDA:345,49,1,18
BRDA:345,49,2,18
BRDA:345,49,3,2
BRDA:353,50,0,18
BRDA:353,50,1,18
BRDA:353,50,2,18
BRDA:364,51,0,18
BRDA:364,51,1,18
BRDA:364,51,2,18
BRDA:367,52,0,18
BRDA:367,52,1,18
BRDA:367,52,2,18
BRDA:367,52,3,18
BRF:84
BRH:83
end_of_record
TN:
SF:src\charts\MultiLine\index.tsx
FN:19,(anonymous_0)
FN:84,(anonymous_1)
FN:90,(anonymous_2)
FN:99,(anonymous_3)
FN:100,(anonymous_4)
FN:107,(anonymous_5)
FN:115,(anonymous_6)
FN:118,(anonymous_7)
FN:129,(anonymous_8)
FN:142,(anonymous_9)
FN:175,(anonymous_10)
FN:199,(anonymous_11)
FN:201,(anonymous_12)
FN:219,(anonymous_13)
FN:220,(anonymous_14)
FN:252,(anonymous_15)
FN:254,(anonymous_16)
FN:271,(anonymous_17)
FN:282,(anonymous_18)
FN:285,(anonymous_19)
FN:312,(anonymous_20)
FN:314,(anonymous_21)
FN:332,(anonymous_22)
FN:334,(anonymous_23)
FN:352,(anonymous_24)
FN:358,(anonymous_25)
FN:395,(anonymous_26)
FN:398,(anonymous_27)
FN:399,(anonymous_28)
FN:402,(anonymous_29)
FN:403,(anonymous_30)
FN:413,(anonymous_31)
FN:429,(anonymous_32)
FN:436,(anonymous_33)
FN:439,(anonymous_34)
FN:440,(anonymous_35)
FN:443,(anonymous_36)
FN:445,(anonymous_37)
FN:464,(anonymous_38)
FN:472,(anonymous_39)
FN:488,(anonymous_40)
FN:500,(anonymous_41)
FN:509,(anonymous_42)
FN:520,(anonymous_43)
FN:523,(anonymous_44)
FN:554,(anonymous_45)
FNF:46
FNH:43
FNDA:11,(anonymous_0)
FNDA:0,(anonymous_1)
FNDA:193,(anonymous_2)
FNDA:635,(anonymous_3)
FNDA:4445,(anonymous_4)
FNDA:127,(anonymous_5)
FNDA:635,(anonymous_6)
FNDA:635,(anonymous_7)
FNDA:11,(anonymous_8)
FNDA:11,(anonymous_9)
FNDA:11,(anonymous_10)
FNDA:11,(anonymous_11)
FNDA:77,(anonymous_12)
FNDA:11,(anonymous_13)
FNDA:77,(anonymous_14)
FNDA:11,(anonymous_15)
FNDA:77,(anonymous_16)
FNDA:11,(anonymous_17)
FNDA:77,(anonymous_18)
FNDA:77,(anonymous_19)
FNDA:11,(anonymous_20)
FNDA:77,(anonymous_21)
FNDA:11,(anonymous_22)
FNDA:77,(anonymous_23)
FNDA:94,(anonymous_24)
FNDA:658,(anonymous_25)
FNDA:11,(anonymous_26)
FNDA:3,(anonymous_27)
FNDA:15,(anonymous_28)
FNDA:52,(anonymous_29)
FNDA:364,(anonymous_30)
FNDA:0,(anonymous_31)
FNDA:0,(anonymous_32)
FNDA:9,(anonymous_33)
FNDA:3,(anonymous_34)
FNDA:15,(anonymous_35)
FNDA:42,(anonymous_36)
FNDA:294,(anonymous_37)
FNDA:9,(anonymous_38)
FNDA:45,(anonymous_39)
FNDA:1,(anonymous_40)
FNDA:2,(anonymous_41)
FNDA:1,(anonymous_42)
FNDA:4,(anonymous_43)
FNDA:1,(anonymous_44)
FNDA:55,(anonymous_45)
DA:17,4
DA:19,4
DA:20,11
DA:82,11
DA:84,11
DA:85,0
DA:86,0
DA:90,11
DA:91,193
DA:92,193
DA:93,193
DA:99,11
DA:100,635
DA:101,4445
DA:107,11
DA:108,127
DA:114,127
DA:115,127
DA:116,635
DA:118,127
DA:119,635
DA:121,127
DA:122,127
DA:123,127
DA:124,127
DA:125,127
DA:126,127
DA:129,11
DA:130,11
DA:142,11
DA:143,11
DA:175,11
DA:176,11
DA:199,11
DA:200,11
DA:201,11
DA:202,77
DA:203,77
DA:204,77
DA:219,11
DA:220,11
DA:221,77
DA:228,77
DA:229,77
DA:230,77
DA:232,77
DA:252,11
DA:253,11
DA:254,11
DA:255,77
DA:256,77
DA:271,11
DA:272,11
DA:279,11
DA:280,11
DA:282,77
DA:283,11
DA:285,11
DA:286,77
DA:287,77
DA:288,77
DA:290,77
DA:312,11
DA:313,11
DA:314,11
DA:315,77
DA:316,77
DA:332,11
DA:333,11
DA:334,11
DA:335,77
DA:336,77
DA:352,11
DA:353,94
DA:354,94
DA:355,94
DA:356,94
DA:357,94
DA:358,94
DA:359,658
DA:361,658
DA:362,658
DA:363,0
DA:365,658
DA:366,70
DA:367,10
DA:368,10
DA:369,10
DA:371,60
DA:372,60
DA:373,60
DA:380,60
DA:381,60
DA:384,588
DA:385,84
DA:387,504
DA:392,94
DA:395,11
DA:396,11
DA:397,11
DA:398,3
DA:399,15
DA:402,11
DA:403,364
DA:404,52
DA:405,52
DA:406,15
DA:413,0
DA:417,37
DA:429,0
DA:436,11
DA:437,9
DA:438,9
DA:439,3
DA:440,15
DA:443,9
DA:444,42
DA:445,294
DA:446,42
DA:447,42
DA:450,42
DA:459,0
DA:464,11
DA:465,9
DA:466,9
DA:467,9
DA:468,9
DA:469,9
DA:470,9
DA:472,9
DA:473,45
DA:474,45
DA:475,0
DA:476,0
DA:478,45
DA:479,45
DA:488,1
DA:500,2
DA:509,1
DA:520,11
DA:521,4
DA:522,1
DA:523,1
DA:524,1
DA:525,1
DA:527,3
DA:531,11
DA:537,11
DA:541,11
DA:548,11
DA:555,55
DA:556,55
DA:579,0
LF:153
LH:144
BRDA:23,0,0,0
BRDA:26,1,0,8
BRDA:27,2,0,8
BRDA:28,3,0,8
BRDA:30,4,0,11
BRDA:31,5,0,11
BRDA:32,6,0,11
BRDA:33,7,0,11
BRDA:34,8,0,11
BRDA:35,9,0,11
BRDA:36,10,0,11
BRDA:37,11,0,11
BRDA:38,12,0,11
BRDA:39,13,0,11
BRDA:40,14,0,11
BRDA:41,15,0,11
BRDA:42,16,0,11
BRDA:43,17,0,11
BRDA:44,18,0,11
BRDA:45,19,0,11
BRDA:46,20,0,11
BRDA:47,21,0,11
BRDA:50,22,0,1
BRDA:51,23,0,11
BRDA:68,24,0,10
BRDA:75,25,0,10
BRDA:85,26,0,0
BRDA:85,26,1,0
BRDA:101,27,0,1778
BRDA:101,27,1,2667
BRDA:119,28,0,254
BRDA:119,28,1,381
BRDA:223,29,0,0
BRDA:224,30,0,7
BRDA:225,31,0,7
BRDA:226,32,0,7
BRDA:227,33,0,7
BRDA:244,34,0,7
BRDA:244,34,1,70
BRDA:274,35,0,0
BRDA:275,36,0,1
BRDA:276,37,0,1
BRDA:277,38,0,1
BRDA:278,39,0,1
BRDA:303,40,0,7
BRDA:303,40,1,70
BRDA:362,41,0,0
BRDA:362,41,1,658
BRDA:365,42,0,70
BRDA:365,42,1,588
BRDA:366,43,0,10
BRDA:366,43,1,60
BRDA:384,44,0,84
BRDA:384,44,1,504
BRDA:397,45,0,3
BRDA:397,45,1,8
BRDA:405,46,0,15
BRDA:405,46,1,37
BRDA:438,47,0,3
BRDA:438,47,1,6
BRDA:444,48,0,42
BRDA:444,48,1,0
BRDA:474,49,0,0
BRDA:474,49,1,45
BRDA:487,50,0,3
BRDA:487,50,1,42
BRDA:507,51,0,3
BRDA:507,51,1,42
BRDA:511,52,0,27
BRDA:511,52,1,18
BRDA:521,53,0,1
BRDA:521,53,1,3
BRDA:552,54,0,11
BRDA:552,54,1,11
BRDA:552,54,2,11
BRDA:555,55,0,55
BRDA:555,55,1,0
BRDA:603,56,0,11
BRDA:603,56,1,11
BRDA:606,57,0,11
BRDA:606,57,1,11
BRDA:606,57,2,11
BRDA:607,58,0,11
BRDA:607,58,1,11
BRDA:607,58,2,11
BRDA:608,59,0,11
BRDA:608,59,1,11
BRDA:608,59,2,11
BRDA:609,60,0,11
BRDA:609,60,1,11
BRDA:609,60,2,11
BRDA:610,61,0,11
BRDA:610,61,1,11
BRDA:610,61,2,11
BRDA:610,61,3,9
BRDA:611,62,0,11
BRDA:611,62,1,11
BRDA:611,62,2,11
BRDA:611,62,3,11
BRDA:615,63,0,11
BRDA:615,63,1,11
BRDA:615,63,2,11
BRDA:615,63,3,11
BRDA:619,64,0,11
BRDA:619,64,1,11
BRDA:619,64,2,11
BRDA:621,65,0,9
BRDA:621,65,1,2
BRDA:636,66,0,9
BRDA:636,66,1,9
BRDA:636,66,2,9
BRF:111
BRH:102
end_of_record
TN:
SF:src\helpers\index.ts
FN:1,(anonymous_0)
FN:1,(anonymous_1)
FN:3,(anonymous_2)
FN:4,(anonymous_3)
FN:13,(anonymous_4)
FN:13,(anonymous_5)
FN:15,(anonymous_6)
FN:16,(anonymous_7)
FN:18,(anonymous_8)
FN:19,(anonymous_9)
FN:21,(anonymous_10)
FN:23,(anonymous_11)
FN:27,(anonymous_12)
FN:35,(anonymous_13)
FN:56,(anonymous_14)
FN:60,(anonymous_15)
FN:65,(anonymous_16)
FN:71,(anonymous_17)
FN:73,(anonymous_18)
FN:78,(anonymous_19)
FN:80,(anonymous_20)
FN:85,(anonymous_21)
FN:87,(anonymous_22)
FNF:23
FNH:23
FNDA:1696,(anonymous_0)
FNDA:27504,(anonymous_1)
FNDA:2,(anonymous_2)
FNDA:16,(anonymous_3)
FNDA:2,(anonymous_4)
FNDA:16,(anonymous_5)
FNDA:2,(anonymous_6)
FNDA:16,(anonymous_7)
FNDA:3,(anonymous_8)
FNDA:19,(anonymous_9)
FNDA:1,(anonymous_10)
FNDA:1,(anonymous_11)
FNDA:98,(anonymous_12)
FNDA:1597,(anonymous_13)
FNDA:402,(anonymous_14)
FNDA:292,(anonymous_15)
FNDA:2335,(anonymous_16)
FNDA:98,(anonymous_17)
FNDA:782,(anonymous_18)
FNDA:97,(anonymous_19)
FNDA:777,(anonymous_20)
FNDA:196,(anonymous_21)
FNDA:3316,(anonymous_22)
DA:1,27504
DA:3,4
DA:4,2
DA:5,16
DA:6,1
DA:7,15
DA:8,13
DA:10,2
DA:13,16
DA:15,4
DA:16,16
DA:18,4
DA:19,19
DA:21,4
DA:23,4
DA:24,1
DA:27,4
DA:28,98
DA:29,98
DA:30,98
DA:35,4
DA:36,1597
DA:37,1597
DA:38,1597
DA:39,791
DA:42,806
DA:43,806
DA:44,400
DA:45,14
DA:48,406
DA:49,18
DA:53,774
DA:56,4
DA:57,402
DA:60,4
DA:61,292
DA:62,292
DA:63,292
DA:64,292
DA:65,292
DA:66,2335
DA:68,292
DA:71,4
DA:72,98
DA:73,98
DA:74,782
DA:78,4
DA:79,97
DA:80,97
DA:81,777
DA:85,4
DA:86,196
DA:87,196
DA:88,3316
DA:89,1873
DA:90,1873
DA:93,196
LF:57
LH:57
BRDA:5,0,0,1
BRDA:5,0,1,15
BRDA:7,1,0,13
BRDA:7,1,1,2
BRDA:16,2,0,14
BRDA:16,2,1,2
BRDA:19,3,0,2
BRDA:19,3,1,17
BRDA:30,4,0,97
BRDA:30,4,1,1
BRDA:38,5,0,791
BRDA:38,5,1,806
BRDA:42,6,0,406
BRDA:42,6,1,400
BRDA:43,7,0,400
BRDA:43,7,1,406
BRDA:44,8,0,14
BRDA:44,8,1,386
BRDA:44,9,0,400
BRDA:44,9,1,400
BRDA:48,10,0,18
BRDA:48,10,1,388
BRDA:48,11,0,406
BRDA:48,11,1,404
BRDA:66,12,0,153
BRDA:66,12,1,2182
BRDA:66,13,0,2335
BRDA:66,13,1,2186
BRDA:74,14,0,52
BRDA:74,14,1,730
BRDA:74,15,0,483
BRDA:74,15,1,247
BRDA:81,16,0,51
BRDA:81,16,1,726
BRDA:81,17,0,581
BRDA:81,17,1,145
BRDA:88,18,0,1873
BRDA:88,18,1,1443
BRDA:88,19,0,3316
BRDA:88,19,1,1969
BRDA:88,19,2,1873
BRF:41
BRH:41
end_of_record
TN:
SF:src\testData\data.ts
FNF:0
FNH:0
DA:1,5
DA:11,5
DA:32,5
DA:50,5
LF:4
LH:4
BRF:0
BRH:0
end_of_record
TN:
SF:src\utils\index.ts
FNF:0
FNH:0
LF:0
LH:0
BRF:0
BRH:0
end_of_record
TN:
SF:src\utils\newShade.ts
FN:1,(anonymous_0)
FNF:1
FNH:1
FNDA:55,(anonymous_0)
DA:1,7
DA:2,55
DA:3,55
DA:4,54
DA:5,54
DA:6,54
DA:7,54
DA:8,54
DA:9,54
DA:10,54
DA:11,54
DA:12,54
DA:13,54
DA:14,54
DA:16,1
LF:15
LH:15
BRDA:3,0,0,54
BRDA:3,0,1,1
BRDA:6,1,0,54
BRDA:6,1,1,1
BRDA:7,2,0,54
BRDA:7,2,1,0
BRDA:8,3,0,54
BRDA:8,3,1,54
BRDA:9,4,0,54
BRDA:9,4,1,54
BRDA:10,5,0,54
BRDA:10,5,1,0
BRDA:12,6,0,54
BRDA:12,6,1,2
BRDA:13,7,0,54
BRDA:13,7,1,0
BRF:16
BRH:13
end_of_record
TN:
SF:src\utils\quickSort.ts
FN:1,(anonymous_0)
FNF:1
FNH:1
FNDA:474,(anonymous_0)
DA:1,6
DA:2,474
DA:3,254
DA:6,220
DA:7,220
DA:8,220
DA:10,220
DA:11,897
DA:12,523
DA:14,374
DA:18,220
LF:11
LH:11
BRDA:2,0,0,254
BRDA:2,0,1,220
BRDA:11,1,0,523
BRDA:11,1,1,374
BRF:4
BRH:4
end_of_record
TN:
SF:src\utils\separateData.ts
FN:4,getRandomValueFromArray
FN:8,(anonymous_1)
FN:10,(anonymous_2)
FN:18,(anonymous_3)
FN:21,(anonymous_4)
FN:22,(anonymous_5)
FNF:6
FNH:6
FNDA:37,getRandomValueFromArray
FNDA:8,(anonymous_1)
FNDA:248,(anonymous_2)
FNDA:8,(anonymous_3)
FNDA:37,(anonymous_4)
FNDA:1231,(anonymous_5)
DA:5,37
DA:8,7
DA:9,8
DA:10,8
DA:11,248
DA:12,37
DA:15,8
DA:18,7
DA:19,8
DA:20,8
DA:21,8
DA:22,1231
DA:23,37
DA:24,37
DA:43,8
LF:15
LH:15
BRDA:11,0,0,37
BRDA:11,0,1,211
BRF:2
BRH:2
end_of_record
